 2.12317992 1.27366483 1.32405269 0.67323745 0.48887112
 2.27001558 1.36803382 1.19626532 0.54327244 0.39646558
 1.58255263 1.04102238 1.28665525 0.91904102 0.22446528
 2.9734056  1.32605093 1.75347054 0.51266072 0.30623892
 2.09755216 1.41680209 1.013198   0.75534807 0.47386863
 2.13552671 1.49613411 1.89741062 0.79908335 0.35121146
 1.59435774 1.96796758 1.64136023 0.85275219 0.38911559
 1.80211987 1.24907628 1.62124654 0.86505012 0.29780981
 1.54644664 1.64669922 1.41338218 0.71096546 0.41794341
 2.83980515 1.55482293 1.43289107 0.64994978 0.21497116
 2.06152852 1.59863825 1.34766342 0.63823674 0.44156489
 1.7867734  1.13699595 1.07564142 0.61525667 0.37618905
 1.64234303 1.77404869 1.23441866 0.69739421 0.38413791
 2.45364063 1.31008739 1.57507477 0.59161517 0.20255896
 2.85413531 1.63643401 1.08498937 0.9438888  0.26632676
 1.92720383 1.09501479 1.05828857 0.96381943 0.44770425
 2.8909642  1.83651252 1.85503671 0.70315177 0.13935303
 2.91374779 1.89142611 1.02763212 0.66686894 0.1625683 
 2.66970864 1.39579914 1.50259999 0.5002717  0.12046566
 2.38863752 1.03448106 1.10067792 0.92941797 0.43273013
 2.03494113 1.87519712 1.96439984 0.60796232 0.14358359
 2.23899018 1.20985437 1.59333124 0.97717278 0.20974536
 1.91743856 1.19036373 1.16233314 0.78052772 0.23578093
 2.46246743 1.53756951 1.48504304 0.88103479 0.13065656
 2.8100561  1.73243687 1.21306302 0.68483744 0.32392805
 1.75731965 1.92244685 1.2582519  0.81515915 0.34415018
 2.16652286 1.14070881 1.72585807 0.73726263 0.36663909
 2.56957396 1.42463744 1.86648457 0.90022468 0.49306632
 1.88861676 1.47419353 1.90275218 0.53399152 0.31324594
 2.69833192 1.44474255 1.31996962 0.82907156 0.18005197
 1.50671961 1.60263458 1.45045683 0.80831151 0.23972818
 2.53722504 1.99673941 1.27668245 0.7774185  0.27645527
 1.83039579 1.34592667 1.98553685 0.84267502 0.15186084
 2.42467721 1.28244708 1.80239219 0.52290465 0.45253257
 1.68060006 1.22993048 1.38484861 0.74383381 0.41108089
 2.72052035 1.51864532 1.52226258 0.6597793  0.28770171
 2.78467164 1.7170601  1.79668311 0.62123046 0.32804424
 2.95977299 1.6600158  1.5490805  0.95696669 0.33703479
 2.73912399 1.57759507 1.46483558 0.89116232 0.19219895
 2.50688086 1.1771377  1.77154515 0.98235588 0.17668813
 1.66140207 1.11912441 1.69560549 0.83796171 0.42015061
 2.0086635  1.95569363 1.83937202 0.87360465 0.16677464
 2.62963435 1.79927291 1.95129979 0.57828671 0.24858621
 2.20881569 1.75557827 1.92316718 0.56307385 0.11223484
 1.72800944 1.9178192  1.12793923 0.93495848 0.26875695
 2.3109327  1.00380809 1.14266607 0.7250421  0.10500974
 1.96563029 1.06937515 1.36364606 0.99848994 0.47919553
 2.34282031 1.69555072 1.71424273 0.55157785 0.46278506
 2.58103605 1.84715833 1.60101334 0.76173152 0.35860266
 2.30430037 1.81572934 1.66273941 0.58666076 0.25450851
