#i, obs_GPP3d_cycle, obs_ER3d_cycle, obs_LE3d_cycle, obs_H3d_cycle, clm_GPP3d_cycle, clm_ER3d_cycle, clm_LE3d_cycle, clm_H3d_cyle, clm_FCTR3d_cycle, clm_FCEV3d_cycle, clm_FGEV3d_cycle, clm_Qstor3d_cycle, clm_Rnet3d_cycle
1, 3.30846, 2.78154, 29.0469, 8.87724, 2.82429, 2.81867, 27.6934, -1.66529, 14.4761, 10.298, 2.9193, -3.12759, 23.3017
2, 3.38861, 2.6953, 26.5526, -6.32715, 2.22693, 2.62767, 22.7934, 3.01153, 11.0664, 9.90644, 1.82059, -3.1647, 21.6242
3, 3.51826, 2.51479, 27.7522, 20.6491, 2.12094, 2.51097, 26.4658, 10.3778, 11.3001, 11.6422, 3.52346, -11.1752, 25.0033
4, 3.52342, 2.67082, 29.6263, 10.5048, 2.54069, 2.62285, 27.1338, 9.26002, 14.3282, 8.43, 4.37566, -10.5005, 26.9772
5, 3.36534, 2.80452, 28.9812, 9.91767, 2.74894, 2.68315, 28.5025, 4.4355, 14.9206, 8.41918, 5.16266, -7.66906, 25.8414
6, 3.52729, 2.64393, 27.2242, 18.3413, 2.81452, 2.78136, 27.8091, 1.06641, 15.2442, 8.35429, 4.21066, -3.1354, 25.8419
7, 3.43975, 2.46354, 29.312, 6.53618, 2.62927, 2.56831, 29.5443, 10.026, 15.3056, 9.17382, 5.06493, -9.80119, 28.5141
8, 2.88933, 2.51841, 28.1666, -1.10303, 2.50169, 2.54777, 29.4887, 11.1634, 14.7809, 9.77758, 4.93024, -10.1494, 30.3679
9, 3.68363, 2.34908, 31.2889, 13.9949, 2.54542, 2.39919, 28.9042, 13.3171, 14.6099, 9.92088, 4.37348, -11.5097, 30.76
10, 3.63968, 2.52791, 32.8784, 11.1738, 2.88523, 2.48622, 28.7328, 10.8565, 16.7457, 8.46723, 3.5198, -4.6751, 35.5475
11, 3.74053, 2.86514, 24.2243, -5.65439, 2.90279, 2.67765, 19.8367, -2.14614, 11.8531, 6.96135, 1.02225, 5.07051, 23.779
12, 3.51314, 2.72045, 35.0407, 13.5343, 3.41274, 2.88855, 25.9705, 6.51028, 17.4133, 8.67504, -0.117793, 10.6092, 43.6367
13, 3.36178, 2.72033, 29.3076, 9.99643, 3.27878, 2.91309, 24.3052, 4.75337, 16.5137, 5.07539, 2.71616, -0.214555, 28.6855
14, 3.81158, 2.55458, 30.0674, 13.3837, 2.57108, 2.82752, 28.5817, 8.86863, 14.9483, 8.59358, 5.03979, -6.89788, 28.914
15, 3.69867, 2.53261, 31.8114, 12.5206, 2.41452, 2.40191, 29.491, 10.4964, 13.8312, 10.5684, 5.09146, -6.24136, 32.9107
16, 2.88429, 2.40812, 22.9303, 21.1791, 2.12701, 2.21996, 22.8695, 10.8736, 11.147, 7.10849, 4.61394, -6.44036, 26.657
17, 3.01923, 2.36035, 23.5961, 17.7806, 2.31713, 2.23357, 23.3482, 11.6047, 11.3303, 9.70154, 2.31637, -2.33448, 33.0986
18, 3.16305, 2.15732, 31.2055, 11.428, 2.00393, 2.31156, 28.7012, 10.8034, 10.0373, 16.0108, 2.65314, -4.70301, 33.9195
19, 3.75889, 2.05317, 31.1881, 20.8952, 2.47331, 2.19322, 32.9724, 12.7233, 13.5359, 13.7725, 5.66396, -12.9539, 33.4073
20, 3.41299, 1.86486, 34.4288, 28.8688, 2.76287, 2.2626, 32.1327, 11.1333, 17.4861, 9.84563, 4.80101, -6.77841, 36.2638
21, 3.31886, 1.82363, 26.9995, 20.2907, 2.56632, 2.25389, 25.1448, 17.5874, 14.4368, 6.70511, 4.00291, -7.41701, 35.486
22, 3.09179, 1.89333, 24.6952, 14.2001, 1.75615, 2.03604, 16.9749, 15.1294, 8.46533, 6.54657, 1.96301, -7.57391, 23.5808
23, 3.43627, 1.73988, 29.4399, 30.5404, 2.17111, 2.1157, 25.0501, 19.9067, 11.2199, 10.9207, 2.90955, -5.8949, 39.7844
24, 2.8085, 1.69611, 28.2511, 21.9135, 2.31764, 2.24593, 32.6846, 18.1078, 12.7895, 15.0111, 4.88396, -8.42032, 42.2136
25, 2.84259, 1.48902, 24.7518, 32.7359, 2.27597, 2.07881, 32.0565, 6.43104, 15.397, 11.3036, 5.35585, -10.9599, 26.9034
26, 2.59352, 1.50096, 23.3997, 11.6164, 2.55816, 2.08057, 17.4285, 6.46012, 13.3237, 2.95633, 1.14845, 4.55798, 29.6238
27, 2.86083, 1.53862, 31.6449, 26.4365, 2.49476, 2.17113, 26.0618, 18.4509, 16.0204, 5.05169, 4.9898, 0.494148, 44.7374
28, 2.86039, 1.64771, 27.2078, 30.6577, 2.54143, 2.183, 28.1948, 18.1623, 17.08, 5.48566, 5.62914, -7.81758, 39.1917
29, 2.62166, 1.46442, 31.5427, 25.1926, 2.70828, 2.19364, 32.257, 21.3664, 17.5135, 9.06343, 5.68003, -7.60568, 45.5578
30, 2.92421, 1.54845, 29.6436, 20.8708, 2.98735, 2.40902, 32.4683, 10.4044, 18.3053, 8.98492, 5.17807, -3.44519, 40.0353
31, 3.01941, 1.39388, 31.6411, 35.4204, 2.91789, 2.28334, 40.1876, 18.28, 20.9491, 13.396, 5.84246, -4.75623, 52.9378
32, 3.23229, 1.73689, 29.5083, 25.5806, 3.6038, 2.47441, 31.0216, 5.40688, 22.7622, 4.60391, 3.65552, 4.81333, 43.1611
33, 2.80923, 1.98154, 32.332, 14.6128, 3.82041, 2.73983, 30.9073, 6.98276, 20.2829, 8.17644, 2.44791, 6.1921, 44.5465
34, 3.23282, 1.84249, 30.8551, 25.121, 3.07258, 2.59908, 34.2363, 10.665, 16.5373, 14.4841, 3.21489, 1.23772, 45.1377
35, 3.26582, 1.86108, 29.3481, 35.0477, 2.6123, 2.46117, 32.7238, 12.1725, 14.3976, 14.3533, 3.9729, -4.28328, 40.3721
36, 2.51566, 1.7644, 31.4354, 27.356, 2.74115, 2.47626, 36.7515, 14.7495, 16.709, 14.7036, 5.33885, -8.10927, 42.9092
37, 2.96345, 1.76922, 35.3429, 33.8792, 3.15988, 2.56028, 39.0471, 22.4493, 23.8016, 7.88275, 7.3627, -12.9624, 48.7463
38, 3.50771, 1.79564, 31.1304, 41.3812, 3.51198, 2.69129, 37.9604, 14.4594, 24.5263, 8.54877, 4.88532, 0.523576, 53.769
39, 3.43132, 1.86888, 37.825, 28.1249, 3.8461, 2.80523, 37.4047, 19.4265, 25.6895, 6.48544, 5.22974, -0.393913, 57.4231
40, 3.3581, 1.8841, 32.4602, 29.309, 3.39019, 2.69906, 36.0385, 18.5101, 22.7074, 7.15749, 6.17356, -6.06164, 47.6578
41, 3.42706, 1.88498, 34.9317, 33.3015, 2.85142, 2.46731, 38.2257, 27.9132, 21.9185, 8.43347, 7.87377, -10.9818, 53.8161
42, 3.34589, 1.7875, 28.764, 42.4913, 2.68007, 2.41689, 29.6301, 19.8901, 18.4433, 4.5596, 6.62721, -6.4174, 43.1153
43, 3.06973, 2.02273, 33.1735, 23.389, 3.5457, 2.78293, 41.2867, 9.26064, 27.5203, 7.79278, 5.97365, -1.34789, 50.3923
44, 3.09185, 2.09606, 34.604, 25.1946, 3.18688, 2.67942, 41.0969, 22.641, 22.5889, 11.9835, 6.52453, -3.99089, 59.3592
45, 3.16432, 2.04115, 35.6058, 19.1625, 3.17025, 2.51785, 41.1563, 25.9038, 21.2698, 11.8269, 8.05959, -10.2845, 56.7083
46, 4.03158, 1.95526, 36.4475, 39.6493, 3.50012, 2.70557, 39.3467, 25.9775, 24.2121, 8.99564, 6.13901, -3.49852, 61.7387
47, 3.52495, 2.01367, 38.6342, 34.8178, 3.41178, 2.5603, 33.2615, 25.8169, 21.2184, 7.12767, 4.91548, -1.68407, 57.0157
48, 3.5051, 2.17888, 37.8766, 30.1596, 3.5875, 2.62679, 33.491, 31.2522, 22.4046, 5.7015, 5.38493, -2.97564, 62.3348
49, 3.46331, 2.21981, 37.2322, 19.9427, 3.79221, 2.77914, 38.1439, 24.4283, 25.1375, 6.63898, 6.36746, -0.212652, 63.1465
50, 4.4116, 2.29822, 38.5548, 46.9465, 3.74281, 2.84226, 47.2332, 24.5923, 26.4815, 13.4638, 7.28796, -4.54107, 66.4733
51, 4.15557, 2.35694, 37.5233, 38.7029, 3.95737, 2.85749, 41.1944, 26.8006, 28.1877, 7.35795, 5.64872, 0.384175, 68.8007
52, 4.24979, 2.6594, 35.6947, 33.1654, 4.64229, 3.25009, 36.3295, 18.576, 27.8094, 4.0047, 4.51541, 4.97372, 61.5978
53, 3.43001, 2.65954, 33.773, 12.5519, 4.23492, 3.24293, 32, 4.05591, 21.8894, 8.98428, 1.12633, 11.9403, 47.6624
54, 3.98769, 2.44035, 35.3355, 36.7436, 3.98853, 3.20235, 34.8409, 22.3908, 22.8556, 8.04809, 3.93721, 2.67627, 59.364
55, 3.32434, 2.44431, 39.3768, 33.8504, 4.16721, 3.29137, 42.8986, 19.0682, 25.8298, 12.6749, 4.39391, -1.73303, 60.3286
56, 4.16243, 2.69029, 37.8859, 20.7388, 3.79935, 3.09187, 48.8217, 14.9449, 25.9675, 16.1279, 6.72636, -3.01598, 60.5027
57, 4.2888, 2.47472, 36.1338, 34.171, 3.41928, 2.83635, 36.7263, 30.9246, 22.9802, 6.24343, 7.50267, -6.74551, 60.6377
58, 4.37636, 2.4936, 43.3632, 33.5614, 4.21546, 3.07172, 44.8887, 33.0611, 30.1226, 7.60285, 7.16323, -3.34142, 75.0238
59, 4.78381, 2.56022, 41.6755, 35.9065, 4.14875, 3.13849, 40.969, 29.0413, 29.3393, 5.36027, 6.26942, 0.940297, 70.7501
60, 4.64146, 2.61313, 42.8932, 32.3531, 4.83836, 3.63983, 47.4677, 23.4182, 33.7578, 8.62184, 5.088, 6.91944, 79.3542
61, 4.7203, 2.721, 46.3192, 29.8128, 4.85301, 3.62902, 57.2418, 21.9945, 36.2683, 16.0995, 4.87392, 7.17243, 85.7973
62, 5.13032, 2.70461, 37.9268, 44.4163, 3.39969, 2.92161, 40.2299, 35.2137, 25.4714, 6.405, 8.35355, -8.73784, 64.3499
63, 4.7178, 2.52143, 41.417, 59.8191, 3.63928, 2.85023, 40.4992, 43.1744, 25.6011, 7.43825, 7.45991, -4.26684, 80.254
64, 4.08259, 2.50366, 38.6255, 35.1548, 4.03529, 3.05311, 44.1539, 30.6101, 28.4335, 8.96978, 6.75065, -2.15644, 72.7065
65, 4.57199, 2.40369, 42.3932, 34.5634, 4.0191, 3.0249, 40.2049, 40.3485, 26.7579, 7.34199, 6.10495, -0.28332, 80.5526
66, 4.66116, 2.60892, 45.6876, 36.0981, 5.44732, 3.69705, 52.7518, 29.7432, 39.6008, 6.50496, 6.64609, 5.03939, 90.2899
67, 4.82493, 2.77101, 47.9587, 39.7276, 5.95692, 4.19632, 62.879, 23.659, 43.5422, 12.72, 6.61682, 6.40374, 93.2568
68, 5.11938, 2.86523, 49.2655, 48.2614, 6.0427, 4.20388, 63.1724, 22.7935, 49.0619, 5.46727, 8.64319, 1.94611, 88.3919
69, 5.27235, 3.23375, 48.9523, 35.4377, 6.53816, 4.52641, 60.8746, 24.3334, 50.4529, 3.40124, 7.02046, 4.71519, 90.567
70, 5.40993, 3.23735, 56.7345, 55.6733, 6.89693, 4.95394, 64.3419, 28.2558, 53.802, 2.9338, 7.60615, 4.58508, 98.1286
71, 5.63501, 3.35458, 48.8646, 42.5073, 6.02074, 4.63597, 56.5563, 22.6964, 43.9836, 4.64589, 7.92686, 0.827434, 78.8076
72, 5.23589, 3.34912, 56.2456, 19.2895, 6.21433, 4.6352, 61.5204, 25.7031, 48.1951, 4.66471, 8.66061, 1.91215, 89.0267
73, 5.58593, 2.90416, 50.4393, 14.889, 5.38646, 4.40083, 50.7216, 17.7375, 36.8344, 7.76254, 6.12461, 1.4573, 69.4192
74, 5.34137, 3.00102, 59.714, 38.7379, 5.95536, 4.52622, 68.8705, 25.9258, 46.7285, 13.1572, 8.98483, -1.84746, 93.0196
75, 5.27455, 2.85638, 50.1736, 28.4809, 5.11367, 4.15436, 48.4176, 18.9494, 33.9971, 7.14782, 7.27264, -1.49075, 65.1348
76, 5.56424, 2.89112, 57.7411, 27.4247, 5.03835, 4.02521, 57.1014, 30.5407, 37.5147, 10.2981, 9.28856, -3.48078, 83.1378
77, 5.43362, 3.00334, 52.2591, 50.5115, 5.14639, 3.92168, 57.5676, 33.2805, 37.4967, 11.1509, 8.91998, -0.999483, 90.5176
78, 5.2963, 3.07659, 50.9154, 38.08, 6.0285, 4.37305, 59.2119, 28.7622, 44.5535, 5.46005, 9.19836, -0.025371, 89.2459
79, 5.50632, 2.96352, 58.1513, 38.691, 6.12555, 4.54894, 78.7055, 28.3788, 45.0486, 23.9233, 9.73355, 0.587393, 107.392
80, 6.17241, 2.88719, 54.4728, 38.7352, 5.82588, 4.26238, 64.6461, 29.5314, 41.9694, 14.6163, 8.06037, 0.510042, 94.1101
81, 6.01351, 3.08362, 57.1575, 47.5654, 6.61132, 4.66048, 72.5302, 33.3945, 51.5854, 11.0634, 9.8814, -0.0397109, 107.163
82, 5.98365, 3.10119, 60.2764, 45.4565, 6.01463, 4.48617, 61.1451, 38.721, 45.0539, 6.92619, 9.16495, -0.481139, 98.8884
83, 6.20226, 2.88188, 57.0294, 44.2401, 5.78904, 4.40396, 57.5061, 36.9036, 42.0527, 7.33182, 8.12157, 0.772261, 94.5123
84, 5.93066, 2.87647, 51.4743, 46.6016, 5.99609, 4.52639, 56.2793, 32.8978, 39.8597, 9.76244, 6.65715, 2.96041, 92.3333
85, 5.29206, 3.31103, 49.9468, 29.1783, 6.09146, 4.6945, 63.1763, 25.5634, 42.0591, 13.1018, 8.01539, 0.77688, 90.2615
86, 5.00994, 3.61682, 46.2061, 37.7747, 5.48569, 4.42636, 50.0951, 34.1738, 39.1252, 4.04846, 6.9214, -1.37671, 82.8379
87, 5.40797, 3.75129, 57.1218, 22.6955, 7.02425, 5.24432, 67.0654, 18.3124, 48.4253, 12.1746, 6.46556, 6.18382, 93.5672
88, 5.79032, 3.84798, 59.0045, 24.6153, 6.42921, 5.09094, 77.0889, 27.8621, 46.3476, 20.7292, 10.0121, -0.0735084, 103.257
89, 6.27047, 3.67376, 57.2581, 44.0289, 6.30536, 4.69439, 65.9287, 33.9596, 49.2121, 6.82407, 9.89255, -3.95106, 95.3376
90, 6.18395, 3.94151, 56.7398, 37.7623, 7.35964, 5.24084, 71.2756, 15.5254, 52.931, 10.5408, 7.80388, 5.92086, 95.446
91, 6.32573, 4.3663, 65.066, 21.7537, 7.86076, 5.89198, 81.598, 19.8124, 54.9798, 18.1565, 8.46164, 8.24482, 110.299
92, 6.4463, 4.49943, 67.7156, 29.916, 7.24271, 5.72465, 82.0133, 34.547, 60.8907, 9.6663, 11.4563, 2.45049, 118.358
93, 6.64124, 4.51549, 69.6056, 37.4646, 7.69844, 5.66936, 91.9925, 27.8309, 65.4353, 13.4019, 13.1555, 0.0434485, 120.396
94, 7.03008, 4.72239, 77.2317, 47.142, 8.3308, 6.24262, 100.869, 19.2454, 74.286, 14.0969, 12.486, 8.54989, 129.927
95, 6.59076, 4.59557, 65.9824, 42.4897, 6.94106, 5.71998, 82.7551, 32.9707, 61.7273, 8.17638, 12.8515, -1.02585, 112.284
96, 6.36997, 4.27241, 63.6064, 48.5865, 6.87617, 5.40108, 83.7775, 37.6449, 58.0949, 12.8118, 12.8708, -2.15444, 118.963
97, 6.47277, 4.08632, 64.8972, 49.9345, 6.93375, 5.37117, 82.9728, 21.8212, 56.4396, 13.7322, 12.801, 0.13592, 104.841
98, 6.84215, 4.32804, 70.3604, 20.7818, 7.34994, 5.74705, 81.4606, 31.3765, 56.0976, 13.3725, 11.9905, 1.08696, 114.407
99, 6.77189, 4.23861, 76.8134, 52.8497, 6.83179, 5.34018, 84.7435, 40.4302, 53.3148, 19.2163, 12.2124, -1.91927, 122.234
100, 7.56362, 4.44858, 82.5493, 56.2096, 8.22261, 5.87273, 96.8042, 38.4385, 72.5697, 11.3262, 12.9082, 2.09667, 139.854
101, 7.58863, 4.81936, 77.1783, 45.5615, 8.57748, 6.30615, 98.0142, 30.9211, 75.0526, 10.7935, 12.1681, 6.57129, 135.887
102, 7.81447, 4.89288, 66.1945, 41.8468, 7.80672, 6.13999, 81.8266, 25.3321, 62.9235, 8.0154, 10.8878, 3.97195, 110.597
103, 7.12077, 4.75709, 77.154, 25.5994, 8.24244, 6.0754, 97.324, 41.4777, 68.4115, 16.3076, 12.6049, 0.526285, 138.477
104, 7.54955, 4.66873, 73.4285, 42.0679, 7.74179, 5.80901, 81.6788, 33.5811, 61.7042, 8.01952, 11.955, 0.0138277, 115.378
105, 7.6097, 4.75226, 66.4421, 47.6622, 7.47603, 5.9794, 75.7563, 31.5851, 52.6796, 13.0059, 10.0708, 2.80496, 110.127
106, 7.49171, 4.76851, 83.1883, 36.3568, 7.87805, 6.00559, 99.4796, 43.2044, 68.3234, 17.6809, 13.4754, 0.774495, 143.387
107, 8.78262, 4.83219, 85.3396, 50.1629, 8.61289, 6.26037, 95.4325, 45.7131, 76.3918, 4.69201, 14.3486, 1.70446, 143.927
108, 8.8427, 5.11871, 84.9157, 62.0599, 8.54989, 6.29604, 99.7906, 44.1601, 80.1197, 5.51104, 14.1599, 2.9084, 147.456
109, 8.13627, 5.29069, 69.6448, 44.8422, 7.97653, 6.12131, 82.3838, 21.6541, 64.2059, 6.94766, 11.2303, 2.3742, 106.204
110, 7.95903, 5.65565, 79.7048, 21.7019, 8.56607, 6.68759, 94.9191, 27.1902, 68.6224, 14.4075, 11.8892, 5.62351, 128.425
111, 8.1375, 5.45779, 83.0816, 22.1332, 8.69021, 6.74447, 96.2475, 32.0496, 72.9045, 12.3068, 11.0362, 3.81831, 131.83
112, 8.77476, 5.16926, 76.4642, 37.5154, 7.92564, 6.44462, 86.2026, 25.6808, 61.5989, 14.6341, 9.96958, 2.61282, 114.06
113, 8.32928, 5.21947, 85.3445, 34.9501, 8.43721, 6.59179, 97.9534, 29.9762, 68.5834, 17.7337, 11.6364, 2.0353, 129.996
114, 8.64909, 5.05609, 89.1956, 38.4335, 8.63553, 6.52516, 94.0418, 40.6502, 72.9887, 8.13131, 12.922, 1.89614, 137.133
115, 8.74038, 5.28634, 81.498, 52.8829, 9.06448, 6.98254, 96.5188, 33.5081, 78.4841, 5.72517, 12.3097, 5.00981, 136.189
116, 7.8454, 5.43228, 84.4895, 21.5279, 8.69108, 7.03421, 96.7993, 19.5992, 70.1488, 14.6595, 11.9911, 4.60077, 120.562
117, 8.69033, 5.38508, 88.9651, 31.7854, 9.03742, 7.21801, 100.341, 31.2055, 76.8987, 10.5372, 12.9055, 5.65029, 137.241
118, 9.24632, 5.28018, 78.4679, 46.4751, 8.7404, 6.9812, 89.586, 33.1596, 68.5413, 10.071, 10.9737, 2.74644, 124.94
119, 9.20414, 5.09375, 84.7503, 47.0664, 8.59314, 6.85184, 92.5406, 38.6407, 66.245, 14.0771, 12.2184, 2.4918, 133.351
120, 9.02897, 5.36107, 86.7751, 41.1451, 8.85406, 6.92336, 96.8566, 39.4863, 72.0111, 11.2448, 13.6006, 2.05965, 138.863
121, 9.04247, 5.64772, 79.1739, 35.1699, 8.76346, 7.03251, 88.2634, 30.5746, 68.4856, 7.85559, 11.9221, 3.7262, 123.139
122, 8.97634, 5.94957, 99.8864, 33.1588, 9.7373, 7.53807, 119.528, 36.0912, 85.9663, 19.7633, 13.7982, 6.50166, 163.197
123, 10.0526, 6.0003, 93.4307, 48.5128, 9.62333, 7.41864, 105.27, 39.0533, 81.8071, 10.0212, 13.4417, 3.02054, 146.68
124, 9.07289, 5.99905, 86.63, 31.0592, 8.76538, 7.11092, 92.4871, 32.0084, 73.2274, 7.56705, 11.6926, 1.56435, 125.531
125, 9.2468, 6.02689, 72.9965, 36.3296, 7.91625, 6.78238, 85.9264, 30.0649, 56.6736, 17.4561, 11.7966, 0.677658, 115.389
126, 9.63041, 5.86293, 83.6205, 25.7813, 8.6684, 6.99074, 95.6582, 33.1894, 59.5028, 23.8788, 12.2765, -0.853361, 127.817
127, 10.7492, 5.98171, 100.123, 46.4218, 9.34829, 7.17579, 113.188, 46.9727, 79.0111, 19.1167, 15.06, 3.14179, 164.296
128, 10.0909, 6.27001, 91.3881, 30.2604, 8.96017, 7.14533, 93.3054, 32.6586, 73.9241, 6.78612, 12.5952, 3.92787, 130.711
129, 10.7724, 6.53614, 105.238, 45.5174, 9.61369, 7.64846, 110.97, 43.0271, 85.9757, 10.6209, 14.3729, 5.28019, 160.43
130, 10.4165, 6.25241, 103.744, 53.8621, 10.1203, 7.83759, 107.206, 47.2007, 85.2243, 8.9843, 12.9976, 5.52558, 159.476
131, 9.42122, 6.10888, 80.5589, 27.0749, 9.15109, 7.42109, 85.801, 32.8717, 67.8651, 8.2937, 9.64228, 4.25094, 122.314
132, 10.242, 6.09436, 92.7873, 39.3134, 9.2081, 7.46177, 101.533, 32.9804, 73.6931, 16.6537, 11.1863, 1.9902, 136.345
133, 8.76503, 5.74587, 87.3784, 31.4501, 8.70283, 7.0481, 89.7126, 35.8699, 67.9284, 10.5135, 11.2709, 0.0688603, 124.382
134, 10.3468, 6.0919, 104.056, 31.9925, 9.8095, 7.44891, 112.585, 41.1916, 83.9796, 14.0571, 14.5486, 5.19673, 160.83
135, 10.8425, 6.31648, 103.404, 44.1849, 10.144, 7.92462, 117.034, 42.3426, 89.3911, 11.2294, 16.4137, 4.19959, 164.395
136, 10.5166, 6.22471, 103.975, 41.6093, 9.97631, 7.99165, 111.372, 36.3981, 80.3421, 16.6247, 14.4057, 4.26721, 151.785
137, 10.1346, 6.10983, 97.4625, 29.6057, 9.05794, 7.4611, 99.3174, 32.0659, 74.7528, 12.0976, 12.467, 2.58032, 132.737
138, 9.78096, 6.17673, 85.6175, 26.6069, 8.9112, 7.33307, 101.416, 25.4465, 68.3002, 21.1491, 11.967, 0.798886, 126.977
139, 10.0007, 6.28944, 101.989, 30.1545, 9.39792, 7.41948, 106.88, 43.4909, 73.8599, 19.7509, 13.2691, 1.72336, 152.443
140, 10.616, 6.72758, 104.858, 34.5369, 9.8452, 7.77245, 107.263, 31.9252, 80.31, 13.9906, 12.9623, 3.76599, 144.02
141, 11.3189, 6.90995, 105.751, 44.3394, 10.2861, 8.07812, 113.036, 42.1576, 83.7572, 15.1932, 14.0856, 4.28366, 159.741
142, 11.6342, 7.19338, 109.958, 36.7279, 10.225, 8.03114, 115.668, 42.8217, 91.7062, 8.96079, 15.0004, 3.43666, 162.206
143, 11.0696, 7.11875, 94.9487, 39.6863, 9.60445, 7.80568, 97.0208, 41.3913, 78.761, 6.12301, 12.1369, 1.6744, 139.669
144, 10.0545, 6.81696, 110.84, 33.3841, 10.3058, 8.15738, 111.937, 40.411, 78.9706, 19.9511, 13.015, 4.30965, 156.544
145, 10.5648, 6.80621, 116.034, 38.7162, 10.3029, 8.25044, 122.035, 40.3592, 88.7973, 18.3374, 14.9001, 5.00607, 168.377
146, 11.1383, 7.00365, 123.952, 34.0796, 10.7223, 8.65265, 133.17, 39.9296, 101.564, 14.0312, 17.5746, 6.38036, 180.599
147, 11.3415, 7.30533, 125.106, 42.0813, 10.8394, 8.88766, 126.316, 45.1636, 103.218, 5.95499, 17.1431, 7.30023, 179.615
148, 10.9204, 7.38, 109.656, 28.7893, 10.4223, 8.8477, 117.346, 35.6343, 92.6674, 9.95091, 14.7275, 6.59283, 158.817
149, 11.215, 7.50663, 104.862, 40.9409, 10.2721, 8.64357, 111.855, 36.6688, 90.6648, 7.0921, 14.098, 5.10787, 153.7
150, 10.2945, 7.31039, 110.365, 42.3094, 10.1074, 8.56689, 104.499, 40.2081, 87.8748, 3.66576, 12.9589, 4.16994, 148.802
151, 10.4994, 7.33816, 117.09, 36.3905, 10.9504, 8.91815, 119.117, 45.389, 100.597, 4.40307, 14.1179, 5.96666, 171.228
152, 10.5953, 7.25175, 115.859, 45.7145, 10.6986, 8.59927, 110.56, 46.4904, 95.7065, 2.36618, 12.4872, 4.15711, 160.718
153, 9.68485, 7.30322, 113.175, 40.2572, 9.82907, 8.24795, 108.269, 41.8466, 90.7344, 5.08013, 12.4547, 3.79425, 153.736
154, 11.4969, 7.29954, 98.4332, 39.3343, 9.62072, 8.14037, 98.5954, 35.3211, 77.7229, 9.26685, 11.6055, 3.63817, 137.06
155, 9.97852, 7.29471, 119.588, 26.8798, 10.5333, 8.65219, 125.69, 34.1621, 92.1176, 20.055, 13.5173, 6.10158, 167.151
156, 10.8553, 7.34736, 110.987, 29.6846, 10.3891, 8.75221, 113.712, 33.5788, 85.2133, 16.1497, 12.3485, 4.75735, 151.595
157, 10.5859, 7.17114, 105.314, 35.84, 10.5233, 8.69277, 114.757, 31.0169, 80.9762, 21.4621, 12.3183, 3.50953, 148.684
158, 10.1534, 7.14141, 121.128, 37.7158, 10.3164, 8.8112, 119.812, 42.1575, 91.3648, 13.8423, 14.6043, 2.86611, 165.457
159, 10.6395, 7.43729, 121.369, 32.4666, 10.3742, 8.76755, 122.568, 46.4729, 100.453, 7.12205, 14.9928, 3.14586, 173.002
160, 10.5903, 7.67008, 116.504, 35.3339, 10.2622, 8.77819, 116.772, 37.7011, 94.088, 9.23642, 13.4479, 5.02712, 159.307
161, 11.4207, 7.8372, 127.696, 35.2269, 10.8947, 9.15017, 135.442, 40.1315, 104.434, 15.7833, 15.2246, 7.14092, 183.236
162, 11.4039, 7.96049, 117.585, 42.2176, 10.6342, 9.02685, 122.385, 38.5443, 97.1566, 11.5717, 13.6567, 5.05557, 165.699
163, 11.0285, 8.28337, 120.722, 31.3716, 10.4432, 9.06197, 118.182, 40.4424, 97.0767, 7.58035, 13.5248, 6.05939, 164.968
164, 11.2236, 8.53626, 133.088, 32.042, 10.9061, 9.23933, 134.312, 36.3063, 99.8039, 19.7759, 14.7318, 5.47748, 175.873
165, 11.7681, 8.55649, 120.313, 34.5347, 10.2204, 8.71056, 123.733, 39.8069, 91.3432, 18.2137, 14.1764, 3.33006, 166.094
166, 12.8179, 8.51853, 133.414, 47.5994, 10.9759, 8.81535, 128.706, 46.2051, 98.4487, 16.0276, 14.2299, 3.99294, 179.299
167, 11.8643, 8.77968, 121.562, 40.019, 9.97835, 8.56121, 116.075, 45.0835, 96.2622, 6.05581, 13.7564, 3.79911, 165.085
168, 11.9015, 9.02021, 123.612, 34.0868, 10.7475, 8.91367, 122.187, 36.681, 96.0817, 12.2402, 13.8652, 4.1229, 163.039
169, 11.6408, 8.69002, 128.034, 32.3215, 10.6583, 8.88938, 131.336, 38.4337, 102.491, 13.6909, 15.1541, 5.01842, 175.401
170, 11.6239, 8.85348, 131.578, 30.8326, 10.5752, 8.9941, 134.233, 38.7624, 103.701, 13.34, 17.192, 5.25782, 178.447
171, 11.2737, 8.78808, 118.866, 32.739, 10.2287, 8.81309, 120.966, 37.6591, 92.7106, 12.8558, 15.3998, 2.81261, 160.273
172, 11.457, 8.66585, 115.811, 24.7344, 10.7964, 8.79112, 125.834, 26.5865, 92.2812, 18.6359, 14.9165, 4.00719, 156.76
173, 12.0168, 8.90352, 125.055, 27.8607, 10.6376, 8.83741, 127.999, 33.932, 98.7469, 13.0488, 16.2036, 5.84864, 168.803
174, 11.4226, 8.71468, 120.017, 29.5348, 10.8819, 9.03956, 124.035, 34.4949, 95.3222, 15.0108, 13.7016, 5.56208, 163.511
175, 11.5727, 9.20339, 112.481, 27.6336, 10.9222, 9.02052, 129.595, 32.8184, 100.23, 14.0413, 15.3231, 4.86469, 167.902
176, 11.6141, 9.23455, 116.537, 26.7879, 10.8746, 8.96592, 121.674, 37.5146, 97.2794, 10.1087, 14.2855, 4.20833, 163.176
177, 10.7804, 9.09237, 119.998, 27.9525, 10.477, 8.8323, 130.497, 33.11, 92.906, 21.5306, 16.0601, 2.9634, 166.335
178, 11.3477, 9.15626, 102.562, 32.8374, 9.78147, 8.49236, 110.757, 36.2629, 88.7127, 8.36077, 13.6839, 2.25097, 148.958
179, 10.8053, 9.17771, 120.25, 24.9576, 10.4478, 8.83525, 135.083, 31.037, 98.1604, 20.5207, 16.4023, 4.54318, 171.28
180, 11.0453, 9.04032, 108.731, 28.5553, 9.73216, 8.40403, 113.215, 34.2964, 89.9192, 8.93215, 14.3631, 3.09057, 150.054
181, 11.0765, 8.95022, 113.407, 29.346, 10.6297, 9.02897, 125.716, 30.9836, 92.1994, 19.0353, 14.481, 5.28197, 162.297
182, 11.4526, 8.98208, 119.037, 26.0053, 10.8717, 9.19375, 128.629, 32.1894, 95.3804, 18.4191, 14.8295, 4.75329, 165.588
183, 11.9046, 8.80437, 126.221, 36.8797, 10.6828, 8.88401, 134.98, 31.0192, 99.2683, 20.4526, 15.2589, 5.24574, 171.605
184, 11.7516, 8.74732, 119.297, 31.8088, 10.7187, 8.91786, 128.746, 44.5489, 100.67, 12.993, 15.0827, 4.14939, 177.142
185, 11.8999, 8.80633, 119.323, 37.9981, 10.5862, 8.82488, 132.877, 38.1298, 99.484, 18.1098, 15.2837, 3.71358, 175.065
186, 10.5041, 8.83941, 120.133, 27.44, 10.7005, 8.88527, 123.86, 39.2119, 97.129, 13.2722, 13.4589, 4.93239, 167.96
187, 10.8031, 8.95094, 117.479, 22.4108, 10.4847, 9.03642, 127.24, 31.517, 91.3354, 21.9358, 13.9685, 5.2277, 163.885
188, 11.6121, 8.98084, 133.046, 25.6053, 10.7566, 9.28591, 132.572, 40.1821, 104.164, 12.5263, 15.8821, 5.97008, 179.18
189, 12.1912, 9.13386, 133.762, 24.5812, 10.8777, 9.28316, 129.649, 38.8521, 100.976, 14.7494, 13.9237, 5.04918, 173.433
190, 11.9675, 9.17768, 122.861, 19.893, 10.6425, 9.14241, 126.584, 31.5082, 92.9891, 19.994, 13.6005, 3.84533, 161.592
191, 12.1763, 9.26012, 116.848, 27.6354, 10.2209, 9.11771, 113.138, 35.5282, 88.0402, 11.6975, 13.4, 2.65271, 150.534
192, 11.25, 9.40768, 113.993, 22.8799, 10.425, 9.18221, 119.468, 34.104, 85.4721, 19.435, 14.5613, 3.82196, 157.73
193, 11.3127, 9.58956, 114.845, 21.3284, 10.6952, 9.31609, 118.485, 30.6187, 88.5512, 16.0551, 13.879, 4.38926, 153.804
194, 9.91879, 9.49585, 103.444, 24.0867, 10.0698, 9.05241, 110.434, 29.8067, 79.0245, 18.3182, 13.091, 3.95687, 143.746
195, 11.0976, 9.5586, 119.576, 23.1555, 10.5728, 9.36709, 127.644, 32.3674, 90.029, 23.3058, 14.3094, 5.41222, 165.901
196, 12.5138, 9.89219, 128.726, 28.7168, 10.7844, 9.65854, 123.356, 47.718, 99.4724, 7.8854, 15.998, 5.75188, 177.207
197, 11.9893, 9.9055, 117.965, 18.306, 10.7735, 9.45738, 113.567, 31.0084, 87.009, 13.3082, 13.2495, 2.86748, 146.824
198, 11.1172, 9.53016, 127.844, 31.0465, 10.5727, 9.29599, 131.272, 36.0709, 93.9437, 22.6895, 14.6384, 3.36921, 170.733
199, 11.7542, 9.58508, 127.437, 29.6392, 10.5168, 9.46757, 124.489, 41.4468, 97.6624, 12.098, 14.7283, 5.11757, 171.918
200, 11.8455, 9.67324, 124.238, 29.6556, 10.507, 9.47478, 119.97, 40.1814, 98.9089, 6.41731, 14.6442, 5.03088, 165.484
201, 10.9084, 9.51681, 119.856, 21.417, 10.3568, 9.39397, 110.152, 42.3072, 93.8333, 2.87633, 13.4428, 4.19156, 155.795
202, 11.275, 9.54636, 125.6, 20.3024, 10.2877, 9.40195, 126.24, 33.1582, 93.0714, 18.4897, 14.679, 4.15312, 164.081
203, 11.0956, 9.53127, 115.714, 17.1506, 10.3139, 9.26093, 116.379, 32.5196, 87.9211, 13.0231, 15.4344, 3.39041, 151.529
204, 12.0199, 9.71126, 109.625, 22.4578, 10.4023, 9.35225, 115.978, 31.5026, 86.4592, 15.6798, 13.8385, 4.18775, 151.844
205, 11.0632, 9.64108, 122.289, 22.5587, 10.7087, 9.43346, 130.701, 30.3774, 89.7825, 25.5473, 15.3706, 3.72774, 164.822
206, 11.477, 9.50866, 121.497, 20.2959, 10.5363, 9.07881, 121.287, 37.811, 91.2889, 15.0959, 14.902, 2.6205, 161.487
207, 11.5737, 9.50001, 125.744, 28.2782, 10.5323, 9.32454, 122.563, 44.7353, 98.1437, 8.75332, 15.6664, 4.22639, 172.27
208, 11.7845, 9.67451, 118.746, 25.6633, 10.3673, 9.407, 114.447, 35.3858, 95.6381, 4.37855, 14.4307, 4.64014, 154.709
209, 11.5716, 9.5669, 129.817, 25.4563, 10.4818, 9.42141, 125.87, 40.5585, 98.7103, 11.0286, 16.1311, 4.85973, 171.479
210, 10.7889, 9.58208, 112.182, 24.0598, 10.1337, 9.14041, 116.119, 36.573, 87.6138, 13.565, 14.94, 2.30569, 153.864
211, 10.408, 9.41712, 106.191, 25.7452, 9.87009, 8.97409, 111.44, 31.4762, 79.7678, 18.2956, 13.3763, 1.18435, 143.572
212, 10.0899, 9.51413, 105.703, 21.545, 9.77997, 8.91964, 113.6, 23.2745, 80.0235, 21.2572, 12.3189, 1.31387, 138.095
213, 11.0234, 9.24573, 103.962, 23.7664, 9.91156, 8.9069, 111.252, 21.6275, 74.7553, 24.3097, 12.187, 2.80495, 135.927
214, 10.3553, 9.35101, 117.853, 20.2868, 9.81937, 9.10794, 115.336, 34.4748, 87.169, 13.6495, 14.5174, 4.46131, 154.706
215, 10.7366, 9.51532, 113.642, 25.078, 9.98761, 9.06833, 112.704, 35.4688, 87.6164, 10.7248, 14.3628, 4.00033, 152.19
216, 11.2051, 9.57723, 115.477, 27.1941, 10.2827, 9.00878, 113.149, 33.7167, 90.9928, 8.31052, 13.8452, 4.32941, 151.804
217, 12.1059, 9.64317, 133.803, 26.4233, 10.4688, 9.22788, 123.516, 41.6676, 100.046, 7.85785, 15.6125, 5.69149, 171.428
218, 10.9147, 9.48023, 112.074, 28.1451, 10.0301, 9.02909, 113.151, 29.8806, 88.7429, 10.2722, 14.1358, 2.36392, 144.33
219, 10.8828, 9.15771, 112.782, 22.1977, 10.0271, 9.03763, 113.303, 31.8934, 83.1686, 16.7999, 13.3348, 3.32998, 148.377
220, 10.7007, 8.91009, 110.561, 24.2202, 10.0515, 9.11743, 107.039, 25.4378, 78.8227, 15.5657, 12.6506, 2.92387, 135.095
221, 10.295, 8.74876, 111.523, 15.6408, 9.85421, 8.92214, 123.433, 24.3176, 83.7307, 26.0414, 13.6607, 2.98164, 150.488
222, 10.771, 8.67862, 113.29, 22.5531, 10.0405, 8.84428, 116.248, 28.1136, 87.6422, 14.852, 13.7535, 3.44876, 148.387
223, 10.609, 8.57286, 102.717, 21.6985, 9.59565, 8.67456, 105.746, 20.2059, 75.9854, 18.4371, 11.3234, 2.74545, 128.362
224, 9.76096, 8.41985, 111.168, 21.504, 10.0762, 8.75932, 116.633, 28.033, 83.2758, 21.5871, 11.7705, 3.56619, 148.122
225, 10.1665, 8.68083, 113.829, 20.6419, 9.88211, 8.67492, 110.309, 31.2192, 83.886, 14.9548, 11.4679, 3.0675, 144.475
226, 10.6268, 8.912, 122.673, 25.9665, 9.87846, 8.65174, 114.375, 36.241, 86.605, 14.5899, 13.1806, 1.99739, 152.447
227, 11.0201, 9.1745, 117.272, 31.7206, 10.0392, 8.57656, 117.453, 34.5924, 90.0371, 14.1534, 13.262, 3.20226, 155.823
228, 11.5166, 9.50986, 118.425, 33.7244, 10.1234, 8.74817, 117.881, 33.8957, 88.3376, 15.4301, 14.1129, 3.31531, 155.114
229, 11.1044, 9.6729, 110.759, 25.3584, 9.87131, 8.62846, 107.524, 33.6487, 84.9145, 8.90115, 13.7087, 3.22701, 144.45
230, 10.3421, 9.66491, 108.846, 19.9858, 10.1196, 8.70732, 116.712, 21.6699, 82.4745, 22.2684, 11.969, 3.71118, 141.74
231, 10.3408, 9.84904, 90.4996, 20.3102, 9.49715, 8.57587, 103.417, 21.5583, 73.3065, 19.0813, 11.0293, 1.90176, 126.77
232, 10.0959, 9.99069, 119.293, 22.6862, 9.91276, 9.0331, 117.354, 35.4104, 87.0823, 16.6842, 13.5874, 5.25219, 159.049
233, 10.6003, 10.2334, 113.299, 24.1861, 9.78018, 9.05797, 110.103, 33.2112, 87.9717, 9.20575, 12.9257, 4.19977, 147.582
234, 11.0251, 10.2532, 117.149, 30.2945, 9.5383, 8.96959, 106.699, 36.2813, 83.4634, 9.64734, 13.5884, 2.53126, 144.351
235, 11.1549, 10.2341, 107.495, 22.853, 9.62443, 8.62361, 102.726, 27.8242, 79.0448, 11.1357, 12.5457, 1.32588, 131.366
236, 11.1185, 10.1308, 113.837, 19.8066, 9.70193, 8.21353, 112.273, 28.2089, 82.6025, 16.7986, 12.8715, -0.721629, 139.487
237, 11.3889, 10.1089, 115.238, 29.9078, 9.69018, 8.0128, 106.488, 36.1204, 87.1344, 6.43607, 12.9174, 1.06171, 144.174
238, 11.098, 9.95811, 110.452, 20.3058, 9.54718, 8.0199, 100.272, 31.6182, 82.2079, 6.12255, 11.9417, 0.968527, 132.734
239, 9.33056, 9.85578, 92.3142, 16.4979, 8.65964, 8.02757, 92.3455, 20.9645, 71.2404, 10.4991, 10.6059, 0.991885, 113.958
240, 10.4335, 9.64655, 100.894, 20.2896, 9.41824, 8.29849, 94.7599, 21.7415, 76.1799, 6.90223, 11.6777, 2.53752, 119.383
241, 10.6338, 9.61394, 109.382, 18.5299, 9.83411, 8.52057, 104.224, 23.9606, 73.7162, 19.681, 10.827, 3.89579, 132.145
242, 9.87021, 9.44761, 111.536, 17.0871, 9.68616, 8.30466, 111.774, 26.0965, 81.8842, 16.9116, 12.978, 1.87814, 139.837
243, 10.0107, 9.12884, 101.549, 20.2916, 8.90226, 8.22044, 95.5817, 29.1759, 73.6941, 9.89529, 11.9924, 2.46701, 126.843
244, 10.4269, 8.96091, 102.977, 22.3804, 8.86902, 8.05576, 99.1562, 26.3951, 75.2504, 12.0052, 11.9006, 1.28821, 126.327
245, 9.48337, 8.91923, 96.3018, 25.7172, 8.42794, 7.7188, 91.3217, 22.2066, 70.7074, 10.275, 10.3392, 0.0349626, 113.478
246, 8.76923, 9.10325, 92.8739, 15.6588, 8.88122, 7.92121, 101.52, 21.2364, 73.1662, 17.4904, 10.8633, 2.03627, 125.019
247, 9.46581, 9.24341, 113.638, 29.3125, 9.39204, 7.81767, 108.636, 30.3934, 83.3787, 11.8539, 13.4031, 1.25666, 140.479
248, 10.852, 9.36194, 108.17, 23.187, 9.2145, 7.68839, 95.8311, 25.5903, 76.4421, 8.59786, 10.7911, 1.95881, 123.399
249, 11.0561, 9.5056, 99.2128, 27.1447, 8.8361, 7.72463, 94.047, 22.1444, 72.128, 11.3593, 10.5598, 1.51987, 117.103
250, 9.81341, 9.59797, 90.0684, 18.1329, 8.81849, 7.52047, 94.7312, 16.8659, 62.1993, 22.8236, 9.70834, -0.594969, 110.575
251, 10.0161, 9.725, 90.4874, 12.4959, 8.99049, 7.60909, 90.0153, 18.8775, 66.0208, 15.0572, 8.93726, 0.851828, 109.966
252, 10.1645, 9.74042, 103.71, 17.7651, 9.02784, 7.51529, 100.756, 24.9819, 72.7263, 16.9486, 11.0812, 0.281459, 125.99
253, 9.85782, 9.51784, 101.056, 23.0328, 8.80709, 7.2813, 96.6479, 21.399, 72.2612, 13.3242, 11.0625, -0.364991, 117.423
254, 11.1418, 9.49135, 96.4431, 22.6552, 8.94762, 7.18353, 93.8092, 22.1949, 73.9762, 9.79373, 10.0395, 0.237073, 116.171
255, 9.53549, 9.50073, 89.5769, 20.5163, 8.63971, 7.1692, 80.0711, 22.3745, 66.2195, 5.39254, 8.45914, 1.62044, 103.938
256, 10.0832, 9.61637, 94.1803, 17.5578, 8.98428, 7.20292, 92.2047, 28.0339, 71.5694, 10.9233, 9.71213, 2.734, 123.458
257, 10.2196, 9.6804, 87.7706, 25.4794, 8.47674, 6.9471, 89.2426, 21.3406, 70.3635, 7.81429, 11.0649, 0.302792, 110.835
258, 10.0591, 9.2791, 100.659, 35.5182, 8.38839, 6.95817, 93.4993, 22.2301, 70.6628, 11.8634, 10.9731, 1.36308, 116.863
259, 9.40084, 8.77658, 85.6084, 33.5202, 8.33513, 6.67721, 84.6239, 18.2102, 61.8041, 13.2361, 9.58368, -0.857472, 100.962
260, 9.62156, 8.53699, 89.7176, 20.2561, 8.32981, 6.64086, 78.307, 16.5291, 58.1995, 12.0711, 8.03642, -0.0422371, 94.5638
261, 9.84583, 8.42249, 93.9577, 17.2485, 8.75764, 6.71538, 89.3049, 21.6859, 65.4072, 15.6947, 8.20296, 1.39697, 112.937
262, 8.81815, 8.26551, 88.9839, 12.8356, 8.30685, 6.66296, 78.8453, 22.1007, 63.4059, 7.2032, 8.23622, 0.270203, 100.957
263, 8.77042, 8.14177, 87.5624, 20.3789, 8.03636, 6.50355, 77.0075, 21.8035, 58.8699, 10.6092, 7.52849, 1.115, 99.9412
264, 8.61713, 8.14614, 87.7012, 18.3572, 8.20819, 6.60458, 75.6779, 21.0967, 58.343, 10.3734, 6.96148, 1.35403, 98.2538
265, 9.00823, 8.34325, 80.854, 13.0791, 8.30317, 6.66874, 78.2425, 17.1353, 60.3537, 10.9768, 6.91195, 1.48959, 97.1747
266, 8.98903, 8.46031, 87.2827, 11.9135, 8.08531, 6.67851, 80.0825, 16.5454, 61.2854, 11.411, 7.38608, 0.868564, 97.2919
267, 8.33098, 8.19734, 96.9303, 14.4912, 7.8621, 6.57161, 79.314, 19.5934, 61.8715, 10.0456, 7.3969, 0.674589, 99.5048
268, 7.85085, 7.97452, 71.4855, 15.8565, 6.92293, 6.34742, 60.1513, 10.6246, 48.2976, 5.72679, 6.1269, -1.21955, 68.5482
269, 8.24129, 7.95355, 79.023, 6.91077, 7.75099, 6.54835, 73.7422, 13.2292, 55.8256, 11.8322, 6.08434, 1.29404, 88.9515
270, 7.57597, 7.85441, 79.9823, 12.8982, 8.10496, 6.96814, 81.9076, 9.48752, 55.1451, 20.3506, 6.41188, 2.52754, 94.1319
271, 8.54272, 7.82187, 81.1835, 6.47696, 8.2671, 6.8377, 80.1443, 15.7001, 61.7477, 10.4478, 7.94881, 0.953478, 97.0286
272, 8.11728, 7.5409, 76.6338, 13.2921, 7.43503, 6.57351, 74.5964, 13.7922, 50.881, 16.1929, 7.52256, -2.35781, 84.3879
273, 7.28385, 7.41009, 69.7664, 8.47122, 7.34815, 6.39372, 71.6801, 15.4131, 53.3972, 10.3506, 7.9323, -1.55726, 85.4094
274, 7.79611, 7.40833, 75.1263, 14.7522, 7.12907, 6.03472, 71.2927, 20.3005, 51.6506, 11.4108, 8.23142, -4.28138, 86.6784
275, 9.08525, 7.51327, 79.1385, 16.0993, 7.24726, 5.87539, 74.789, 20.5805, 56.8029, 9.43018, 8.55595, -2.72614, 92.8534
276, 9.15265, 8.00626, 78.5121, 17.5673, 7.82573, 6.12195, 74.3302, 20.4803, 60.0593, 6.92389, 7.34695, 0.139128, 96.0189
277, 9.37591, 8.07222, 80.5139, 11.7647, 7.61531, 6.19525, 80.1128, 12.6448, 56.9063, 15.7096, 7.49687, -0.105993, 92.1705
278, 8.49412, 7.93326, 77.0522, 13.0413, 7.23685, 5.85066, 70.7225, 18.6621, 56.3304, 6.22188, 8.1703, -1.92198, 87.0984
279, 8.30871, 7.70001, 65.7427, 15.2506, 7.07886, 5.74536, 65.6058, 14.9716, 50.4345, 7.91777, 7.25355, -1.13038, 79.5542
280, 7.48743, 7.63941, 63.8727, 16.8885, 6.83206, 5.78006, 63.9425, 13.7145, 47.9461, 9.66401, 6.33239, 0.591235, 78.3683
281, 7.64191, 7.57963, 61.047, 10.9591, 6.02355, 5.70209, 57.6899, 6.94456, 45.0629, 6.63443, 5.99259, -0.165841, 64.2327
282, 6.98944, 7.45076, 61.3512, 1.86726, 6.25963, 5.68231, 64.8268, 8.48723, 47.0608, 10.4849, 7.28107, -3.078, 70.5179
283, 6.73956, 7.06714, 62.4888, 2.71013, 6.35269, 5.77686, 60.2282, 8.58916, 41.8182, 10.9427, 7.46733, -3.02274, 65.1603
284, 7.01993, 6.46178, 65.8688, 17.8418, 6.36334, 5.60298, 59.2901, 13.113, 40.5944, 12.0525, 6.64315, -1.92734, 69.7566
285, 6.99527, 6.11632, 64.8859, 15.6731, 6.41649, 5.41327, 55.0881, 10.5929, 40.7282, 8.57276, 5.78717, -0.316928, 65.278
286, 7.94475, 5.89628, 72.0462, 18.8909, 6.81139, 5.36787, 66.5434, 14.3369, 43.5074, 17.483, 5.55291, -0.751878, 80.0255
287, 7.3509, 5.76624, 64.5476, 11.9751, 6.21714, 5.10755, 62.3036, 10.9075, 43.4903, 12.3114, 6.50187, -4.02422, 68.4139
288, 6.86232, 5.53, 71.2476, 12.5157, 6.29653, 4.98091, 63.3186, 15.6988, 47.2827, 8.64505, 7.39094, -4.22651, 75.2842
289, 6.32164, 5.23016, 68.8821, 21.0276, 6.12358, 4.76481, 62.1687, 15.1348, 47.5646, 7.86593, 6.73825, -4.0896, 72.399
290, 6.32655, 4.97266, 63.8843, 9.02515, 6.00939, 4.5482, 61.1268, 13.4531, 46.2277, 8.19022, 6.70881, -4.55187, 69.5551
291, 6.03596, 4.87771, 60.8867, 10.6954, 6.10801, 4.73914, 58.4082, 10.8508, 44.0492, 7.92964, 6.42935, -1.70845, 67.8832
292, 6.36689, 4.65149, 65.7193, 11.4096, 6.24941, 4.99782, 61.0709, 12.2006, 40.9366, 14.1025, 6.03178, 0.0601463, 73.624
293, 6.44084, 4.32591, 74.3626, 19.8856, 6.48295, 4.86911, 74.5664, 8.75475, 50.9457, 16.0176, 7.60307, -3.46092, 79.6025
294, 6.71367, 4.25097, 72.287, 25.3442, 6.74757, 4.63141, 65.1068, 20.3525, 55.4064, 1.61968, 8.08071, -3.11204, 82.7823
295, 6.6421, 4.29131, 61.746, 15.0425, 5.95715, 4.39355, 59.2722, 11.347, 41.8776, 9.70155, 7.69309, -6.6219, 63.0031
296, 5.99652, 4.33705, 71.1203, 11.2677, 6.16835, 4.44468, 60.7303, 18.53, 47.8024, 4.72898, 8.199, -5.22997, 74.093
297, 5.85959, 4.58967, 65.8698, 8.20085, 5.87349, 4.50231, 54.9451, 8.20632, 41.6216, 7.13481, 6.18874, -2.42731, 61.0363
298, 6.06022, 4.50336, 63.6666, 15.5028, 5.65354, 4.35421, 56.7368, 16.7018, 38.6213, 11.1116, 7.00395, -5.789, 66.3844
299, 5.21946, 4.60178, 57.5385, 9.97562, 5.3835, 4.18827, 49.0855, 14.1755, 35.8719, 6.63559, 6.57799, -5.84642, 57.1002
300, 4.94209, 4.49589, 49.6618, -2.55278, 5.39548, 4.33119, 47.046, 5.33187, 35.5486, 5.93937, 5.55805, -1.32611, 51.3554
301, 4.74435, 4.51153, 54.0597, -11.554, 5.36351, 4.50706, 53.9916, -4.23143, 31.9181, 17.6258, 4.44768, -0.167594, 49.6089
302, 5.27046, 4.0182, 60.1542, 11.2894, 4.79347, 4.07566, 53.7116, 4.86346, 32.2072, 15.0214, 6.483, -6.62188, 50.5113
303, 5.98173, 3.99436, 63.4898, 8.89203, 5.23392, 3.78144, 57.1118, 14.5425, 38.6093, 11.7929, 6.70952, -7.12744, 64.5334
304, 6.04552, 4.18353, 60.3196, 11.5402, 5.64046, 3.88645, 50.8836, 8.58015, 42.1978, 2.30878, 6.37698, -4.52129, 56.1661
305, 5.77025, 4.05009, 48.5761, 6.97543, 5.29292, 4.09082, 42.9775, 5.0035, 34.3665, 3.20072, 5.41023, -2.4335, 45.8296
306, 5.26038, 3.91585, 46.6878, -3.20796, 4.64781, 3.91301, 39.8335, 4.7594, 28.9688, 6.15254, 4.71222, -2.98635, 40.1514
307, 5.1845, 4.09941, 56.6575, 10.8351, 4.9862, 3.74249, 44.7994, 15.4296, 33.9836, 5.90903, 4.9068, -4.15938, 56.105
308, 5.08708, 3.99405, 52.1646, 8.42366, 4.40966, 3.61764, 39.8643, 5.13041, 27.2086, 8.30013, 4.3556, -5.45529, 39.1282
309, 5.40047, 3.96832, 57.5234, 16.0615, 5.08238, 3.8399, 50.2171, 10.3447, 32.3128, 12.0085, 5.89574, -3.32299, 57.9383
310, 5.21487, 3.99695, 54.5565, 8.80701, 5.1449, 3.91824, 43.0896, 6.74582, 30.9936, 7.02204, 5.07394, -2.77597, 47.3596
311, 5.1793, 4.02194, 52.9713, 13.2044, 4.72617, 3.88629, 41.788, 9.39292, 28.3277, 8.43808, 5.02221, -3.65023, 47.0803
312, 5.50791, 4.08309, 57.9325, 6.87918, 4.64794, 3.57278, 49.2614, 9.41467, 31.0308, 12.0736, 6.15708, -7.31326, 50.2854
313, 5.4632, 3.75373, 52.8053, 9.08419, 4.59474, 3.51925, 38.172, 4.47156, 28.4032, 5.46652, 4.30229, -2.91355, 40.6332
314, 4.91352, 3.85696, 53.0476, -5.70239, 4.84177, 3.68617, 45.7491, 5.82813, 30.35, 10.4894, 4.90962, -2.89763, 48.1249
315, 4.84481, 3.68379, 56.0071, 5.49399, 4.23794, 3.33033, 42.1048, 13.3851, 27.2405, 9.12099, 5.74335, -8.2445, 46.1958
316, 5.05067, 3.51367, 47.6118, 9.93098, 4.49753, 3.38722, 40.1241, 12.4156, 29.3389, 5.44693, 5.33826, -5.75109, 47.2861
317, 4.34359, 3.54917, 46.4033, 11.5113, 3.84751, 3.2823, 34.3896, 4.46258, 23.6561, 5.60059, 5.13294, -5.39811, 33.3959
318, 4.07786, 3.45355, 45.7552, 11.4565, 4.20309, 3.39077, 41.8408, 6.68507, 26.4923, 11.007, 4.34153, -2.42413, 46.5303
319, 3.64155, 3.4318, 40.1066, 1.09481, 4.51393, 3.60894, 40.9523, 3.66178, 25.0012, 12.2692, 3.68191, -1.97635, 42.9986
320, 4.71199, 3.42431, 46.7673, 6.78009, 4.63378, 3.62747, 48.0442, 0.16319, 26.2511, 17.3146, 4.47846, -2.57283, 45.5035
321, 4.93334, 3.34805, 46.1543, 29.7508, 4.11153, 3.33753, 44.8554, 4.46554, 22.7304, 17.1408, 4.98421, -7.00306, 40.7042
322, 4.46777, 3.22975, 45.299, 13.2211, 3.86118, 3.15717, 40.8336, 3.8058, 23.9392, 11.7423, 5.15214, -7.92179, 36.2993
323, 4.51255, 3.4033, 40.8082, 7.337, 3.41492, 3.01214, 34.0292, 6.14447, 20.8871, 9.06765, 4.07447, -6.47548, 33.6159
324, 4.08597, 3.53973, 41.3599, -3.44835, 3.78068, 3.01695, 35.52, 6.41605, 23.7129, 6.35229, 5.4548, -6.86069, 35.13
325, 4.28062, 3.28567, 37.9377, 1.11529, 3.62075, 2.94856, 32.6468, 3.12017, 21.9314, 5.66004, 5.05542, -5.16414, 30.5967
326, 4.63593, 3.38287, 37.181, 5.89234, 3.80779, 3.13421, 35.6258, 2.63713, 21.9753, 9.05003, 4.60041, -4.2485, 34.2986
327, 4.42231, 3.33369, 37.1143, 3.6829, 3.05065, 2.87562, 32.6802, 2.02295, 16.7176, 11.7081, 4.25443, -5.73774, 27.2984
328, 4.60762, 3.04606, 43.2298, 12.9984, 3.41224, 2.87126, 36.1404, 4.63317, 20.5122, 12.2275, 3.40064, -4.73024, 36.6249
329, 4.16647, 2.95946, 35.0748, 12.4846, 3.23252, 2.801, 26.6384, 9.58823, 18.3652, 5.42777, 2.84534, -5.71136, 30.4042
330, 4.08318, 3.28914, 38.0719, 11.0697, 3.88052, 3.00985, 30.3565, 3.65341, 21.1965, 5.81955, 3.34043, -2.71025, 32.7476
331, 4.4233, 3.22339, 40.6004, 4.17459, 3.75921, 3.08159, 37.8178, 1.26008, 21.4668, 11.5976, 4.75333, -5.79582, 32.5916
332, 4.42657, 2.94631, 42.7312, 9.1476, 3.76967, 2.90394, 36.447, 3.83582, 20.951, 11.6815, 3.81462, -5.7376, 34.332
333, 4.1766, 2.96006, 38.5106, 9.99261, 3.85839, 3.01209, 27.4176, -2.93122, 20.6734, 5.5522, 1.19201, 0.545499, 26.1954
334, 4.06363, 3.25497, 37.2637, 2.62835, 4.06364, 3.24003, 30.7139, -1.01378, 23.3295, 5.71429, 1.67004, 1.85594, 32.5005
335, 4.55285, 2.97976, 36.6749, 0.141562, 4.0007, 3.34262, 42.4965, -0.995231, 23.4954, 14.7542, 4.24693, -2.91209, 37.2448
336, 4.04789, 2.84067, 35.1109, 2.78138, 2.98734, 2.76023, 28.634, 0.473564, 14.4481, 9.24974, 4.93614, -10.0274, 17.9602
337, 3.78828, 2.86995, 39.0162, 3.70418, 3.56812, 2.99182, 35.5823, 4.2876, 20.4126, 10.5702, 4.59949, -6.38327, 33.5413
338, 4.20661, 2.73504, 37.0169, 0.542187, 3.27089, 2.71893, 29.2383, 4.6522, 17.5402, 7.91377, 3.78438, -5.90389, 27.4273
339, 3.43914, 2.59746, 31.677, 1.84799, 3.124, 2.82574, 23.0076, 5.97028, 13.4745, 6.99524, 2.53792, -2.38485, 26.9939
340, 4.12921, 2.47186, 32.9521, 13.9347, 2.92049, 2.82381, 23.1974, 8.9835, 14.4351, 5.92307, 2.83916, -5.05491, 26.6133
341, 3.98265, 2.59386, 29.3807, 3.23749, 2.55843, 2.65503, 28.5081, 6.87302, 13.4878, 11.4876, 3.53274, -8.58587, 25.9268
342, 3.64241, 2.41366, 30.2232, 11.1837, 2.32491, 2.4369, 29.7135, 8.56679, 12.8941, 11.948, 4.8715, -11.812, 25.4177
343, 3.24806, 2.72744, 30.4521, 10.2448, 2.75131, 2.57218, 25.4749, 9.01646, 13.3467, 8.21431, 3.91385, -8.23681, 28.0062
344, 3.11221, 2.63366, 33.3566, 3.79208, 3.14852, 2.86458, 33.1536, 1.73876, 17.6146, 11.0133, 4.52569, -6.03191, 29.1557
345, 3.43535, 2.50231, 31.091, 8.04562, 2.65585, 2.56787, 26.154, -0.196542, 14.3584, 8.15777, 3.6379, -6.97091, 18.0743
346, 3.44908, 2.43145, 33.0891, 3.2258, 3.2016, 2.74671, 27.4371, -1.49973, 18.3926, 6.8207, 2.22378, -0.828223, 26.1172
347, 3.63237, 2.43333, 28.7411, -0.44445, 2.7167, 2.5971, 24.4665, 5.96984, 14.3719, 7.04048, 3.05416, -5.24346, 24.6946
348, 3.29843, 2.35176, 31.209, 15.397, 3.12473, 2.69337, 25.9496, 8.08757, 17.0332, 5.45591, 3.46054, -8.12659, 26.3997
349, 3.24656, 2.62993, 34.3557, 3.28031, 3.24732, 2.83605, 26.3733, 1.78856, 16.6646, 7.05138, 2.65735, -3.46694, 25.3576
350, 3.26121, 2.55533, 33.325, 7.79644, 2.84586, 2.71132, 31.1259, 2.31088, 15.5084, 11.3084, 4.30915, -9.85061, 21.7226
351, 3.58028, 2.32612, 33.3311, 17.9814, 2.99291, 2.64905, 26.4473, 3.30153, 13.6838, 11.2788, 1.48481, 2.68259, 33.2371
352, 2.99541, 2.52347, 31.6488, 2.76959, 2.94079, 2.77957, 22.8081, 0.256445, 14.7734, 7.73709, 0.297653, 0.0940385, 22.9371
353, 3.81464, 2.52141, 34.0844, 10.2919, 2.62621, 2.43865, 28.8907, 5.24402, 14.5975, 10.0145, 4.27867, -8.33788, 24.6869
354, 3.01845, 2.31235, 29.8426, 6.47455, 2.57403, 2.33822, 24.6116, 1.57584, 12.6303, 8.68947, 3.29186, -8.24056, 17.9841
355, 2.5278, 2.26513, 28.8598, -0.310147, 2.75642, 2.49116, 26.2, -2.74616, 12.5136, 10.5224, 3.16393, -4.79083, 19.0954
356, 3.41265, 2.39979, 32.7435, 4.81816, 2.85641, 2.70766, 20.8142, -0.929199, 12.9765, 5.68736, 2.15033, 0.497308, 21.5524
357, 3.64704, 2.71081, 32.0221, -4.08253, 3.11718, 3.0902, 23.5828, -2.14514, 13.7405, 7.79331, 2.04891, 1.52796, 24.3186
358, 3.27272, 2.82735, 35.0541, 2.71995, 2.97286, 3.0102, 23.9949, -0.000398581, 15.0954, 7.51458, 1.38494, 0.702107, 24.0508
359, 2.58852, 2.92724, 28.4935, -11.2373, 2.79439, 2.93684, 25.6897, -1.78926, 12.7628, 10.7373, 2.1896, -1.5425, 22.6164
360, 2.52678, 2.77035, 26.351, -5.90004, 2.52941, 2.78529, 25.5908, -1.35311, 11.4187, 11.625, 2.5471, -3.72129, 19.2688
361, 3.47446, 2.64396, 37.6918, 12.2556, 2.9836, 2.72683, 30.6162, 2.25016, 14.1497, 14.6637, 1.80278, -3.0239, 30.0729
362, 3.63539, 2.73365, 33.7065, 9.61566, 2.97208, 2.758, 31.7774, -0.994412, 16.0157, 11.1364, 4.62521, -8.37179, 22.3352
363, 3.16483, 2.6299, 31.6288, 15.8962, 2.77316, 2.86668, 23.5643, -2.85166, 12.476, 8.17834, 2.91001, -3.42839, 17.684
364, 2.84379, 2.65871, 34.3171, -6.37664, 2.48329, 2.5855, 30.4536, 0.0745691, 13.2418, 12.2206, 4.99125, -10.7656, 18.2859
365, 3.03941, 2.63859, 35.8442, 4.3602, 2.69991, 2.57794, 32.5827, 2.01735, 14.7015, 13.1441, 4.73705, -5.91404, 28.7911
