#i, obs_GPP3d_cycle, obs_ER3d_cycle, obs_LE3d_cycle, obs_H3d_cycle, clm_GPP3d_cycle, clm_ER3d_cycle, clm_LE3d_cycle, clm_H3d_cyle, clm_FCTR3d_cycle, clm_FCEV3d_cycle, clm_FGEV3d_cycle, clm_Qstor3d_cycle, clm_Rnet3d_cycle
1, 3.30846, 2.78154, 29.0469, 8.87724, 3.21765, 4.36261, 15.7584, 6.37352, 9.88754, 3.77123, 2.09962, 2.68563, 24.9219
2, 3.38861, 2.6953, 26.5526, -6.32715, 2.69239, 4.27309, 13.8858, 7.97453, 6.84858, 3.31443, 3.72282, 3.0566, 24.406
3, 3.51826, 2.51479, 27.7522, 20.6491, 2.68562, 4.17817, 20.8114, 18.6403, 6.97629, 7.19798, 6.6371, -13.7138, 25.1452
4, 3.52342, 2.67082, 29.6263, 10.5048, 3.01837, 4.19311, 18.4346, 19.231, 8.92684, 3.50435, 6.00338, -10.8858, 27.6463
5, 3.36534, 2.80452, 28.9812, 9.91767, 3.25358, 4.30037, 18.454, 14.2994, 10.1341, 2.98681, 5.33305, -6.65925, 26.5292
6, 3.52729, 2.64393, 27.2242, 18.3413, 3.19627, 4.41775, 19.5527, 5.99197, 9.288, 6.99143, 3.27324, 0.341917, 26.0397
7, 3.43975, 2.46354, 29.312, 6.53618, 3.15159, 4.21751, 22.1664, 20.528, 10.0461, 6.37193, 5.74837, -13.4016, 28.2056
8, 2.88933, 2.51841, 28.1666, -1.10303, 2.98657, 4.17571, 21.5674, 18.8029, 9.39601, 7.13575, 5.03566, -9.46489, 30.7865
9, 3.68363, 2.34908, 31.2889, 13.9949, 3.11447, 4.06126, 24.0269, 23.786, 10.2324, 5.17375, 8.62083, -17.3846, 30.7309
10, 3.63968, 2.52791, 32.8784, 11.1738, 3.43865, 4.12639, 24.3298, 18.7389, 11.0822, 6.83782, 6.40977, -7.7582, 35.7004
11, 3.74053, 2.86514, 24.2243, -5.65439, 3.30277, 4.32254, 13.9533, 8.04634, 7.88364, 2.73181, 3.3378, -0.157145, 22.7949
12, 3.51314, 2.72045, 35.0407, 13.5343, 3.82146, 4.4566, 18.2308, 16.6661, 11.4322, 4.44258, 2.35601, 8.25819, 43.3925
13, 3.36178, 2.72033, 29.3076, 9.99643, 3.56292, 4.3712, 18.2792, 14.1163, 10.3797, 3.03082, 4.86864, -2.79843, 29.4389
14, 3.81158, 2.55458, 30.0674, 13.3837, 3.01748, 4.30432, 21.4896, 17.6323, 9.0069, 6.87802, 5.60471, -7.88728, 29.9447
15, 3.69867, 2.53261, 31.8114, 12.5206, 3.21667, 4.00454, 23.5852, 23.3981, 9.41628, 7.20444, 6.96453, -13.2976, 33.0776
16, 2.88429, 2.40812, 22.9303, 21.1791, 2.79349, 3.92412, 16.1808, 18.1418, 7.30923, 3.93967, 4.93196, -6.87341, 26.8948
17, 3.01923, 2.36035, 23.5961, 17.7806, 2.90862, 3.92303, 16.076, 18.1754, 7.19779, 6.22554, 2.65265, -0.80567, 33.8466
18, 3.16305, 2.15732, 31.2055, 11.428, 2.735, 3.99486, 21.0927, 15.5553, 6.31729, 12.0702, 2.70518, -0.142785, 35.6879
19, 3.75889, 2.05317, 31.1881, 20.8952, 3.34433, 3.86771, 21.4722, 24.8218, 10.5046, 5.48017, 5.48749, -12.0694, 34.6751
20, 3.41299, 1.86486, 34.4288, 28.8688, 3.57949, 3.92145, 22.826, 20.427, 12.5699, 5.13304, 5.12301, -6.70343, 36.5456
21, 3.31886, 1.82363, 26.9995, 20.2907, 3.32381, 3.92384, 18.8246, 23.0886, 9.69703, 5.37304, 3.75451, -5.43055, 36.6081
22, 3.09179, 1.89333, 24.6952, 14.2001, 2.5848, 3.78941, 19.3416, 20.1871, 5.44395, 7.75074, 6.14689, -14.9988, 24.1745
23, 3.43627, 1.73988, 29.4399, 30.5404, 3.00985, 3.85952, 26.2598, 26.0463, 7.88165, 11.7128, 6.66537, -12.7627, 39.7126
24, 2.8085, 1.69611, 28.2511, 21.9135, 3.19609, 3.8982, 17.9774, 32.758, 9.14188, 3.66956, 5.16599, -8.06721, 42.4866
25, 2.84259, 1.48902, 24.7518, 32.7359, 3.28396, 3.74646, 20.3904, 19.4941, 11.3232, 2.94704, 6.12011, -12.3103, 27.3483
26, 2.59352, 1.50096, 23.3997, 11.6164, 3.44305, 3.80394, 13.5937, 14.2312, 10.2312, -0.209006, 3.57151, 1.47374, 30.212
27, 2.86083, 1.53862, 31.6449, 26.4365, 3.45401, 3.89939, 18.8744, 25.7771, 11.4858, 3.20917, 4.17943, 1.04081, 45.3248
28, 2.86039, 1.64771, 27.2078, 30.6577, 3.49398, 3.85308, 21.0133, 29.4368, 11.6826, 2.77626, 6.55438, -10.9897, 39.9924
29, 2.62166, 1.46442, 31.5427, 25.1926, 3.67556, 3.88473, 25.1441, 28.978, 12.2972, 7.23498, 5.61185, -7.60559, 46.2298
30, 2.92421, 1.54845, 29.6436, 20.8708, 3.89488, 4.05172, 21.2953, 18.9742, 12.7708, 4.75352, 3.77095, -0.671947, 40.0332
31, 3.01941, 1.39388, 31.6411, 35.4204, 4.0366, 3.96184, 29.4429, 30.3152, 15.3407, 8.27744, 5.82485, -6.16729, 52.961
32, 3.23229, 1.73689, 29.5083, 25.5806, 4.40766, 4.07582, 25.296, 18.8329, 16.3494, 4.04247, 4.90417, -1.38974, 44.2932
33, 2.80923, 1.98154, 32.332, 14.6128, 4.63162, 4.26448, 19.9682, 15.2737, 14.7789, 3.65569, 1.5336, 10.3233, 46.0189
34, 3.23282, 1.84249, 30.8551, 25.121, 3.86192, 4.19358, 26.3664, 18.088, 11.437, 10.0424, 4.88697, 1.7907, 45.1958
35, 3.26582, 1.86108, 29.3481, 35.0477, 3.6344, 4.08997, 20.03, 26.1716, 10.9641, 4.15254, 4.91335, -4.4873, 41.6087
36, 2.51566, 1.7644, 31.4354, 27.356, 3.6699, 4.07336, 22.211, 24.9123, 12.2927, 6.78573, 3.13259, -2.67893, 43.9481
37, 2.96345, 1.76922, 35.3429, 33.8792, 4.26784, 4.0303, 27.7221, 34.2152, 17.2166, 3.49853, 7.00689, -12.948, 49.4065
38, 3.50771, 1.79564, 31.1304, 41.3812, 4.51802, 4.18236, 27.1043, 27.4069, 17.7055, 4.15264, 5.24617, -2.07326, 52.9784
39, 3.43132, 1.86888, 37.825, 28.1249, 4.78592, 4.22973, 28.2342, 30.4078, 18.7306, 3.68347, 5.82013, -1.86502, 57.513
40, 3.3581, 1.8841, 32.4602, 29.309, 4.44023, 4.13151, 26.383, 30.7385, 16.5421, 2.79423, 7.04665, -7.81773, 48.5686
41, 3.42706, 1.88498, 34.9317, 33.3015, 3.98215, 3.96299, 26.8587, 39.3158, 15.7223, 4.07773, 7.05868, -11.0422, 54.3451
42, 3.34589, 1.7875, 28.764, 42.4913, 3.71648, 3.94548, 23.7105, 28.8742, 12.7284, 4.51845, 6.4637, -8.51622, 43.9685
43, 3.06973, 2.02273, 33.1735, 23.389, 4.47763, 4.10781, 29.9008, 24.2226, 20.0709, 3.33504, 6.49477, -3.96348, 51.2238
44, 3.09185, 2.09606, 34.604, 25.1946, 4.19693, 4.11333, 29.6025, 32.7768, 16.3507, 7.41812, 5.8337, -2.65379, 59.1136
45, 3.16432, 2.04115, 35.6058, 19.1625, 4.38386, 4.01386, 29.6792, 35.5725, 15.985, 7.23858, 6.45569, -7.38601, 57.9669
46, 4.03158, 1.95526, 36.4475, 39.6493, 4.59472, 4.06901, 27.6873, 37.0763, 17.9916, 3.93407, 5.7617, -2.75891, 61.8128
47, 3.52495, 2.01367, 38.6342, 34.8178, 4.58665, 4.0152, 25.4244, 35.9578, 15.8229, 4.04145, 5.56003, -4.63111, 56.5266
48, 3.5051, 2.17888, 37.8766, 30.1596, 4.78966, 4.03372, 24.3839, 43.6583, 16.9297, 2.45101, 5.00323, -5.45693, 63.1127
49, 3.46331, 2.21981, 37.2322, 19.9427, 4.91925, 4.17449, 29.0548, 37.0247, 18.9807, 4.24784, 5.82626, -2.93387, 63.6524
50, 4.4116, 2.29822, 38.5548, 46.9465, 4.92824, 4.17782, 35.8925, 37.6612, 20.0913, 8.76954, 7.03168, -5.10071, 67.7853
51, 4.15557, 2.35694, 37.5233, 38.7029, 5.1566, 4.10277, 32.4016, 39.197, 21.7994, 3.28296, 7.31925, -2.57384, 69.4086
52, 4.24979, 2.6594, 35.6947, 33.1654, 5.55836, 4.35051, 24.7386, 26.5811, 19.9698, 1.81493, 2.95387, 11.0958, 63.6439
53, 3.43001, 2.65954, 33.773, 12.5519, 5.01345, 4.45647, 25.9436, 9.19018, 16.2452, 8.04102, 1.65732, 12.3488, 47.4948
54, 3.98769, 2.44035, 35.3355, 36.7436, 4.89816, 4.41591, 25.1676, 30.1662, 16.9636, 4.52504, 3.67904, 4.95458, 59.6857
55, 3.32434, 2.44431, 39.3768, 33.8504, 5.08071, 4.4159, 31.768, 27.3783, 18.6967, 9.42576, 3.64559, 1.10204, 60.4512
56, 4.16243, 2.69029, 37.8859, 20.7388, 4.99151, 4.34067, 36.0453, 29.4851, 19.6806, 10.2353, 6.1294, -4.68612, 60.6188
57, 4.2888, 2.47472, 36.1338, 34.171, 4.70577, 4.21871, 29.335, 43.6017, 17.5851, 2.78671, 8.96325, -12.2216, 60.417
58, 4.37636, 2.4936, 43.3632, 33.5614, 5.51456, 4.30609, 33.1047, 45.8249, 23.0654, 3.63114, 6.40819, -3.99502, 75.3429
59, 4.78381, 2.56022, 41.6755, 35.9065, 5.13935, 4.36397, 29.768, 40.1024, 21.2532, 3.49016, 5.02461, 1.62013, 71.2141
60, 4.64146, 2.61313, 42.8932, 32.3531, 5.6317, 4.60881, 33.4304, 36.939, 24.1893, 4.46137, 4.77978, 7.1631, 78.8978
61, 4.7203, 2.721, 46.3192, 29.8128, 5.92861, 4.64017, 44.4509, 36.706, 26.5798, 12.2669, 5.60423, 3.75662, 84.3692
62, 5.13032, 2.70461, 37.9268, 44.4163, 4.72344, 4.19636, 29.5539, 48.9565, 19.457, 2.55733, 7.53954, -12.3235, 64.4294
63, 4.7178, 2.52143, 41.417, 59.8191, 5.03135, 4.1653, 32.2181, 54.0489, 19.0665, 7.27279, 5.87877, -5.97697, 80.7356
64, 4.08259, 2.50366, 38.6255, 35.1548, 5.40199, 4.23347, 33.253, 41.7586, 22.0736, 5.43252, 5.74689, -1.44349, 73.731
65, 4.57199, 2.40369, 42.3932, 34.5634, 5.26617, 4.23262, 29.8858, 51.2853, 20.3862, 4.75487, 4.74474, -0.357934, 81.0189
66, 4.66116, 2.60892, 45.6876, 36.0981, 6.50125, 4.57311, 39.6947, 43.623, 29.9535, 3.94615, 5.79506, 5.47902, 91.0112
67, 4.82493, 2.77101, 47.9587, 39.7276, 6.85836, 4.87314, 45.994, 37.4736, 32.5988, 8.40393, 4.99128, 10.0278, 93.5462
68, 5.11938, 2.86523, 49.2655, 48.2614, 6.88641, 4.81821, 42.2673, 37.2037, 35.9473, 1.4808, 4.83918, 9.09319, 88.9178
69, 5.27235, 3.23375, 48.9523, 35.4377, 7.19602, 4.97979, 41.1561, 38.1016, 35.7929, 1.29108, 4.07204, 11.1762, 90.9531
70, 5.40993, 3.23735, 56.7345, 55.6733, 7.32152, 5.18506, 43.3852, 41.7895, 37.477, 1.47803, 4.43016, 12.4307, 98.4117
71, 5.63501, 3.35458, 48.8646, 42.5073, 6.62047, 5.11589, 38.5157, 35.2662, 30.8925, 2.27813, 5.34516, 5.46548, 78.2898
72, 5.23589, 3.34912, 56.2456, 19.2895, 6.80227, 5.0806, 43.148, 41.4392, 33.6169, 3.78819, 5.74283, 4.24845, 88.8324
73, 5.58593, 2.90416, 50.4393, 14.889, 5.98867, 5.0073, 41.0526, 27.4367, 25.5501, 9.07196, 6.43051, 0.549915, 68.6874
74, 5.34137, 3.00102, 59.714, 38.7379, 6.69953, 4.98702, 44.586, 47.7405, 33.9378, 2.85354, 7.79468, -0.968257, 91.4037
75, 5.27455, 2.85638, 50.1736, 28.4809, 5.69097, 4.82524, 36.4807, 29.1132, 23.5262, 7.73937, 5.21512, -0.462234, 64.6879
76, 5.56424, 2.89112, 57.7411, 27.4247, 5.99244, 4.78015, 43.81, 43.8794, 27.2626, 8.99837, 7.54908, -4.83613, 82.0035
77, 5.43362, 3.00334, 52.2591, 50.5115, 6.26917, 4.69139, 41.5294, 50.5875, 28.2019, 5.85897, 7.46848, -3.02761, 89.5263
78, 5.2963, 3.07659, 50.9154, 38.08, 6.74559, 4.92869, 44.6379, 41.9632, 31.662, 5.5199, 7.45604, 0.840891, 88.4334
79, 5.50632, 2.96352, 58.1513, 38.691, 6.99827, 5.01743, 57.8728, 46.0843, 32.5734, 17.6861, 7.6133, 2.54767, 106.207
80, 6.17241, 2.88719, 54.4728, 38.7352, 6.74919, 4.84704, 44.2485, 48.1079, 31.5554, 6.51918, 6.17391, 1.19465, 93.1818
81, 6.01351, 3.08362, 57.1575, 47.5654, 7.39255, 4.98361, 51.7854, 50.2974, 37.4457, 8.2924, 6.04736, 3.69706, 106.767
82, 5.98365, 3.10119, 60.2764, 45.4565, 6.98336, 4.94755, 43.3591, 55.868, 32.7116, 3.32164, 7.32581, -0.107636, 98.6455
83, 6.20226, 2.88188, 57.0294, 44.2401, 6.64486, 4.88833, 43.1849, 51.9635, 30.6228, 5.65358, 6.90853, -1.14444, 93.6776
84, 5.93066, 2.87647, 51.4743, 46.6016, 6.74356, 4.9331, 42.1456, 46.8648, 29.53, 6.35966, 6.25599, 2.17486, 91.3894
85, 5.29206, 3.31103, 49.9468, 29.1783, 6.7622, 5.05297, 43.0656, 43.6649, 30.298, 6.63916, 6.12851, 2.37307, 89.6043
86, 5.00994, 3.61682, 46.2061, 37.7747, 6.22917, 4.96614, 40.3092, 47.8094, 28.2847, 3.97141, 8.05315, -5.95527, 82.1199
87, 5.40797, 3.75129, 57.1218, 22.6955, 7.22181, 5.33997, 49.0292, 33.0901, 33.9929, 10.1309, 4.90537, 8.25791, 91.9383
88, 5.79032, 3.84798, 59.0045, 24.6153, 7.06165, 5.27335, 50.9905, 50.4806, 33.3514, 11.2967, 6.34233, 2.52094, 102.701
89, 6.27047, 3.67376, 57.2581, 44.0289, 7.08133, 5.02176, 48.8486, 51.6966, 35.5432, 4.70811, 8.5973, -6.54869, 93.5843
90, 6.18395, 3.94151, 56.7398, 37.7623, 7.55686, 5.28485, 50.0459, 33.2943, 37.1677, 7.52149, 5.35674, 8.85959, 94.3259
91, 6.32573, 4.3663, 65.066, 21.7537, 7.8708, 5.65729, 57.0661, 38.5776, 38.5262, 13.2769, 5.26311, 12.8669, 108.979
92, 6.4463, 4.49943, 67.7156, 29.916, 7.61389, 5.6207, 55.77, 54.9185, 42.5501, 5.54764, 7.6722, 6.73437, 116.779
93, 6.64124, 4.51549, 69.6056, 37.4646, 7.98667, 5.50146, 62.433, 53.948, 45.3926, 7.36512, 9.67529, 1.53022, 118.486
94, 7.03008, 4.72239, 77.2317, 47.142, 8.25898, 5.76648, 65.8604, 45.9242, 51.8212, 7.39608, 6.6431, 15.107, 127.924
95, 6.59076, 4.59557, 65.9824, 42.4897, 7.49406, 5.55475, 58.8464, 56.5229, 43.5578, 5.25293, 10.0357, -2.36052, 110.985
96, 6.36997, 4.27241, 63.6064, 48.5865, 7.4877, 5.34178, 60.8075, 61.3224, 40.5534, 8.62, 11.6342, -5.54168, 116.365
97, 6.47277, 4.08632, 64.8972, 49.9345, 7.33748, 5.33198, 58.2702, 41.3422, 38.7805, 9.73498, 9.75472, 3.20463, 102.86
98, 6.84215, 4.32804, 70.3604, 20.7818, 7.74265, 5.50604, 56.6878, 51.8168, 39.4956, 9.32398, 7.86821, 4.87611, 113.668
99, 6.77189, 4.23861, 76.8134, 52.8497, 7.65309, 5.33084, 64.9935, 62.5107, 39.7004, 14.7959, 10.4972, -6.06889, 120.758
100, 7.56362, 4.44858, 82.5493, 56.2096, 8.52494, 5.50653, 65.1765, 68.0277, 52.0273, 2.93211, 10.2172, 1.73034, 136.923
101, 7.58863, 4.81936, 77.1783, 45.5615, 8.62272, 5.75087, 66.7518, 56.7635, 52.8919, 5.7267, 8.13321, 9.80788, 133.555
102, 7.81447, 4.89288, 66.1945, 41.8468, 7.82337, 5.71838, 59.0561, 44.4132, 43.2348, 7.19104, 8.63025, 5.74837, 108.804
103, 7.12077, 4.75709, 77.154, 25.5994, 8.57228, 5.65809, 67.0223, 68.6433, 48.5664, 8.59429, 9.86157, 0.98839, 135.987
104, 7.54955, 4.66873, 73.4285, 42.0679, 8.14625, 5.52911, 59.2818, 54.3735, 44.0291, 5.27786, 9.97493, -0.311612, 113.466
105, 7.6097, 4.75226, 66.4421, 47.6622, 7.66743, 5.63813, 56.6796, 46.9639, 36.4017, 12.5298, 7.74811, 4.91264, 108.554
106, 7.49171, 4.76851, 83.1883, 36.3568, 8.37846, 5.594, 68.2798, 72.0108, 49.057, 9.45782, 9.76496, 0.601287, 140.805
107, 8.78262, 4.83219, 85.3396, 50.1629, 8.94049, 5.66551, 69.6943, 69.8148, 54.4553, 3.68969, 11.5493, 1.21056, 141.564
108, 8.8427, 5.11871, 84.9157, 62.0599, 8.75209, 5.7199, 72.2763, 70.2142, 56.8985, 2.96365, 12.4141, 1.86132, 144.823
109, 8.13627, 5.29069, 69.6448, 44.8422, 7.89921, 5.69138, 62.2979, 37.9594, 44.5106, 8.78803, 8.99921, 4.23818, 104.449
110, 7.95903, 5.65565, 79.7048, 21.7019, 8.38326, 5.94731, 67.3052, 48.4275, 46.7742, 12.8092, 7.72179, 10.3748, 126.459
111, 8.1375, 5.45779, 83.0816, 22.1332, 8.63375, 5.92386, 65.4031, 59.8098, 51.4593, 5.60103, 8.34273, 4.20097, 129.295
112, 8.77476, 5.16926, 76.4642, 37.5154, 8.04025, 5.8755, 64.1113, 44.6663, 43.1685, 12.5163, 8.42653, 3.37076, 111.797
113, 8.32928, 5.21947, 85.3445, 34.9501, 8.41231, 5.9646, 67.0683, 57.5433, 48.1178, 10.554, 8.39656, 3.07937, 127.635
114, 8.64909, 5.05609, 89.1956, 38.4335, 8.70289, 5.88905, 65.8335, 68.7213, 51.6697, 3.66432, 10.4995, -1.0337, 134.079
115, 8.74038, 5.28634, 81.498, 52.8829, 8.6433, 6.07042, 64.8451, 60.9676, 53.0579, 3.3853, 8.402, 6.73235, 133.426
116, 7.8454, 5.43228, 84.4895, 21.5279, 8.32267, 6.12356, 67.9229, 44.1235, 47.7978, 12.1204, 8.00474, 6.92534, 118.699
117, 8.69033, 5.38508, 88.9651, 31.7854, 8.63396, 6.19436, 68.0723, 59.2782, 52.6376, 6.39258, 9.04215, 7.67749, 134.977
118, 9.24632, 5.28018, 78.4679, 46.4751, 8.44424, 6.09843, 65.3683, 56.8757, 47.1035, 8.00958, 10.2552, 0.586238, 122.417
119, 9.20414, 5.09375, 84.7503, 47.0664, 8.50998, 6.09371, 68.143, 61.0286, 46.1552, 11.118, 10.8697, 2.19527, 131.063
120, 9.02897, 5.36107, 86.7751, 41.1451, 8.61432, 6.09831, 64.4791, 66.1112, 49.5076, 4.75566, 10.2158, 5.61593, 136.617
121, 9.04247, 5.64772, 79.1739, 35.1699, 8.32352, 6.17858, 62.4217, 51.4233, 45.136, 8.4759, 8.80984, 7.00333, 121.326
122, 8.97634, 5.94957, 99.8864, 33.1588, 9.06416, 6.38354, 79.2141, 70.598, 57.8005, 11.5227, 9.89085, 9.54238, 160.136
123, 10.0526, 6.0003, 93.4307, 48.5128, 9.10235, 6.35823, 71.7324, 68.4472, 56.3475, 5.12385, 10.2611, 4.3781, 144.067
124, 9.07289, 5.99905, 86.63, 31.0592, 8.49542, 6.19752, 65.918, 55.6948, 49.7941, 7.26228, 8.86161, 1.88437, 123.157
125, 9.2468, 6.02689, 72.9965, 36.3296, 7.76404, 6.08207, 65.4469, 48.0968, 39.2573, 16.0706, 10.1189, 0.688674, 113.116
126, 9.63041, 5.86293, 83.6205, 25.7813, 8.38012, 6.15776, 68.2557, 57.7973, 41.3139, 16.8765, 10.0653, -0.587959, 125.445
127, 10.7492, 5.98171, 100.123, 46.4218, 9.18314, 6.24668, 80.715, 77.8484, 55.8569, 12.1817, 12.6764, 2.2492, 161.555
128, 10.0909, 6.27001, 91.3881, 30.2604, 8.54303, 6.15884, 66.5453, 55.2664, 49.9574, 6.63131, 9.95663, 6.52922, 128.979
129, 10.7724, 6.53614, 105.238, 45.5174, 9.04462, 6.38881, 78.8051, 71.3028, 58.4723, 7.96764, 12.3651, 7.31306, 158.328
130, 10.4165, 6.25241, 103.744, 53.8621, 9.48359, 6.48864, 75.9194, 74.4971, 58.5646, 6.13276, 11.2221, 6.63991, 156.672
131, 9.42122, 6.10888, 80.5589, 27.0749, 8.54888, 6.29313, 64.3704, 50.0722, 44.7125, 11.6547, 8.00318, 6.43749, 120.384
132, 10.242, 6.09436, 92.7873, 39.3134, 8.67272, 6.3279, 68.4508, 59.0197, 49.9353, 10.5267, 7.98886, 6.69265, 134.097
133, 8.76503, 5.74587, 87.3784, 31.4501, 8.59838, 6.20878, 64.2996, 60.1487, 46.6845, 8.6757, 8.93944, -1.76737, 121.748
134, 10.3468, 6.0919, 104.056, 31.9925, 9.29031, 6.31875, 75.9377, 74.6453, 58.0707, 7.52493, 10.3421, 5.36652, 157.406
135, 10.8425, 6.31648, 103.404, 44.1849, 9.41424, 6.57755, 81.7065, 71.8985, 59.7281, 11.3261, 10.6523, 7.27614, 161.488
136, 10.5166, 6.22471, 103.975, 41.6093, 9.28731, 6.682, 77.6026, 66.187, 56.147, 11.5299, 9.92575, 5.68317, 149.344
137, 10.1346, 6.10983, 97.4625, 29.6057, 8.63759, 6.43714, 71.1693, 58.1689, 51.4816, 10.1172, 9.57044, 1.78946, 130.053
138, 9.78096, 6.17673, 85.6175, 26.6069, 8.58554, 6.33859, 74.261, 50.0452, 47.1801, 18.5612, 8.51972, 0.189333, 124.089
139, 10.0007, 6.28944, 101.989, 30.1545, 9.18119, 6.42292, 72.163, 76.6188, 52.7629, 9.46584, 9.93428, 0.271853, 149.275
140, 10.616, 6.72758, 104.858, 34.5369, 9.21993, 6.5237, 76.1679, 58.8241, 54.4331, 12.8199, 8.91493, 5.56988, 141.271
141, 11.3189, 6.90995, 105.751, 44.3394, 9.50076, 6.70228, 76.1863, 73.4074, 57.1978, 9.29701, 9.69148, 6.87193, 156.767
142, 11.6342, 7.19338, 109.958, 36.7279, 9.54901, 6.7128, 80.4705, 74.1522, 63.0672, 6.17455, 11.2287, 4.27275, 159.101
143, 11.0696, 7.11875, 94.9487, 39.6863, 9.00776, 6.65859, 70.5769, 64.3903, 53.5601, 7.66168, 9.35506, 2.49911, 137.12
144, 10.0545, 6.81696, 110.84, 33.3841, 9.59601, 6.77431, 80.0759, 68.7109, 54.7154, 16.8407, 8.51986, 4.65574, 153.394
145, 10.5648, 6.80621, 116.034, 38.7162, 9.58314, 6.7814, 81.5299, 76.7813, 61.7191, 10.4427, 9.36807, 5.79487, 164.896
146, 11.1383, 7.00365, 123.952, 34.0796, 9.74729, 6.9363, 89.1618, 77.1071, 69.1429, 9.31246, 10.7065, 10.16, 177.312
147, 11.3415, 7.30533, 125.106, 42.0813, 9.66304, 7.02001, 86.1625, 77.7293, 68.9449, 6.43965, 10.778, 11.7954, 176.34
148, 10.9204, 7.38, 109.656, 28.7893, 9.19118, 7.00214, 80.4529, 66.8062, 61.5985, 8.38503, 10.4694, 9.09487, 155.739
149, 11.215, 7.50663, 104.862, 40.9409, 9.20483, 7.02639, 77.329, 67.1639, 60.5338, 6.58227, 10.2129, 6.01707, 150.588
150, 10.2945, 7.31039, 110.365, 42.3094, 9.03844, 7.03963, 71.281, 68.445, 58.6218, 2.69775, 9.96152, 6.1443, 145.857
151, 10.4994, 7.33816, 117.09, 36.3905, 9.54442, 7.15727, 79.1468, 79.3125, 66.2164, 1.547, 11.3833, 8.6265, 167.631
152, 10.5953, 7.25175, 115.859, 45.7145, 9.52385, 7.1061, 77.3834, 75.6056, 63.1143, 3.41784, 10.8513, 4.66381, 157.233
153, 9.68485, 7.30322, 113.175, 40.2572, 8.90316, 6.97859, 75.1027, 70.9397, 60.4389, 4.46654, 10.1972, 5.01203, 150.942
154, 11.4969, 7.29954, 98.4332, 39.3343, 8.7561, 6.93073, 74.5775, 56.1543, 52.6898, 11.3838, 10.5039, 4.45804, 134.731
155, 9.97852, 7.29471, 119.588, 26.8798, 9.20916, 7.06199, 85.3018, 68.8405, 61.9531, 13.1368, 10.2118, 8.84344, 163.985
156, 10.8553, 7.34736, 110.987, 29.6846, 8.93672, 7.06634, 75.4186, 66.463, 54.8742, 10.9116, 9.63274, 7.0303, 148.551
157, 10.5859, 7.17114, 105.314, 35.84, 9.14352, 7.10844, 76.8988, 64.5932, 53.8258, 12.1378, 10.9351, 4.37443, 145.443
158, 10.1534, 7.14141, 121.128, 37.7158, 9.05428, 7.09082, 81.2877, 76.8146, 60.0496, 8.28156, 12.9565, 3.22293, 161.843
159, 10.6395, 7.43729, 121.369, 32.4666, 9.0175, 7.01631, 82.5132, 81.0798, 64.5633, 5.09857, 12.8513, 4.57879, 168.825
160, 10.5903, 7.67008, 116.504, 35.3339, 8.91716, 7.04794, 78.9631, 70.5861, 60.4373, 7.23792, 11.2879, 7.01325, 156.309
161, 11.4207, 7.8372, 127.696, 35.2269, 9.29591, 7.16472, 87.8364, 81.9098, 68.7786, 6.81069, 12.2471, 9.74331, 180
162, 11.4039, 7.96049, 117.585, 42.2176, 9.12689, 7.11806, 82.6053, 73.3598, 63.5448, 7.15299, 11.9075, 6.80722, 162.557
163, 11.0285, 8.28337, 120.722, 31.3716, 8.99143, 7.1832, 82.8149, 70.1893, 62.6446, 9.42964, 10.7406, 9.10837, 162.233
164, 11.2236, 8.53626, 133.088, 32.042, 9.2726, 7.23659, 88.0122, 77.223, 65.4345, 11.3619, 11.2159, 7.42115, 172.458
165, 11.7681, 8.55649, 120.313, 34.5347, 9.04642, 7.03622, 86.095, 74.0447, 60.7794, 13.2983, 12.0173, 3.26887, 162.844
166, 12.8179, 8.51853, 133.414, 47.5994, 9.48749, 7.10033, 82.2714, 86.8055, 65.2713, 6.13863, 10.8616, 5.83053, 175.349
167, 11.8643, 8.77968, 121.562, 40.019, 8.80884, 7.0093, 80.1272, 76.1516, 63.3306, 6.35891, 10.4377, 5.20258, 161.461
168, 11.9015, 9.02021, 123.612, 34.0868, 9.2553, 7.16925, 85.0557, 70.0879, 63.573, 8.89326, 12.5894, 4.17246, 159.42
169, 11.6408, 8.69002, 128.034, 32.3215, 9.20013, 7.13803, 90.3934, 74.4391, 67.9064, 9.24206, 13.2451, 5.75119, 171.088
170, 11.6239, 8.85348, 131.578, 30.8326, 9.10893, 7.16118, 86.5819, 80.0984, 69.9928, 5.22011, 11.3689, 7.15446, 173.997
171, 11.2737, 8.78808, 118.866, 32.739, 8.92327, 7.11874, 80.5514, 73.6528, 61.1254, 9.36505, 10.0609, 3.76715, 156.925
172, 11.457, 8.66585, 115.811, 24.7344, 9.19006, 7.13761, 84.4414, 62.6883, 61.451, 13.1199, 9.87041, 5.45076, 152.956
173, 12.0168, 8.90352, 125.055, 27.8607, 8.93101, 7.13662, 81.3525, 73.8045, 65.1555, 6.12024, 10.0767, 9.05865, 165.041
174, 11.4226, 8.71468, 120.017, 29.5348, 9.08369, 7.28366, 81.0092, 71.3579, 62.9379, 8.33261, 9.73873, 8.16617, 159.988
175, 11.5727, 9.20339, 112.481, 27.6336, 9.0915, 7.23427, 85.188, 71.8258, 65.244, 9.04463, 10.8993, 6.47322, 164.079
176, 11.6141, 9.23455, 116.537, 26.7879, 9.05726, 7.30049, 81.4558, 72.143, 63.2106, 7.93411, 10.3112, 6.44004, 159.805
177, 10.7804, 9.09237, 119.998, 27.9525, 8.90145, 7.2621, 86.4512, 73.4155, 62.2436, 13.1094, 11.0981, 3.28649, 163.014
178, 11.3477, 9.15626, 102.562, 32.8374, 8.40877, 7.1365, 77.6045, 65.4548, 57.794, 9.06622, 10.7442, 3.30858, 145.976
179, 10.8053, 9.17771, 120.25, 24.9576, 8.77514, 7.20377, 88.2559, 72.8765, 64.6461, 12.5956, 11.0142, 6.0194, 167.772
180, 11.0453, 9.04032, 108.731, 28.5553, 8.41796, 7.116, 80.0391, 64.0251, 58.3062, 11.4113, 10.3216, 3.53781, 147.133
181, 11.0765, 8.95022, 113.407, 29.346, 8.94143, 7.18599, 85.1374, 66.6974, 60.869, 15.6541, 8.61433, 6.75553, 158.866
182, 11.4526, 8.98208, 119.037, 26.0053, 9.01766, 7.24659, 85.6893, 69.5355, 61.7558, 14.0582, 9.87527, 6.72556, 161.968
183, 11.9046, 8.80437, 126.221, 36.8797, 8.94587, 7.13692, 86.4777, 75.4111, 66.5233, 9.39155, 10.5627, 5.45002, 167.646
184, 11.7516, 8.74732, 119.297, 31.8088, 9.05979, 7.1866, 86.5936, 82.1023, 65.5313, 10.8589, 10.2034, 5.30011, 173.688
185, 11.8999, 8.80633, 119.323, 37.9981, 8.90797, 7.17813, 88.7299, 77.9181, 65.1822, 12.1459, 11.4018, 4.42927, 171.41
186, 10.5041, 8.83941, 120.133, 27.44, 8.84576, 7.21379, 80.8551, 77.4407, 62.4616, 7.81738, 10.5762, 6.15698, 164.345
187, 10.8031, 8.95094, 117.479, 22.4108, 8.59765, 7.25171, 83.3311, 70.6489, 58.2355, 15.3785, 9.71701, 6.01075, 160.034
188, 11.6121, 8.98084, 133.046, 25.6053, 8.8708, 7.2826, 85.9731, 81.5751, 66.1923, 9.17281, 10.608, 7.59057, 175.418
189, 12.1912, 9.13386, 133.762, 24.5812, 8.91845, 7.30455, 84.3967, 79.1896, 64.0852, 10.6922, 9.61935, 6.49512, 169.957
190, 11.9675, 9.17768, 122.861, 19.893, 8.7193, 7.22902, 81.2458, 72.128, 60.485, 11.127, 9.63382, 4.53864, 157.751
191, 12.1763, 9.26012, 116.848, 27.6354, 8.54443, 7.17136, 75.1871, 70.1227, 56.7826, 9.49081, 8.91373, 3.03711, 147.541
192, 11.25, 9.40768, 113.993, 22.8799, 8.57142, 7.12887, 78.5766, 71.7969, 54.987, 14.5005, 9.08908, 3.48576, 154.291
193, 11.3127, 9.58956, 114.845, 21.3284, 8.77817, 7.15773, 75.4483, 69.7654, 57.3029, 9.68242, 8.46295, 4.93444, 150.359
194, 9.91879, 9.49585, 103.444, 24.0867, 8.34213, 7.10929, 72.5394, 64.0913, 50.4678, 13.9102, 8.16136, 4.35602, 140.626
195, 11.0976, 9.5586, 119.576, 23.1555, 8.65373, 7.14873, 79.4058, 75.9289, 58.3373, 13.0397, 8.02877, 6.39074, 162.115
196, 12.5138, 9.89219, 128.726, 28.7168, 8.85898, 7.1379, 80.1573, 85.754, 62.9517, 7.09362, 10.112, 7.3998, 173.51
197, 11.9893, 9.9055, 117.965, 18.306, 8.69773, 7.10746, 77.1581, 63.2122, 54.2107, 12.9876, 9.95969, 3.58936, 143.49
198, 11.1172, 9.53016, 127.844, 31.0465, 8.60523, 7.08656, 85.4147, 77.4199, 60.3473, 14.1962, 10.8711, 3.90069, 166.725
199, 11.7542, 9.58508, 127.437, 29.6392, 8.49765, 7.10262, 79.0938, 81.1926, 61.9581, 6.31773, 10.818, 6.78319, 167.863
200, 11.8455, 9.67324, 124.238, 29.6556, 8.40121, 7.09622, 74.2846, 80.1907, 61.7033, 2.18916, 10.3922, 7.12581, 161.807
201, 10.9084, 9.51681, 119.856, 21.417, 8.43824, 7.12483, 72.0599, 75.9062, 58.0891, 4.09096, 9.8799, 5.53122, 152.71
202, 11.275, 9.54636, 125.6, 20.3024, 8.24206, 7.06448, 79.5198, 74.8649, 58.6586, 10.7538, 10.1074, 5.35729, 160.336
203, 11.0956, 9.53127, 115.714, 17.1506, 8.29663, 7.04825, 76.6921, 68.7313, 55.1466, 11.0818, 10.4637, 3.06977, 147.809
204, 12.0199, 9.71126, 109.625, 22.4578, 8.33533, 7.07054, 73.3505, 70.1918, 54.4298, 10.3031, 8.61748, 4.60954, 148.287
205, 11.0632, 9.64108, 122.289, 22.5587, 8.54273, 7.11239, 85.6824, 71.0811, 57.3365, 18.5015, 9.8444, 4.10362, 160.945
206, 11.477, 9.50866, 121.497, 20.2959, 8.57544, 7.06382, 77.6213, 78.7139, 58.6082, 8.12644, 10.8866, 1.51707, 157.587
207, 11.5737, 9.50001, 125.744, 28.2782, 8.61368, 7.05957, 78.1493, 84.1136, 61.8247, 6.62994, 9.69473, 5.47826, 168.369
208, 11.7845, 9.67451, 118.746, 25.6633, 8.28365, 7.02589, 70.0678, 73.7184, 58.8864, 3.08323, 8.09818, 7.34069, 151.246
209, 11.5716, 9.5669, 129.817, 25.4563, 8.30505, 7.07407, 75.7345, 85.2042, 61.4457, 4.46012, 9.82873, 6.15615, 167.345
210, 10.7889, 9.58208, 112.182, 24.0598, 8.22069, 7.0646, 78.1518, 71.3081, 54.6621, 13.5299, 9.95983, 1.58992, 150.06
211, 10.408, 9.41712, 106.191, 25.7452, 8.13486, 6.99856, 75.1616, 65.7902, 50.7673, 14.7134, 9.68086, -0.388838, 140.106
212, 10.0899, 9.51413, 105.703, 21.545, 7.95862, 6.93435, 71.119, 62.7734, 51.0749, 11.7706, 8.27351, 0.758445, 134.626
213, 11.0234, 9.24573, 103.962, 23.7664, 7.99609, 6.89446, 75.7869, 54.2924, 47.6556, 20.3309, 7.80041, 2.27658, 132.662
214, 10.3553, 9.35101, 117.853, 20.2868, 7.95582, 6.91615, 71.731, 73.642, 55.0827, 8.02784, 8.62042, 5.84116, 151.43
215, 10.7366, 9.51532, 113.642, 25.078, 8.00757, 6.91539, 71.1184, 72.5115, 54.3941, 7.68161, 9.04271, 4.93591, 148.594
216, 11.2051, 9.57723, 115.477, 27.1941, 8.13955, 6.97906, 70.241, 71.534, 55.7834, 5.68775, 8.76984, 5.6539, 147.995
217, 12.1059, 9.64317, 133.803, 26.4233, 8.28268, 7.02394, 75.365, 83.788, 61.7404, 4.09291, 9.53174, 7.6827, 167.232
218, 10.9147, 9.48023, 112.074, 28.1451, 8.00309, 6.9779, 71.4147, 66.538, 55.0197, 6.87872, 9.51633, 3.36355, 140.426
219, 10.8828, 9.15771, 112.782, 22.1977, 8.00236, 6.95443, 75.3301, 67.0979, 51.662, 15.0337, 8.63443, 2.3343, 144.655
220, 10.7007, 8.91009, 110.561, 24.2202, 7.95473, 6.95223, 71.3858, 57.6383, 48.3608, 14.5059, 8.51908, 2.80971, 131.576
221, 10.295, 8.74876, 111.523, 15.6408, 7.80638, 6.89054, 78.5112, 66.4914, 52.5459, 16.231, 9.73432, 1.71848, 146.544
222, 10.771, 8.67862, 113.29, 22.5531, 7.86741, 6.89771, 71.357, 68.4122, 54.3263, 7.57222, 9.4584, 4.21629, 144.448
223, 10.609, 8.57286, 102.717, 21.6985, 7.65699, 6.85714, 70.8379, 51.4243, 46.7154, 15.8034, 8.31906, 3.21672, 125.272
224, 9.76096, 8.41985, 111.168, 21.504, 8.03926, 6.85297, 73.9282, 66.5977, 53.0666, 12.432, 8.42962, 3.76777, 144.136
225, 10.1665, 8.68083, 113.829, 20.6419, 7.99791, 6.83061, 70.1978, 67.4581, 52.8091, 9.0204, 8.3683, 3.12863, 140.696
226, 10.6268, 8.912, 122.673, 25.9665, 8.19054, 6.82674, 75.8216, 72.0003, 54.7674, 11.2682, 9.78603, 0.786743, 148.431
227, 11.0201, 9.1745, 117.272, 31.7206, 8.11349, 6.78162, 72.5437, 75.774, 57.2679, 5.1736, 10.1022, 2.24746, 151.093
228, 11.5166, 9.50986, 118.425, 33.7244, 8.07442, 6.83286, 76.1824, 71.2129, 55.4532, 11.4923, 9.23683, 3.82095, 151.247
229, 11.1044, 9.6729, 110.759, 25.3584, 7.9888, 6.82266, 72.6551, 64.8116, 52.5149, 11.3253, 8.81481, 3.93447, 141.399
230, 10.3421, 9.66491, 108.846, 19.9858, 7.97135, 6.85882, 75.9958, 57.9144, 51.5776, 16.7788, 7.63937, 4.584, 138.137
231, 10.3408, 9.84904, 90.4996, 20.3102, 7.52977, 6.76386, 66.3032, 55.4276, 46.4365, 12.5759, 7.29083, 1.81481, 123.534
232, 10.0959, 9.99069, 119.293, 22.6862, 7.74901, 6.85082, 69.8521, 77.4126, 53.4465, 8.73552, 7.67005, 7.32978, 155.415
233, 10.6003, 10.2334, 113.299, 24.1861, 7.6821, 6.87802, 66.9309, 70.7331, 53.238, 5.93872, 7.75417, 6.27764, 144.008
234, 11.0251, 10.2532, 117.149, 30.2945, 7.75011, 6.89984, 68.8808, 70.9615, 52.3737, 7.5149, 8.99222, 2.03175, 140.869
235, 11.1549, 10.2341, 107.495, 22.853, 7.82578, 6.80109, 66.7947, 61.4697, 50.3514, 6.97608, 9.46716, -0.447333, 127.436
236, 11.1185, 10.1308, 113.837, 19.8066, 7.9838, 6.7142, 72.9391, 66.2017, 52.4169, 10.1563, 10.3659, -3.6829, 135.285
237, 11.3889, 10.1089, 115.238, 29.9078, 7.98202, 6.6861, 69.6858, 70.6939, 54.3216, 5.2867, 10.0775, -0.660592, 140.078
238, 11.098, 9.95811, 110.452, 20.3058, 7.79477, 6.70423, 66.5114, 62.2397, 50.6379, 6.9942, 8.87932, 0.447955, 129.091
239, 9.33056, 9.85578, 92.3142, 16.4979, 7.07841, 6.6713, 59.1839, 49.845, 44.1218, 7.8037, 7.25839, 2.08267, 110.862
240, 10.4335, 9.64655, 100.894, 20.2896, 7.51442, 6.73261, 58.655, 52.9425, 46.4167, 4.50518, 7.7331, 4.22456, 116.062
241, 10.6338, 9.61394, 109.382, 18.5299, 7.75873, 6.81983, 69.4784, 53.9234, 45.3178, 16.9049, 7.2557, 5.19851, 128.656
242, 9.87021, 9.44761, 111.536, 17.0871, 7.64171, 6.73929, 66.6523, 66.6328, 50.3552, 6.77295, 9.52412, 2.37467, 135.687
243, 10.0107, 9.12884, 101.549, 20.2916, 7.22917, 6.69134, 63.3919, 58.4413, 44.6189, 9.49236, 9.28058, 2.02212, 123.588
244, 10.4269, 8.96091, 102.977, 22.3804, 7.20298, 6.66546, 65.1071, 56.4174, 45.8756, 10.4111, 8.82046, 1.67538, 122.786
245, 9.48337, 8.91923, 96.3018, 25.7172, 6.97079, 6.52569, 58.0877, 52.6726, 43.7368, 6.52163, 7.8293, -0.694535, 110.057
246, 8.76923, 9.10325, 92.8739, 15.6588, 7.22552, 6.59611, 65.6056, 54.355, 45.5173, 12.0368, 8.05158, 1.18657, 121.287
247, 9.46581, 9.24341, 113.638, 29.3125, 7.68343, 6.58747, 70.1723, 65.9525, 52.679, 7.11019, 10.3831, -0.113808, 136.148
248, 10.852, 9.36194, 108.17, 23.187, 7.51091, 6.55015, 61.4083, 56.8373, 46.5442, 6.68078, 8.18331, 1.64071, 119.893
249, 11.0561, 9.5056, 99.2128, 27.1447, 7.21046, 6.60192, 64.548, 47.7946, 43.7925, 12.9327, 7.82272, 2.21708, 114.06
250, 9.81341, 9.59797, 90.0684, 18.1329, 7.26816, 6.5754, 65.78, 44.0572, 39.1191, 18.5719, 8.08899, -2.16027, 107.357
251, 10.0161, 9.725, 90.4874, 12.4959, 7.35575, 6.58539, 61.573, 44.9171, 40.3418, 14.105, 7.12623, 0.552275, 107.165
252, 10.1645, 9.74042, 103.71, 17.7651, 7.36408, 6.53748, 63.0951, 60.0942, 45.4089, 8.77884, 8.90733, -0.292601, 122.885
253, 9.85782, 9.51784, 101.056, 23.0328, 7.25995, 6.45553, 64.1839, 51.4227, 44.6763, 9.66025, 9.8474, -1.7394, 113.723
254, 11.1418, 9.49135, 96.4431, 22.6552, 7.33497, 6.44072, 57.3235, 56.0077, 45.5009, 2.73172, 9.0909, -1.20255, 112.118
255, 9.53549, 9.50073, 89.5769, 20.5163, 7.11756, 6.47253, 53.869, 47.0978, 39.7842, 6.56739, 7.51741, -0.435245, 100.372
256, 10.0832, 9.61637, 94.1803, 17.5578, 7.42473, 6.53384, 62.9738, 54.8441, 43.7334, 11.7841, 7.45632, 1.9866, 120.13
257, 10.2196, 9.6804, 87.7706, 25.4794, 7.12802, 6.46343, 58.8448, 49.8999, 43.1084, 6.57172, 9.16473, -1.47652, 107.301
258, 10.0591, 9.2791, 100.659, 35.5182, 7.09228, 6.50352, 61.2872, 51.8321, 44.2817, 8.04631, 8.95916, 0.310768, 113.254
259, 9.40084, 8.77658, 85.6084, 33.5202, 6.96512, 6.38517, 60.1031, 42.7944, 37.3292, 14.0206, 8.75322, -3.98413, 98.0963
260, 9.62156, 8.53699, 89.7176, 20.2561, 6.88963, 6.37518, 50.0904, 42.6591, 35.3217, 8.03681, 6.73194, -0.644459, 91.8973
261, 9.84583, 8.42249, 93.9577, 17.2485, 7.25578, 6.42648, 58.0086, 49.7091, 40.2884, 10.9058, 6.81445, 1.65145, 109.817
262, 8.81815, 8.26551, 88.9839, 12.8356, 6.90497, 6.4114, 51.0003, 46.8067, 37.8245, 6.20388, 6.97193, 0.443212, 98.0072
263, 8.77042, 8.14177, 87.5624, 20.3789, 6.73062, 6.3703, 50.8882, 45.1849, 35.5029, 8.72189, 6.66341, 0.979985, 97.0882
264, 8.61713, 8.14614, 87.7012, 18.3572, 6.87389, 6.39863, 52.3494, 42.8692, 36.0889, 9.83261, 6.42782, 0.43486, 95.781
265, 9.00823, 8.34325, 80.854, 13.0791, 6.77079, 6.43805, 49.4412, 43.2284, 36.935, 6.31771, 6.18851, 1.51416, 94.3767
266, 8.98903, 8.46031, 87.2827, 11.9135, 6.65491, 6.46517, 52.5386, 42.266, 35.6796, 9.99376, 6.86527, 0.453697, 95.026
267, 8.33098, 8.19734, 96.9303, 14.4912, 6.53971, 6.40197, 51.0274, 46.4627, 37.103, 6.67817, 7.24624, -0.703246, 96.8123
268, 7.85085, 7.97452, 71.4855, 15.8565, 5.89171, 6.30783, 42.2919, 28.1827, 28.0893, 7.55997, 6.6426, -2.71999, 66.91
269, 8.24129, 7.95355, 79.023, 6.91077, 6.41551, 6.41253, 50.2611, 34.8639, 32.5105, 11.8796, 5.87103, 0.618811, 86.3789
270, 7.57597, 7.85441, 79.9823, 12.8982, 6.57193, 6.52155, 53.4627, 34.4453, 32.9036, 16.1865, 4.37258, 3.61003, 91.5889
271, 8.54272, 7.82187, 81.1835, 6.47696, 6.7953, 6.40439, 51.014, 42.1558, 37.3085, 7.28888, 6.41657, 0.49915, 93.9131
272, 8.11728, 7.5409, 76.6338, 13.2921, 6.27795, 6.24502, 48.5121, 37.5924, 30.6576, 11.7002, 6.15426, -3.01535, 81.7566
273, 7.28385, 7.41009, 69.7664, 8.47122, 6.27476, 6.13978, 47.4014, 38.4694, 32.4489, 8.19745, 6.75502, -3.34567, 82.4643
274, 7.79611, 7.40833, 75.1263, 14.7522, 6.18659, 6.0166, 48.4478, 47.0518, 31.8223, 6.04345, 10.5821, -11.2845, 83.6647
275, 9.08525, 7.51327, 79.1385, 16.0993, 6.3457, 5.99469, 52.1256, 45.7603, 35.0668, 6.08591, 10.973, -8.67503, 89.382
276, 9.15265, 8.00626, 78.5121, 17.5673, 6.55624, 6.11793, 49.5219, 42.7522, 35.4967, 7.14454, 6.88071, 0.00784642, 93.0949
277, 9.37591, 8.07222, 80.5139, 11.7647, 6.4555, 6.16821, 51.1669, 39.1842, 34.3907, 9.58978, 7.18637, -0.42459, 89.5334
278, 8.49412, 7.93326, 77.0522, 13.0413, 6.23693, 6.02349, 49.962, 39.371, 33.4314, 7.35565, 9.17498, -5.30188, 83.7362
279, 8.30871, 7.70001, 65.7427, 15.2506, 6.09604, 6.01538, 44.9722, 34.8508, 30.4664, 6.21156, 8.29425, -3.72407, 76.2436
280, 7.48743, 7.63941, 63.8727, 16.8885, 5.88347, 6.03485, 42.4445, 33.0574, 28.5193, 7.20075, 6.72446, -0.0300921, 75.5256
281, 7.64191, 7.57963, 61.047, 10.9591, 5.30415, 5.93572, 39.2395, 23.1665, 26.3825, 6.73681, 6.12013, 0.0386917, 62.2825
282, 6.98944, 7.45076, 61.3512, 1.86726, 5.43703, 5.98779, 44.8256, 25.5402, 27.1251, 10.3417, 7.3588, -2.56859, 68.045
283, 6.73956, 7.06714, 62.4888, 2.71013, 5.50194, 6.08044, 40.3287, 25.9519, 24.4608, 8.98132, 6.88655, -2.38301, 63.2352
284, 7.01993, 6.46178, 65.8688, 17.8418, 5.6005, 5.99572, 40.768, 30.2172, 24.347, 9.86488, 6.55609, -2.88226, 67.6694
285, 6.99527, 6.11632, 64.8859, 15.6731, 5.62203, 5.88189, 38.7091, 26.8275, 24.6739, 7.7201, 6.31512, -2.44114, 63.0567
286, 7.94475, 5.89628, 72.0462, 18.8909, 6.00061, 5.90716, 45.3535, 35.1959, 27.1798, 11.9093, 6.26448, -3.34498, 77.1619
287, 7.3509, 5.76624, 64.5476, 11.9751, 5.64408, 5.76633, 40.584, 32.4541, 27.1069, 6.09541, 7.38173, -6.68602, 65.6783
288, 6.86232, 5.53, 71.2476, 12.5157, 5.66525, 5.73039, 45.6029, 36.0706, 29.1996, 6.00661, 10.3967, -9.7759, 72.2799
289, 6.32164, 5.23016, 68.8821, 21.0276, 5.64235, 5.63787, 46.7746, 33.4882, 29.4324, 6.67939, 10.6628, -10.91, 68.6509
290, 6.32655, 4.97266, 63.8843, 9.02515, 5.50064, 5.5288, 39.9312, 34.9943, 27.5653, 3.53734, 8.82862, -7.89503, 66.6422
291, 6.03596, 4.87771, 60.8867, 10.6954, 5.47363, 5.58496, 39.4378, 27.1549, 25.5539, 7.43022, 6.45369, -0.87063, 65.9371
292, 6.36689, 4.65149, 65.7193, 11.4096, 5.6804, 5.71405, 41.1437, 28.7065, 24.8414, 11.5479, 4.75441, 2.21715, 72.2952
293, 6.44084, 4.32591, 74.3626, 19.8856, 5.89726, 5.62818, 45.0903, 37.8686, 32.3906, 4.42893, 8.27066, -6.22763, 76.6063
294, 6.71367, 4.25097, 72.287, 25.3442, 6.18139, 5.53458, 44.5728, 41.8457, 34.2286, 0.880981, 9.46324, -7.02097, 79.7434
295, 6.6421, 4.29131, 61.746, 15.0425, 5.58617, 5.43924, 42.1372, 28.6184, 26.1964, 6.75755, 9.18329, -9.83507, 60.1145
296, 5.99652, 4.33705, 71.1203, 11.2677, 5.76873, 5.49895, 40.6443, 37.81, 29.3192, 2.57729, 8.74777, -7.29675, 71.264
297, 5.85959, 4.58967, 65.8698, 8.20085, 5.412, 5.52043, 37.901, 26.0471, 25.1519, 5.54579, 7.2033, -6.03542, 58.1193
298, 6.06022, 4.50336, 63.6666, 15.5028, 5.46325, 5.48247, 38.2064, 34.8759, 24.293, 6.6328, 7.28057, -8.18934, 63.8766
299, 5.21946, 4.60178, 57.5385, 9.97562, 5.26598, 5.34637, 33.1005, 29.6944, 22.588, 4.04495, 6.46754, -7.63923, 54.8936
300, 4.94209, 4.49589, 49.6618, -2.55278, 5.10835, 5.41716, 33.4901, 16.8176, 21.6593, 7.34273, 4.48806, -0.68287, 49.8342
301, 4.74435, 4.51153, 54.0597, -11.554, 4.99364, 5.50666, 37.4459, 9.17869, 19.0686, 14.9898, 3.38756, 2.32777, 48.9992
302, 5.27046, 4.0182, 60.1542, 11.2894, 4.80899, 5.26055, 36.6113, 25.6722, 21.0959, 5.81718, 9.69825, -12.526, 48.6847
303, 5.98173, 3.99436, 63.4898, 8.89203, 5.28049, 5.10289, 40.0055, 36.6009, 24.7624, 5.28862, 9.95452, -15.2616, 61.3616
304, 6.04552, 4.18353, 60.3196, 11.5402, 5.46276, 5.18273, 33.8144, 24.9159, 26.1338, 0.172145, 7.50841, -6.48208, 53.1468
305, 5.77025, 4.05009, 48.5761, 6.97543, 5.05331, 5.29844, 30.096, 15.7444, 21.209, 3.32308, 5.56387, -1.50052, 44.505
306, 5.26038, 3.91585, 46.6878, -3.20796, 4.68024, 5.22478, 29.4049, 16.3573, 17.7308, 5.48579, 6.1883, -5.81738, 38.8403
307, 5.1845, 4.09941, 56.6575, 10.8351, 5.01695, 5.15011, 30.3991, 31.485, 21.1664, 2.71957, 6.51314, -8.20924, 53.6956
308, 5.08708, 3.99405, 52.1646, 8.42366, 4.45721, 5.05113, 28.7897, 15.8761, 16.552, 7.35909, 4.87865, -6.79252, 37.5638
309, 5.40047, 3.96832, 57.5234, 16.0615, 5.06587, 5.19676, 33.5831, 26.017, 20.1668, 7.51523, 5.90097, -3.32376, 56.7382
310, 5.21487, 3.99695, 54.5565, 8.80701, 4.99257, 5.20694, 29.3667, 18.47, 19.0293, 5.31458, 5.02284, -1.99349, 46.1112
311, 5.1793, 4.02194, 52.9713, 13.2044, 4.72037, 5.17451, 28.3325, 22.2522, 18.0346, 4.81262, 5.48535, -4.24916, 45.9452
312, 5.50791, 4.08309, 57.9325, 6.87918, 4.84321, 4.9858, 34.3446, 27.6899, 19.8985, 6.52536, 7.92073, -12.7775, 48.4238
313, 5.4632, 3.75373, 52.8053, 9.08419, 4.63615, 4.98589, 26.177, 15.9417, 18.355, 2.53439, 5.28762, -4.03581, 38.8691
314, 4.91352, 3.85696, 53.0476, -5.70239, 4.8618, 5.09426, 32.3273, 16.7323, 19.5326, 7.97463, 4.82006, -1.83571, 46.7124
315, 4.84481, 3.68379, 56.0071, 5.49399, 4.58174, 4.86378, 28.8359, 29.5402, 18.1348, 2.91172, 7.78938, -13.6595, 43.9889
316, 5.05067, 3.51367, 47.6118, 9.93098, 4.63993, 4.9162, 29.4368, 23.4524, 18.6417, 4.45669, 6.33841, -7.9727, 45.2411
317, 4.34359, 3.54917, 46.4033, 11.5113, 4.01125, 4.91012, 27.1202, 13.2509, 14.7087, 6.20074, 6.21079, -7.91869, 32.4156
318, 4.07786, 3.45355, 45.7552, 11.4565, 4.32065, 4.99988, 31.0938, 18.1153, 16.2548, 9.80197, 5.03699, -4.03448, 45.5118
319, 3.64155, 3.4318, 40.1066, 1.09481, 4.53627, 5.09954, 26.8644, 16.2089, 15.8503, 6.93288, 4.08123, -1.1994, 42.0954
320, 4.71199, 3.42431, 46.7673, 6.78009, 4.69578, 5.0804, 30.7041, 11.6368, 16.8521, 10.9759, 2.87615, 3.09888, 45.3334
321, 4.93334, 3.34805, 46.1543, 29.7508, 4.44789, 4.86862, 30.478, 20.3518, 15.7146, 8.27072, 6.49269, -9.74879, 40.0498
322, 4.46777, 3.22975, 45.299, 13.2211, 4.22722, 4.76595, 27.9449, 20.0264, 15.9591, 3.99591, 7.98981, -13.4641, 34.1047
323, 4.51255, 3.4033, 40.8082, 7.337, 3.88688, 4.68644, 24.5611, 18.1028, 14.2003, 3.96488, 6.39598, -10.747, 31.8072
324, 4.08597, 3.53973, 41.3599, -3.44835, 4.2287, 4.66824, 24.5245, 17.6992, 15.2424, 3.3554, 5.92669, -8.22597, 33.9545
325, 4.28062, 3.28567, 37.9377, 1.11529, 3.97004, 4.63539, 22.2015, 12.7761, 13.4876, 3.61232, 5.10149, -5.04544, 29.9831
326, 4.63593, 3.38287, 37.181, 5.89234, 4.05984, 4.76106, 26.4731, 10.4129, 13.64, 8.81625, 4.01687, -2.44239, 34.6494
327, 4.42231, 3.33369, 37.1143, 3.6829, 3.62661, 4.59542, 23.4316, 14.2106, 11.1365, 7.17564, 5.1195, -9.60587, 26.7012
328, 4.60762, 3.04606, 43.2298, 12.9984, 4.00648, 4.56776, 26.6303, 19.6492, 13.9889, 5.25269, 7.38873, -11.1875, 35.6879
329, 4.16647, 2.95946, 35.0748, 12.4846, 3.75403, 4.54598, 21.7827, 17.3711, 11.7674, 3.81387, 6.20143, -9.80057, 29.136
330, 4.08318, 3.28914, 38.0719, 11.0697, 4.24568, 4.68907, 22.0025, 10.6226, 13.8678, 4.48964, 3.64504, -0.854395, 32.7464
331, 4.4233, 3.22339, 40.6004, 4.17459, 4.16215, 4.69193, 28.3864, 11.095, 14.1009, 8.31025, 5.97523, -6.02183, 32.9416
332, 4.42657, 2.94631, 42.7312, 9.1476, 4.23714, 4.53246, 24.629, 16.55, 14.1792, 5.2383, 5.2115, -7.43008, 33.6525
333, 4.1766, 2.96006, 38.5106, 9.99261, 4.09095, 4.64996, 17.0939, 6.37816, 13.3642, 0.843356, 2.88629, 1.1925, 25.6723
334, 4.06363, 3.25497, 37.2637, 2.62835, 4.20843, 4.84548, 21.0783, 7.04114, 14.07, 4.18219, 2.82609, 3.33286, 32.1533
335, 4.55285, 2.97976, 36.6749, 0.141562, 4.35426, 4.89964, 29.2292, 11.3913, 15.4491, 9.06238, 4.71772, -2.45821, 36.9739
336, 4.04789, 2.84067, 35.1109, 2.78138, 3.51439, 4.48972, 23.0316, 10.0032, 10.0815, 4.78672, 8.16338, -15.3248, 17.0977
337, 3.78828, 2.86995, 39.0162, 3.70418, 4.03184, 4.65927, 26.7753, 14.717, 13.6298, 6.77741, 6.36803, -8.75776, 32.7239
338, 4.20661, 2.73504, 37.0169, 0.542187, 3.76815, 4.46597, 20.856, 14.1881, 11.4307, 3.97157, 5.4538, -8.28051, 26.3608
339, 3.43914, 2.59746, 31.677, 1.84799, 3.43064, 4.58736, 17.883, 10.6399, 8.35269, 6.12008, 3.41022, -1.96407, 26.8487
340, 4.12921, 2.47186, 32.9521, 13.9347, 3.35398, 4.52183, 19.6936, 16.0196, 9.34265, 4.8288, 5.52212, -9.10249, 26.1847
341, 3.98265, 2.59386, 29.3807, 3.23749, 3.08046, 4.41805, 24.2096, 15.0658, 8.81037, 8.75823, 6.64103, -13.5712, 25.0928
342, 3.64241, 2.41366, 30.2232, 11.1837, 2.96741, 4.24949, 23.0889, 22.4657, 8.60071, 5.78833, 8.6998, -20.8174, 24.0371
343, 3.24806, 2.72744, 30.4521, 10.2448, 3.25507, 4.33026, 19.092, 17.2536, 8.6856, 5.18028, 5.22613, -10.1207, 27.4414
344, 3.11221, 2.63366, 33.3566, 3.79208, 3.59325, 4.5575, 23.3278, 11.2973, 11.7974, 6.30136, 5.22899, -5.28027, 29.5061
345, 3.43535, 2.50231, 31.091, 8.04562, 3.23816, 4.3734, 17.7376, 12.9836, 9.98266, 1.58692, 6.16804, -12.4492, 17.6238
346, 3.44908, 2.43145, 33.0891, 3.2258, 3.56575, 4.46028, 16.3294, 6.46533, 11.436, 1.45326, 3.44013, 4.30771, 27.7076
347, 3.63237, 2.43333, 28.7411, -0.44445, 3.22276, 4.34978, 17.4798, 14.6828, 9.26564, 3.64583, 4.56833, -5.56366, 26.1351
348, 3.29843, 2.35176, 31.209, 15.397, 3.57486, 4.39175, 22.0698, 14.8922, 10.921, 3.74199, 7.40682, -10.5575, 26.9895
349, 3.24656, 2.62993, 34.3557, 3.28031, 3.58838, 4.51589, 20.1756, 9.10585, 10.6396, 3.71243, 5.82361, -4.48677, 25.2642
350, 3.26121, 2.55533, 33.325, 7.79644, 3.372, 4.43978, 23.199, 11.1426, 10.0278, 7.45053, 5.72072, -11.519, 21.3939
351, 3.58028, 2.32612, 33.3311, 17.9814, 3.58167, 4.35368, 19.39, 14.9116, 9.42519, 6.48137, 3.48344, -2.24327, 32.8326
352, 2.99541, 2.52347, 31.6488, 2.76959, 3.38956, 4.44233, 17.5189, 7.63793, 9.47917, 4.99053, 3.04926, -2.20583, 22.7498
353, 3.81464, 2.52141, 34.0844, 10.2919, 3.28003, 4.17073, 23.3443, 13.3625, 10.2677, 7.38667, 5.68994, -11.7129, 23.9719
354, 3.01845, 2.31235, 29.8426, 6.47455, 3.2737, 4.09085, 19.809, 11.0782, 8.94619, 4.76108, 6.10173, -13.469, 17.4989
355, 2.5278, 2.26513, 28.8598, -0.310147, 3.37074, 4.20931, 18.7862, 6.24097, 8.78549, 5.30518, 4.69555, -5.47452, 19.9176
356, 3.41265, 2.39979, 32.7435, 4.81816, 3.23151, 4.33464, 11.1117, 6.66868, 8.21374, 0.863713, 2.03425, 5.16783, 23.756
357, 3.64704, 2.71081, 32.0221, -4.08253, 3.51918, 4.60133, 15.6022, 5.62319, 9.11776, 3.80702, 2.67746, 4.34178, 26.6665
358, 3.27272, 2.82735, 35.0541, 2.71995, 3.46679, 4.56037, 19.9361, 7.18851, 9.74849, 5.75055, 4.43701, -2.49838, 24.2375
359, 2.58852, 2.92724, 28.4935, -11.2373, 3.1699, 4.54722, 18.8841, 4.96181, 7.83952, 7.58643, 3.45816, -0.802976, 22.9852
360, 2.52678, 2.77035, 26.351, -5.90004, 2.97188, 4.43378, 17.8868, 6.16571, 7.33948, 6.94223, 3.60508, -3.76573, 19.5624
361, 3.47446, 2.64396, 37.6918, 12.2556, 3.52696, 4.40383, 22.9928, 14.848, 10.3746, 7.02261, 5.59562, -9.63703, 28.4085
362, 3.63539, 2.73365, 33.7065, 9.61566, 3.51705, 4.35877, 24.0126, 11.9168, 11.3826, 5.69697, 6.93297, -13.6745, 22.0779
363, 3.16483, 2.6299, 31.6288, 15.8962, 3.09565, 4.44879, 17.9514, 2.52889, 7.65105, 6.4679, 3.83243, -2.30401, 18.3777
364, 2.84379, 2.65871, 34.3171, -6.37664, 3.19147, 4.20618, 24.3203, 7.64362, 9.38301, 9.25038, 5.68692, -12.1438, 18.8204
365, 3.03941, 2.63859, 35.8442, 4.3602, 3.35004, 4.19666, 19.3767, 13.1552, 10.414, 4.66794, 4.29476, -3.8496, 28.6535
