#i, obs_GPP3d_cycle, obs_ER3d_cycle, obs_LE3d_cycle, obs_H3d_cycle, clm_GPP3d_cycle, clm_ER3d_cycle, clm_LE3d_cycle, clm_H3d_cycle, obs_G3d_cycle, obs_Rn3d_cycle, clm_Rn3d_cycle, clm_G3d_cycle, clm_FCTR3d_cycle, clm_FCEV3d_cycle, clm_FGEV3d_cycle
1, 2.50538, 2.36326, 31.2118, 6.6144, 2.07785, 2.43922, 34.1854, 19.2055, -3.55298, 48.303, 40.9488, -11.697, 17.7545, 10.602, 5.82885
2, 2.40295, 2.3527, 33.9088, 9.88297, 2.08791, 2.50063, 30.4443, 23.384, -4.7204, 53.3793, 47.3129, -6.59522, 19.0896, 5.75853, 5.59612
3, 2.32176, 2.24208, 27.7553, 16.8208, 1.99266, 2.46978, 31.7074, 30.0971, -7.68216, 53.7347, 46.3945, -14.2506, 16.6215, 9.31767, 5.76824
4, 2.61082, 2.00638, 31.4331, 19.0097, 1.71802, 2.28053, 35.4443, 33.244, -8.39725, 63.0551, 54.0399, -14.4104, 17.4224, 10.5483, 7.47361
5, 2.69852, 1.88473, 30.9799, 19.9798, 1.66922, 2.03025, 32.77, 43.4902, -8.54984, 68.0718, 56.43, -18.979, 19.9282, 4.55283, 8.28901
6, 2.603, 1.98611, 32.4328, 16.9098, 1.8549, 2.09431, 35.1939, 36.529, -6.05402, 71.2914, 60.153, -12.0015, 21.2779, 6.97131, 6.94474
7, 2.77856, 1.84672, 34.4807, 26.2885, 1.9685, 2.04663, 37.655, 49.4603, -6.70506, 83.0235, 70.908, -15.8626, 23.8002, 6.33422, 7.52055
8, 2.39214, 1.8474, 27.8086, 23.3605, 1.87389, 2.00486, 31.4508, 46.6051, -6.4948, 70.7664, 60.6968, -17.0521, 21.4186, 3.38542, 6.64681
9, 2.63576, 2.09043, 28.2157, 13.4973, 1.98705, 2.07563, 27.9723, 29.8843, -5.77305, 58.8228, 50.2224, -8.59828, 20.8146, 1.36109, 5.79662
10, 2.61831, 2.282, 26.7833, 11.4548, 2.11917, 2.23199, 28.3286, 22.3562, -3.40943, 56.725, 48.6818, -2.87866, 18.8853, 4.49781, 4.94551
11, 2.53741, 2.6764, 29.0141, 10.4565, 2.49864, 2.55182, 34.5625, 21.6284, -1.41815, 67.8029, 60.9248, 3.38042, 19.6687, 10.2283, 4.66544
12, 2.61473, 2.38923, 31.8807, 11.0834, 2.39555, 2.46076, 35.6149, 24.0047, -5.16801, 62.1579, 53.8015, -5.48925, 22.0896, 7.19209, 6.33321
13, 2.84074, 2.37167, 32.6465, 19.8043, 2.25796, 2.36687, 33.0068, 37.1747, -6.07163, 71.0321, 61.8365, -7.58644, 21.547, 5.58281, 5.87696
14, 2.76282, 2.15467, 32.7328, 17.1784, 2.14754, 2.3101, 30.532, 33.1214, -6.01006, 64.4212, 54.0797, -9.26169, 21.3032, 3.42153, 5.80733
15, 2.76045, 2.27296, 33.0209, 14.2264, 2.20606, 2.2859, 30.4438, 35.357, -4.74653, 64.3135, 57.7535, -8.03751, 21.7658, 2.72576, 5.95233
16, 2.81407, 2.30188, 32.0789, 19.1237, 2.245, 2.38148, 32.1571, 39.5037, -2.05132, 76.0036, 66.6411, -5.28014, 22.6192, 3.75538, 5.78254
17, 2.46206, 2.16059, 36.7243, 14.0771, 1.97329, 2.25339, 36.3227, 35.9367, -3.71559, 69.2582, 59.5875, -11.5771, 21.885, 7.85689, 6.58079
18, 2.81282, 2.06013, 32.1785, 26.5723, 2.30868, 2.27428, 35.0403, 41.3916, -4.53603, 85.512, 73.453, -4.09551, 22.3209, 6.3209, 6.39848
19, 2.84277, 2.24238, 33.1402, 20.2004, 2.38721, 2.30088, 40.632, 32.2795, -6.13981, 85.0554, 67.9059, -5.30743, 24.6478, 9.6229, 6.36136
20, 2.71556, 2.17729, 35.3588, 20.279, 2.12672, 2.22246, 33.9617, 38.9599, -5.27337, 75.7582, 61.3357, -10.6175, 21.572, 5.68325, 6.70644
21, 2.64413, 2.30395, 33.9328, 23.3718, 2.27497, 2.37549, 33.0645, 38.4533, -1.90744, 79.1818, 65.8655, -6.09706, 20.7843, 5.80635, 6.47387
22, 2.62411, 2.21055, 30.6896, 14.5, 2.25489, 2.33679, 32.5438, 36.801, -3.64916, 70.882, 61.1599, -8.04941, 19.8619, 6.31964, 6.36227
23, 2.61042, 2.27014, 30.0885, 16.0658, 2.15648, 2.29757, 38, 27.7667, -4.65026, 69.4333, 59.055, -6.9212, 22.4318, 8.60969, 6.95857
24, 2.69776, 2.31969, 29.8315, 18.6808, 2.15518, 2.3777, 34.7433, 29.1999, -2.48661, 70.7029, 59.3647, -4.62163, 19.514, 9.10537, 6.12391
25, 3.06073, 2.19323, 36.0346, 20.9495, 2.43748, 2.34039, 40.0728, 36.4658, -3.97624, 84.7224, 71.5054, -5.47432, 25.2328, 7.57766, 7.26227
26, 3.21103, 2.41845, 34.7467, 13.6136, 2.62931, 2.43327, 37.0929, 28.6428, -2.37998, 74.1709, 64.4419, -1.79062, 24.9441, 5.90986, 6.23894
27, 3.01107, 2.27861, 32.4646, 18.2151, 2.46291, 2.38898, 36.9707, 31.5115, -4.52963, 71.0144, 62.2115, -5.89883, 24.9302, 5.19442, 6.84607
28, 2.87846, 2.10005, 32.955, 17.0143, 2.31556, 2.32971, 35.9611, 33.1823, -5.37118, 69.5583, 60.0998, -8.3742, 22.5374, 6.85971, 6.56398
29, 2.81438, 2.19966, 36.1947, 15.8271, 2.35412, 2.29908, 42.5334, 32.0694, -4.56632, 76.6194, 66.7163, -7.83694, 26.2096, 8.99788, 7.32598
30, 3.20544, 2.04279, 36.8958, 21.5002, 2.19732, 2.24034, 41.2186, 38.0922, -3.46206, 81.563, 71.3546, -7.68699, 24.5182, 8.44766, 8.25275
31, 2.65973, 2.1606, 32.1976, 16.9474, 2.01549, 2.08977, 38.9053, 38.918, -5.44776, 72.1447, 62.7426, -14.4343, 24.0468, 6.51616, 8.34232
32, 2.9218, 2.42937, 29.4102, 6.75269, 2.58595, 2.2955, 33.4003, 18.3544, -4.07807, 58.3724, 52.2151, -1.42819, 23.4766, 4.10293, 5.82082
33, 3.09475, 2.66776, 42.0883, 21.2538, 2.62715, 2.60433, 41.9313, 33.4438, 0.29486, 97.2692, 82.0135, 6.11497, 22.2306, 13.1934, 6.50735
34, 2.91672, 2.45002, 33.2157, 13.8166, 2.35086, 2.49346, 36.2191, 31.9084, -3.06328, 68.8489, 63.9962, -3.82461, 22.7285, 7.10346, 6.3871
35, 3.011, 2.48652, 37.5416, 7.90387, 2.40044, 2.49534, 41.1255, 25.6557, -2.16533, 65.7216, 59.6594, -6.6755, 22.9416, 10.7387, 7.44517
36, 3.00621, 2.72549, 39.7951, 15.853, 2.64615, 2.63438, 41.2162, 27.4175, 0.0139641, 83.3616, 71.9702, 2.36244, 23.6195, 10.7002, 6.89656
37, 3.20015, 2.61459, 37.9911, 21.2196, 2.68675, 2.66855, 43.571, 32.2189, -2.64945, 79.7674, 71.2017, -4.34443, 27.497, 7.74232, 8.33166
38, 2.9786, 2.65971, 36.6479, 23.7627, 2.46064, 2.56258, 40.987, 41.6558, -3.77753, 95.0955, 77.9739, -4.50633, 25.61, 6.75998, 8.61703
39, 3.4305, 2.69316, 41.9921, 21.6987, 3.12536, 2.682, 49.1762, 37.7838, -3.55504, 96.3777, 87.174, -0.485822, 29.702, 10.4121, 9.06206
40, 3.43461, 2.36676, 42.709, 19.5535, 2.72826, 2.50927, 39.8775, 43.6388, -4.92593, 90.7035, 76.1542, -6.5591, 27.6747, 4.04436, 8.15845
41, 3.14681, 2.35651, 34.159, 20.1924, 2.63621, 2.46269, 38.0351, 43.3833, -5.02622, 82.7376, 73.5405, -7.61929, 25.403, 5.15274, 7.47931
42, 2.72005, 2.74028, 30.3442, 19.4489, 2.59044, 2.69139, 34.806, 30.4828, -1.58467, 70.869, 67.6769, 1.43771, 23.5304, 4.76054, 6.51513
43, 2.59047, 2.73553, 30.5086, 16.13, 2.89643, 2.84826, 38.7595, 32.2078, -2.54162, 75.0282, 68.392, -2.405, 26.0817, 5.48251, 7.19527
44, 3.20244, 2.52889, 41.2752, 25.8894, 2.41228, 2.59503, 47.6821, 52.1272, -3.60002, 105.835, 91.9221, -6.72117, 26.7293, 11.8112, 9.14157
45, 3.12034, 2.26724, 39.682, 21.8751, 2.55033, 2.37588, 45.3505, 41.8339, -5.71684, 91.8211, 79.2878, -8.31698, 27.6225, 8.05556, 9.67237
46, 3.38966, 2.54696, 39.3316, 22.5633, 3.17981, 2.78684, 43.5426, 36.7587, -0.938009, 94.3397, 84.1151, 2.61903, 29.3899, 6.50269, 7.65003
47, 3.054, 2.56957, 38.7336, 25.4662, 2.83486, 2.73102, 45.7878, 43.1357, -2.35688, 94.6134, 85.1741, -3.23007, 27.8706, 9.08268, 8.83456
48, 3.21798, 2.64745, 40.5506, 26.1951, 3.14094, 2.87589, 44.395, 45.614, -3.07364, 98.423, 90.8247, 0.101887, 31.1134, 4.78901, 8.49262
49, 3.18428, 2.75999, 33.5638, 23.5686, 3.37784, 3.02098, 40.2557, 33.7749, -1.18032, 88.5107, 78.1409, 3.22883, 28.5045, 4.52181, 7.22947
50, 3.48017, 3.02122, 42.5105, 28.1738, 3.74973, 3.36136, 52.6075, 37.9297, 1.29243, 110.34, 99.157, 7.90517, 34.8125, 9.48831, 8.30673
51, 3.42355, 2.76076, 38.8693, 26.3776, 3.21425, 3.05197, 44.9941, 45.1019, -3.75412, 97.9474, 83.4431, -5.40634, 33.1342, 3.13845, 8.72149
52, 3.73159, 3.10725, 39.288, 20.4377, 3.75143, 3.31452, 51.3159, 32.5871, -0.72135, 106.264, 92.5152, 6.94623, 35.4316, 7.20509, 8.67918
53, 3.38318, 3.16619, 32.4127, 18.2237, 3.81693, 3.50109, 41.0789, 30.1734, 4.05434, 86.6391, 78.5774, 6.98376, 30.1896, 3.67378, 7.21552
54, 3.53271, 3.33505, 42.5267, 29.8839, 3.85402, 3.69032, 47.8939, 35.3355, 3.23707, 97.8184, 91.4347, 7.79939, 34.8887, 4.93766, 8.06751
55, 3.58887, 3.15246, 42.2577, 16.0212, 3.55174, 3.60526, 57.1598, 30.3584, -0.0714033, 96.5112, 86.6034, 0.234999, 34.4465, 12.535, 10.1783
56, 3.31768, 2.81996, 46.3877, 23.6832, 3.08427, 3.21086, 53.348, 42.2647, -1.79825, 96.3546, 87.1427, -7.35161, 31.9413, 9.51122, 11.8955
57, 3.34013, 2.66427, 46.9153, 20.9934, 2.78197, 2.93789, 50.3491, 40.8321, -2.23753, 91.0937, 81.1696, -8.91354, 30.1507, 9.24128, 10.9572
58, 3.5082, 2.55414, 39.095, 22.2286, 2.8859, 2.77216, 44.4593, 48.3681, -3.03914, 95.031, 84.4938, -8.29525, 27.9786, 6.7408, 9.73981
59, 3.51524, 2.74031, 40.7014, 26.0201, 3.5858, 3.13146, 48.3146, 43.4137, -0.883524, 105.928, 95.0767, 1.70914, 32.1837, 6.90531, 9.22558
60, 3.45343, 3.20363, 44.5501, 21.2091, 3.59787, 3.44517, 50.3981, 38.8576, -0.745145, 101.783, 92.607, 3.074, 32.5379, 8.44599, 9.41424
61, 3.71631, 2.80272, 49.0358, 27.5029, 3.38991, 3.27169, 54.1489, 45.9877, -2.20943, 105.681, 95.8686, -3.47094, 33.7883, 10.4429, 9.9178
62, 3.39715, 2.94081, 46.0059, 31.9165, 3.34796, 3.24922, 50.0526, 51.0761, -2.36859, 112.878, 102.187, 0.378684, 35.2211, 4.31002, 10.5215
63, 3.39196, 2.38737, 47.9211, 36.5637, 2.65118, 2.84911, 54.243, 62.0653, -5.60817, 110.803, 98.8698, -15.1915, 30.6866, 9.77748, 13.7789
64, 3.26097, 2.65675, 42.0412, 23.4388, 3.27152, 2.96444, 54.3464, 42.574, -1.86047, 105.051, 94.1175, -3.90772, 34.4891, 8.64311, 11.2142
65, 3.35403, 2.52426, 48.2407, 32.3657, 2.7609, 2.7832, 54.1289, 57.9245, -3.01107, 111.594, 101.065, -9.76936, 32.224, 10.362, 11.543
66, 3.98789, 2.69315, 51.0077, 41.9422, 3.2458, 2.88908, 54.0132, 69.4427, -2.4985, 136.686, 123.165, -1.38518, 37.736, 4.79885, 11.4784
67, 4.26536, 3.0322, 52.885, 44.405, 4.21658, 3.41171, 58.6164, 60.5515, 1.56179, 146.774, 132.973, 11.1697, 47.2932, 0.0102878, 11.3129
68, 3.89377, 3.34018, 45.4833, 25.3979, 4.32523, 3.66348, 54.2263, 33.7584, 2.38657, 109.43, 98.2426, 9.35017, 43.5098, 0.754853, 9.96168
69, 4.34946, 3.65263, 51.5276, 29.742, 4.86227, 4.11503, 67.5981, 42.4234, 5.8469, 138.332, 127.131, 15.902, 49.6249, 7.16365, 10.8096
70, 3.90859, 3.49763, 38.3087, 19.0969, 4.61516, 4.17288, 53.2889, 33.6793, 3.66593, 102.475, 92.5711, 6.2755, 39.9133, 4.242, 9.13359
71, 3.88067, 3.47947, 51.4996, 28.319, 4.36845, 4.12726, 65.8289, 39.5385, 3.97061, 120.901, 109.591, 4.78174, 40.1136, 14.6327, 11.0826
72, 3.84066, 3.16973, 50.6526, 36.7605, 4.18253, 3.92915, 63.1168, 51.8431, 1.94489, 124.088, 113.17, -1.03399, 42.892, 8.22592, 11.9989
73, 4.09629, 3.35055, 52.6033, 39.7988, 4.40776, 4.00244, 62.8328, 55.1912, 1.88858, 135.68, 123.88, 4.99925, 46.6721, 4.40915, 11.7516
74, 4.15396, 3.51291, 49.1536, 36.2923, 4.67771, 4.22496, 62.9177, 46.5268, 3.33745, 130.034, 116.967, 6.91391, 47.5382, 4.23412, 11.1454
75, 3.71601, 3.50183, 45.6022, 35.2129, 4.16992, 4.08808, 60.5971, 46.9969, 2.0652, 121.643, 109.423, 2.31951, 46.3197, 2.5038, 11.7736
76, 3.76412, 3.53337, 44.8046, 28.9092, 4.50804, 4.1631, 59.2235, 38.8494, 2.5289, 113.523, 102.23, 3.91527, 44.467, 4.41039, 10.3461
77, 4.2473, 3.69305, 51.027, 27.6626, 4.62647, 4.27553, 65.3101, 38.891, 2.78274, 122.466, 112.292, 7.43409, 46.6491, 8.52507, 10.1359
78, 4.42779, 3.79495, 56.4939, 40.9069, 5.06012, 4.55689, 68.9099, 52.6017, 4.25449, 146.1, 133.569, 11.3685, 49.8552, 7.60026, 11.4544
79, 4.62229, 3.89214, 62.145, 44.0791, 5.0488, 4.5994, 74.5048, 60.6739, 4.20455, 156.394, 142.292, 7.3506, 55.3938, 6.42787, 12.6831
80, 4.29468, 3.62485, 58.9961, 43.8983, 4.62194, 4.2484, 68.5413, 65.4945, 2.06491, 145.255, 131.588, -1.36338, 51.4622, 4.38169, 12.6974
81, 4.27854, 3.55859, 54.7302, 42.9352, 4.39896, 4.057, 64.9901, 66.7178, 1.9679, 143.351, 130.112, -1.23061, 50.0572, 2.62947, 12.3034
82, 4.00313, 3.33395, 44.9449, 30.8131, 4.519, 4.03683, 56.9437, 45.5943, 1.92598, 112.119, 101.806, -0.770425, 45.0618, 1.77424, 10.1077
83, 4.33224, 3.75158, 58.4965, 44.0397, 5.16368, 4.50535, 74.4361, 49.0388, 4.66116, 151.797, 139.557, 14.0105, 56.2015, 6.23227, 12.0024
84, 3.91668, 3.69096, 54.7862, 37.7808, 4.62882, 4.36232, 66.2471, 58.6408, 3.37729, 137.181, 125.299, 1.58905, 52.1048, 2.05276, 12.0895
85, 3.65326, 3.54077, 49.6315, 36.7671, 4.03882, 4.01333, 59.2751, 55.1932, 1.23693, 119.131, 106.76, -6.14256, 40.8512, 7.65592, 10.768
86, 4.03317, 3.65718, 52.3532, 36.4986, 4.3193, 4.11584, 59.637, 52.8669, 1.8163, 128.086, 116, 2.58664, 43.4297, 5.73025, 10.477
87, 3.89706, 3.67244, 51.6685, 33.7162, 4.505, 4.25798, 61.4343, 50.2633, 2.56464, 128.433, 117.087, 4.82444, 45.1453, 5.53994, 10.749
88, 4.7148, 3.71048, 58.2029, 37.985, 4.85159, 4.36655, 71.4044, 57.3983, 2.39052, 147.859, 135.049, 5.94726, 53.4088, 5.12011, 12.8755
89, 4.29689, 3.75618, 58.4173, 34.2708, 4.79781, 4.35376, 67.9336, 50.5059, 1.30721, 134.549, 122.235, 3.71501, 52.0228, 2.31353, 13.5972
90, 3.8304, 3.63987, 51.6328, 24.0381, 4.80025, 4.47007, 68.3252, 40.1643, 1.7145, 122.268, 110.833, 2.65006, 45.1123, 10.7744, 12.4385
91, 4.428, 3.99215, 63.1852, 38.8319, 4.88547, 4.68395, 73.4064, 59.2238, 4.58945, 157.373, 143.272, 9.59629, 53.0473, 6.58874, 13.7704
92, 4.58638, 4.29962, 66.8328, 39.8258, 4.96496, 4.8484, 76.7096, 60.3875, 4.79309, 160.958, 147.028, 9.45556, 56.5692, 5.38472, 14.7557
93, 4.82123, 4.24166, 65.8204, 35.8435, 5.10999, 4.81958, 78.0238, 51.2586, 4.50054, 150.506, 132.597, 3.54398, 55.781, 3.36865, 18.8741
94, 5.10336, 4.39546, 67.641, 35.4387, 5.37191, 5.01107, 80.0967, 46.9978, 5.27028, 151.591, 135.338, 7.67962, 55.8952, 5.81621, 18.3853
95, 4.72743, 4.20951, 62.218, 30.9573, 4.77408, 4.68916, 73.892, 46.6728, 1.28369, 128.756, 115.397, -3.44545, 46.7706, 11.5954, 15.5259
96, 4.77234, 4.03281, 67.3743, 36.6109, 4.96312, 4.71335, 81.7544, 57.1265, 2.55516, 159.176, 143.261, 3.98914, 51.1726, 10.6071, 19.9747
97, 4.97466, 4.15732, 64.5872, 35.1904, 5.08461, 4.77586, 75.0592, 55.6538, 2.20161, 151.153, 134.628, 3.49025, 51.4367, 5.89739, 17.725
98, 5.16516, 4.1974, 68.9569, 41.8475, 5.36458, 4.96988, 79.8862, 61.517, 3.96236, 164.302, 148.761, 6.92773, 55.8718, 7.20822, 16.8062
99, 5.32733, 4.45382, 77.2957, 40.7442, 5.66571, 5.23077, 89.2659, 59.4383, 5.97156, 178.653, 161.83, 12.0184, 64.1939, 7.55751, 17.5145
100, 5.84959, 4.3896, 74.915, 40.3423, 5.48574, 5.15955, 84.682, 64.6191, 4.13834, 177.175, 156.984, 7.83483, 65.9342, 1.55719, 17.1906
101, 5.98838, 4.39082, 77.6978, 42.4488, 5.79424, 5.26502, 83.8449, 61.8628, 4.5829, 172.891, 154.083, 8.23236, 64.7882, 3.04092, 16.0158
102, 5.76136, 4.47817, 75.2971, 37.5195, 5.81546, 5.23149, 80.1783, 57.0873, 3.83736, 160.259, 143.212, 6.10841, 59.9346, 5.69337, 14.5503
103, 5.45892, 4.54435, 73.5799, 30.5872, 5.46233, 5.2491, 84.4493, 47.3343, 2.43178, 153.282, 137.859, 5.7975, 60.8435, 7.27299, 16.3328
104, 5.163, 4.77991, 61.2122, 16.7092, 5.34333, 5.19046, 77.8976, 35.5782, 4.28249, 127.275, 114.985, 2.01029, 53.3331, 7.93253, 16.632
105, 5.42005, 4.22897, 68.845, 35.1501, 5.15854, 4.86763, 81.0037, 55.0664, 2.28914, 145.616, 128.402, -5.88855, 48.7356, 10.5504, 21.7176
106, 5.92149, 4.13955, 81.6021, 43.626, 5.26213, 4.81288, 87.7054, 71.8242, 2.36561, 183.992, 163.473, 3.17826, 57.9801, 8.35311, 21.372
107, 6.04016, 4.24422, 73.5859, 40.5654, 5.58037, 4.91355, 85.0661, 64.2929, 2.27454, 169.165, 154.802, 4.67323, 62.6045, 1.5698, 20.8918
108, 5.54759, 4.57472, 70.0578, 28.0859, 5.56472, 5.05972, 80.2274, 47.3322, 1.92521, 145.979, 134.199, 6.04727, 58.2663, 3.11986, 18.8413
109, 5.40142, 4.63629, 65.1937, 22.6033, 5.44684, 5.15664, 75.9366, 41.4612, 3.28901, 127.875, 117.352, 1.10611, 50.1439, 9.4099, 16.3828
110, 6.17678, 4.17092, 78.4503, 38.6861, 5.51516, 5.02785, 86.0606, 65.0798, 3.49976, 167.869, 154.956, 3.73954, 58.2106, 8.08898, 19.761
111, 6.15951, 4.29964, 84.01, 40.9373, 5.72632, 5.06275, 89.8783, 68.0123, 2.50703, 181.186, 166.554, 7.75808, 65.0062, 3.34258, 21.5295
112, 6.13865, 4.3683, 82.3438, 36.1331, 5.77083, 5.19458, 90.0848, 60.5474, 3.59867, 172.398, 158.672, 7.61636, 63.9739, 6.13648, 19.9744
113, 5.91783, 4.56884, 80.2439, 42.5272, 5.73648, 5.4585, 89.8289, 65.1036, 4.76432, 180.138, 166.81, 11.4515, 63.7504, 5.38409, 20.6944
114, 6.47959, 4.64639, 83.9647, 36.346, 5.84748, 5.44259, 94.3395, 62.4415, 3.57851, 179.672, 165.361, 8.57038, 66.3531, 7.4699, 20.5164
115, 6.12445, 5.01299, 83.494, 34.2572, 6.4533, 5.85178, 90.0233, 56.4117, 5.50782, 173.817, 160.349, 13.0947, 66.5243, 5.6892, 17.8097
116, 6.43096, 5.03465, 94.5051, 37.4341, 6.3829, 5.89994, 98.1124, 71.7001, 5.11824, 196.795, 180.919, 11.0152, 72.3985, 5.37443, 20.3394
117, 6.45489, 4.71842, 75.8159, 37.3033, 6.2555, 5.68388, 84.8149, 62.3283, 2.96444, 162.884, 149.345, 3.03938, 65.8369, 2.37632, 16.6017
118, 6.42838, 4.90985, 80.5665, 37.4904, 6.22991, 5.72979, 87.9239, 58.7768, 3.34363, 167.997, 154.023, 7.14207, 64.6045, 7.42663, 15.8927
119, 6.06717, 4.99129, 79.0122, 31.9374, 5.86982, 5.63347, 85.9424, 51.6133, 3.14653, 156.561, 142.925, 5.20222, 63.9831, 6.25934, 15.7
120, 6.74782, 5.22885, 93.0522, 36.0509, 6.07647, 5.74279, 93.0818, 62.7304, 3.85216, 180.449, 165.21, 8.83749, 68.2626, 7.08293, 17.7363
121, 6.47732, 5.26534, 81.06, 32.1852, 6.15169, 5.79753, 90.0654, 58.7154, 4.91256, 168.065, 153.438, 4.9953, 66.9304, 4.97514, 18.1599
122, 6.86243, 5.1588, 85.908, 37.7118, 6.31503, 5.7903, 91.5206, 57.6008, 4.92337, 176.826, 158.443, 8.74994, 69.9516, 4.29158, 17.2774
123, 6.85457, 5.56544, 81.9624, 34.5212, 6.25432, 5.73923, 89.9731, 55.2374, 4.85221, 172.489, 154.086, 8.67741, 68.3156, 2.53661, 19.121
124, 5.67021, 4.96948, 82.5925, 37.0433, 5.89385, 5.534, 88.0104, 62.816, 2.75827, 170.324, 151.325, 1.98502, 59.0832, 9.31138, 19.6158
125, 6.40043, 4.93825, 95.8399, 44.6163, 6.32643, 5.74679, 99.0478, 76.6517, 4.07075, 205.797, 183.573, 7.40398, 66.7574, 11.0057, 21.2847
126, 6.7376, 4.83588, 96.7703, 52.3209, 6.15651, 5.66539, 95.763, 87.118, 4.0455, 212.181, 189.225, 6.27186, 71.2712, 2.18013, 22.3118
127, 6.89627, 4.88078, 96.5264, 51.6028, 6.20476, 5.62967, 98.0669, 75.7459, 2.98631, 202.551, 182.153, 7.58911, 74.0566, 2.82839, 21.1819
128, 6.79106, 5.39789, 91.8187, 42.8477, 6.54624, 5.88856, 100.463, 68.0417, 5.14656, 198.79, 182.243, 12.5685, 77.31, 2.18679, 20.9662
129, 6.91339, 5.45726, 91.5083, 40.178, 6.45007, 5.91738, 94.9219, 69.2247, 4.73906, 188.088, 172.539, 8.74251, 74.4074, 2.09672, 18.4177
130, 6.86641, 5.4561, 92.8661, 38.6093, 6.51988, 5.93457, 98.7853, 63.4625, 4.72003, 184.961, 171.895, 9.23687, 75.937, 5.42693, 17.4214
131, 7.27598, 5.6408, 94.3189, 41.5381, 6.71118, 6.06617, 102.598, 69.2235, 5.53453, 197.912, 183.344, 11.1563, 78.5584, 5.30757, 18.7316
132, 7.18603, 5.568, 87.9186, 39.1439, 6.4832, 5.9423, 90.2762, 65.9348, 4.51458, 174.958, 162.679, 6.97653, 72.0638, 2.05518, 16.1573
133, 7.37516, 5.48591, 99.941, 44.4644, 6.79323, 6.03579, 97.1079, 69.7908, 4.27305, 191.404, 176.324, 9.41441, 73.2227, 7.58261, 16.3027
134, 7.27189, 5.42111, 96.365, 42.4767, 6.89498, 6.13505, 97.7156, 67.9986, 4.46779, 189.001, 172.156, 6.87776, 72.6547, 9.96219, 15.0987
135, 7.0155, 5.347, 89.0025, 40.4168, 6.68502, 5.95512, 93.7367, 68.1271, 2.82519, 178.753, 163.18, 1.91885, 69.6332, 6.25267, 17.8509
136, 6.9144, 5.64396, 87.0561, 38.2841, 6.43766, 5.83585, 96.1927, 68.1675, 2.64252, 183.582, 168.529, 3.92747, 70.2746, 3.60659, 22.3115
137, 6.51487, 5.59889, 88.7929, 40.2002, 6.7567, 6.06428, 98.2984, 66.6363, 4.25977, 187.709, 173.127, 7.87294, 68.2555, 10.9055, 19.1375
138, 6.8905, 5.45692, 86.8822, 38.2039, 6.93618, 6.13041, 98.8145, 63.6922, 3.08094, 184.385, 169.484, 6.98366, 68.0639, 14.0513, 16.6993
139, 7.25217, 5.72938, 100.79, 46.8286, 6.68828, 6.26893, 101.149, 80.7093, 4.59218, 213.437, 196.343, 13.3733, 79.0325, 4.5305, 17.586
140, 6.66281, 5.80251, 87.5333, 34.9699, 6.57378, 6.19848, 93.5272, 59.8033, 4.14187, 174.458, 159.927, 6.79703, 71.9646, 5.86958, 15.693
141, 6.83101, 5.70919, 87.7897, 37.4497, 7.02153, 6.40762, 94.7996, 64.523, 4.89359, 184.669, 169.362, 9.94273, 70.7425, 8.37373, 15.6833
142, 7.37251, 5.79368, 96.2034, 49.1592, 6.79621, 6.49528, 95.7071, 76.0228, 5.28652, 199.898, 184.059, 11.9759, 74.8565, 4.70485, 16.1458
143, 7.36853, 5.94717, 106.242, 43.3867, 6.86746, 6.59547, 103.831, 70.8167, 5.21357, 203.083, 186.663, 11.5237, 74.7416, 12.6459, 16.4434
144, 7.62514, 6.16022, 99.4967, 44.6815, 6.96589, 6.67001, 103.386, 70.1825, 4.91098, 201.826, 184.937, 11.0807, 78.2186, 7.76399, 17.403
145, 7.2705, 6.01204, 95.7747, 41.7926, 6.86055, 6.51256, 105.038, 67.1678, 4.55, 195.245, 179.474, 7.50793, 78.7904, 8.73799, 17.5092
146, 6.79746, 6.16802, 88.0219, 32.5191, 6.63034, 6.37541, 93.8702, 61.5296, 3.87111, 174.75, 159.576, 4.65823, 71.4339, 7.26127, 15.175
147, 7.19799, 6.08716, 91.2593, 41.6185, 7.07178, 6.4937, 99.4633, 69.1666, 5.76897, 195.779, 179.603, 10.5846, 74.7401, 10.9973, 13.726
148, 7.45937, 5.98558, 93.1431, 39.9366, 7.1981, 6.57895, 95.8503, 63.0874, 5.08513, 184.216, 168.636, 9.56171, 71.9614, 10.304, 13.5849
149, 7.36622, 6.21075, 96.1641, 40.2417, 7.13004, 6.69439, 99.4816, 66.5214, 5.17667, 191.158, 175.448, 9.28351, 71.7767, 12.6934, 15.0116
150, 7.63459, 6.04919, 95.5822, 41.579, 7.1421, 6.75718, 101.753, 65.933, 5.0173, 194.585, 178.754, 10.7112, 77.0602, 10.1741, 14.5189
151, 7.44954, 6.3461, 94.2162, 45.0726, 6.98678, 6.7316, 100.297, 71.7542, 5.21864, 199.004, 182.162, 10.0615, 79.0857, 5.96725, 15.2445
152, 7.36466, 6.27027, 90.7078, 37.6978, 7.12301, 6.71109, 96.4512, 64.386, 4.97713, 185.046, 168.96, 8.2239, 75.0468, 8.0152, 13.3892
153, 7.13297, 6.0446, 93.4065, 41.3426, 6.89325, 6.6575, 99.8184, 64.9448, 4.76675, 187.783, 171.331, 6.90256, 74.4074, 11.0849, 14.326
154, 7.21723, 6.33681, 91.1382, 44.1645, 6.99898, 6.69301, 97.7015, 68.817, 4.86039, 192.811, 176.361, 9.37644, 75.7427, 7.58943, 14.3695
155, 7.00808, 6.26125, 92.5009, 40.7939, 7.11611, 6.78503, 97.9007, 68.0871, 4.84071, 191.636, 175.225, 9.24883, 74.1067, 9.62425, 14.1697
156, 6.61098, 6.13748, 86.2372, 32.4539, 7.01827, 6.67919, 91.6641, 60.0261, 4.05771, 169.262, 154.537, 3.67256, 67.9652, 9.01584, 14.683
157, 5.62334, 5.80672, 74.5702, 27.2514, 6.68676, 6.45106, 79.855, 43.0667, 3.86992, 134.695, 122.088, 0.0165277, 54.0704, 12.9254, 12.8592
158, 6.5987, 5.88616, 99.1234, 36.2915, 6.92541, 6.7602, 98.5637, 60.7875, 4.75044, 184.674, 169.884, 9.91501, 63.4378, 17.7406, 17.3854
159, 7.35418, 6.1404, 102.438, 36.2604, 7.07166, 6.93294, 107.548, 66.5366, 4.68027, 203.467, 186.288, 11.4949, 75.2673, 13.6982, 18.5821
160, 6.57597, 6.03818, 81.224, 29.378, 6.62491, 6.64081, 89.9345, 54.4428, 3.31177, 159.791, 144.764, 1.31385, 65.1789, 6.5249, 18.2307
161, 7.09294, 6.4569, 94.576, 35.9508, 7.05443, 6.93597, 97.675, 59.6477, 5.07727, 185.97, 169.349, 11.0474, 68.1702, 11.9224, 17.5824
162, 7.53449, 6.43859, 91.1417, 38.9172, 7.40322, 7.11786, 97.8752, 62.5354, 5.13901, 186.927, 170.146, 9.54915, 69.1948, 10.7377, 17.9427
163, 7.64122, 6.58533, 101.48, 39.6608, 7.30736, 7.31513, 105.821, 68.9289, 5.74584, 207.445, 189.556, 13.9821, 75.386, 11.8068, 18.6285
164, 7.84057, 6.66526, 103.355, 39.5596, 7.08299, 7.29388, 103.557, 70.6013, 5.37821, 202.106, 184.384, 10.1562, 78.8771, 6.51315, 18.1663
165, 7.31744, 6.46182, 104.127, 44.0855, 6.80216, 7.16241, 100.876, 77.456, 4.90676, 205.749, 187.775, 9.67222, 79.0605, 3.77729, 18.0383
166, 7.73571, 6.53502, 105.536, 43.0897, 7.1262, 7.08773, 102.673, 73.7347, 4.89519, 202.285, 184.423, 7.99492, 77.7028, 7.29787, 17.6722
167, 7.68006, 6.46096, 99.3214, 41.7839, 6.9294, 7.06885, 103.718, 73.0657, 4.0157, 199.587, 181.918, 5.81478, 74.6573, 10.775, 18.2862
168, 7.80129, 6.56945, 104.939, 46.1344, 7.15716, 7.22903, 108.063, 78.4641, 4.11926, 217.077, 197.523, 10.3301, 78.0541, 10.054, 19.9555
169, 7.86799, 6.82916, 104.347, 39.9468, 7.24153, 7.46998, 107.848, 74.9364, 4.55411, 213.403, 193.627, 10.5025, 81.2227, 7.19857, 19.4268
170, 7.64321, 6.72669, 101.478, 40.2839, 7.10366, 7.43439, 107.263, 76.3256, 5.10963, 212.38, 193.193, 9.57504, 79.1257, 9.24625, 18.891
171, 7.52362, 6.73247, 94.6984, 37.1809, 6.89256, 7.26085, 100.695, 72.0262, 4.8308, 198.853, 180.588, 7.8781, 79.471, 3.31092, 17.9131
172, 7.80826, 6.7167, 98.2067, 40.0268, 6.86491, 7.18518, 103.689, 73.7165, 5.28126, 205.918, 186.997, 9.3115, 79.7529, 5.50206, 18.4338
173, 7.46525, 6.88591, 97.1143, 37.1134, 7.00426, 7.13866, 104.727, 67.7935, 5.2797, 198.683, 180.723, 8.21167, 80.3242, 6.05364, 18.3491
174, 7.4743, 6.6418, 92.4676, 37.553, 7.04162, 6.99613, 100.562, 73.0576, 4.38786, 197.29, 178.656, 5.74925, 75.0709, 8.75802, 16.7326
175, 7.20043, 6.65618, 87.3721, 35.8577, 6.82707, 6.81147, 94.5505, 61.8586, 2.99306, 178.21, 160.897, 4.76217, 68.4652, 11.0269, 15.0585
176, 7.21652, 6.64594, 93.2628, 38.173, 6.61208, 6.8866, 98.5593, 67.0596, 4.40494, 194.456, 176.238, 9.96558, 70.7867, 11.9883, 15.7842
177, 7.93886, 6.72474, 95.9228, 39.6872, 7.01151, 6.91225, 100.735, 72.918, 4.41883, 201.31, 181.961, 8.28286, 77.4345, 7.52988, 15.7706
178, 7.72779, 6.64768, 92.8649, 38.4646, 7.1776, 6.87716, 100.729, 70.9183, 3.36903, 195.802, 177.555, 6.19206, 75.7736, 9.42566, 15.5302
179, 7.34802, 6.68026, 83.5717, 35.4633, 6.93647, 6.81081, 96.4899, 67.0902, 2.94413, 183.154, 166.02, 2.83556, 72.3129, 7.53098, 16.646
180, 7.30175, 6.51109, 89.0789, 41.6562, 7.48338, 6.89104, 98.5573, 71.7501, 3.41178, 195.676, 176.275, 5.98146, 68.6055, 14.3427, 15.6091
181, 7.23758, 6.42674, 83.0555, 33.0377, 7.48022, 6.902, 92.9375, 59.0814, 3.74298, 168.516, 153.442, 2.07313, 64.2382, 14.0926, 14.6067
182, 7.31568, 6.57568, 90.7993, 39.3309, 6.93546, 6.79177, 94.7374, 71.981, 4.22944, 194.175, 175.263, 7.60473, 67.5483, 11.0613, 16.1278
183, 7.88109, 6.85369, 92.024, 35.5908, 7.37603, 7.20859, 104.705, 62.9353, 3.76821, 193.091, 175.424, 7.66716, 71.9603, 13.7736, 18.9711
184, 7.30364, 6.91032, 93.6434, 36.9241, 6.70419, 7.18439, 100.917, 69.8071, 4.20545, 196.87, 178.983, 8.15244, 73.1763, 9.75488, 17.986
185, 7.132, 6.42854, 91.5973, 33.9765, 6.89305, 7.02267, 98.4368, 62.6416, 2.28993, 180.39, 159.96, -0.0570049, 68.4076, 11.9845, 18.0448
186, 7.3286, 6.53971, 85.6925, 35.0503, 7.16263, 6.9531, 91.5962, 65.7508, 2.91388, 182.821, 162.24, 4.69174, 67.7181, 6.72156, 17.1566
187, 6.93065, 6.41869, 83.538, 34.0636, 7.03711, 6.83514, 88.428, 61.9946, 2.81298, 171.057, 153.647, 3.29778, 64.0558, 8.03121, 16.3411
188, 7.46242, 6.74705, 92.7467, 40.8424, 7.19227, 6.95201, 98.8445, 67.9149, 4.21163, 198.109, 178.694, 10.9144, 72.9834, 9.38423, 16.4769
189, 7.44187, 6.62909, 91.4644, 39.7116, 7.01475, 6.9837, 100.614, 70.8308, 3.72736, 196.7, 178.236, 7.00679, 73.1457, 10.055, 17.4133
190, 7.72643, 6.58116, 94.6952, 42.9148, 7.31636, 7.03706, 102.27, 72.4188, 3.31865, 200.507, 181.483, 6.8567, 72.1501, 13.0534, 17.0663
191, 7.44768, 6.41769, 94.9495, 37.8969, 7.12722, 7.08756, 96.4619, 71.7361, 3.19813, 190.687, 171.845, 4.16146, 69.4212, 10.1739, 16.8667
192, 7.56292, 6.61256, 98.2089, 42.8775, 7.42019, 7.07708, 99.9126, 72.1502, 3.75991, 202.474, 181.675, 8.97108, 73.2352, 10.364, 16.3134
193, 7.50493, 6.79186, 96.8845, 40.8839, 7.01023, 7.01966, 97.4914, 72.1223, 3.6435, 199.01, 177.316, 7.54097, 74.8795, 6.4565, 16.1555
194, 7.77904, 6.87598, 94.2108, 43.146, 7.31472, 7.02517, 105.457, 68.3849, 4.38837, 200.194, 180.953, 6.88838, 73.9138, 14.5037, 17.0392
195, 7.42779, 6.8198, 92.8697, 41.8662, 7.0619, 7.05821, 98.8052, 72.6112, 4.61542, 198.191, 179.089, 7.7059, 74.1339, 8.27747, 16.3938
196, 6.84799, 6.41821, 83.7869, 34.3087, 6.71144, 6.85059, 93.0771, 66.7982, 2.61626, 174.479, 157.362, -1.17886, 63.7649, 13.4149, 15.8973
197, 6.85341, 6.63138, 86.6142, 31.2984, 7.3293, 6.93897, 96.4697, 60.2917, 1.2061, 176.059, 158.599, 1.82044, 62.939, 17.0554, 16.4754
198, 7.12038, 6.4671, 95.519, 34.0642, 7.19925, 7.11666, 103.035, 63.2342, 1.26244, 188.839, 170.925, 4.48403, 67.4251, 16.03, 19.5797
199, 7.92202, 6.88321, 104.388, 40.8346, 7.36437, 7.39717, 107.949, 66.719, 3.81346, 207.564, 186.467, 10.7178, 77.6414, 10.9544, 19.3531
200, 6.94769, 6.79643, 85.0426, 30.9126, 6.95202, 7.31085, 94.6067, 61.8863, 2.87895, 171.124, 158.046, 2.38767, 70.9784, 5.93421, 17.6942
201, 7.51688, 6.72718, 94.8176, 37.7983, 7.71344, 7.34191, 104.878, 66.5722, 3.50445, 196.504, 178.778, 6.94112, 70.8691, 17.1708, 16.8385
202, 6.905, 6.70258, 84.1986, 31.3061, 7.19723, 7.27915, 98.8524, 57.5361, 3.51005, 174.789, 158.643, 2.6266, 69.0078, 12.9601, 16.8845
203, 7.40776, 6.70493, 96.248, 43.0994, 7.39669, 7.33341, 110.137, 70.9654, 3.95907, 210.633, 190.353, 8.61769, 76.103, 15.1281, 18.906
204, 7.03468, 6.87992, 90.543, 39.1747, 7.22291, 7.31842, 102.047, 68.2694, 3.03139, 188.695, 170.969, 1.40913, 69.2168, 13.9906, 18.839
205, 7.05868, 6.57018, 91.4476, 38.7373, 7.32552, 7.27742, 100.7, 69.2041, 3.25438, 192.935, 174.52, 4.4087, 70.4708, 12.1143, 18.1152
206, 7.69822, 6.70749, 106.685, 38.294, 7.6494, 7.42553, 110.738, 66.2059, 2.93108, 204.698, 186.349, 8.76423, 76.1511, 16.5138, 18.0728
207, 7.68327, 6.92799, 91.3387, 35.9346, 7.28069, 7.36735, 101.036, 66.8297, 3.19464, 191.065, 173.308, 5.62739, 75.268, 7.94782, 17.8206
208, 7.50114, 6.72023, 89.4555, 35.4505, 7.42287, 7.23362, 98.5585, 65.7819, 2.24403, 188.591, 168.932, 4.67782, 72.8259, 9.62176, 16.1109
209, 7.3376, 6.85237, 91.7998, 37.0362, 7.29557, 7.28846, 98.5084, 66.8949, 3.56857, 189.595, 172.414, 6.77111, 75.1943, 7.34816, 15.9659
210, 7.21086, 6.78326, 92.8203, 35.356, 7.31198, 7.24801, 105.709, 60.8801, 3.28571, 188.416, 170.641, 4.30169, 73.8088, 15.3158, 16.5845
211, 7.45095, 6.90261, 96.561, 38.4557, 7.22731, 7.2602, 108.968, 67.6862, 4.43801, 203.318, 185.629, 8.30702, 79.4874, 12.5287, 16.9517
212, 6.65459, 6.79605, 81.4984, 30.8581, 6.97022, 6.98964, 92.0542, 60.2911, 2.64603, 164.875, 150.037, -1.19085, 72.4141, 5.09426, 14.5459
213, 7.0528, 6.5855, 88.0123, 36.0093, 7.36269, 6.9666, 96.6405, 62.1807, 2.63202, 179.764, 161.415, 2.67197, 66.8861, 14.7859, 14.9686
214, 7.52816, 6.69188, 89.2941, 38.0609, 7.41185, 7.01221, 92.9693, 66.2915, 2.92994, 180.076, 164.225, 4.72679, 70.2346, 8.70733, 14.0274
215, 7.23398, 6.86585, 84.9624, 34.8135, 7.36691, 7.04282, 93.5549, 60.4655, 3.04231, 174.915, 158.16, 4.13847, 69.9035, 9.85057, 13.8009
216, 7.57852, 6.93685, 96.1288, 36.487, 7.45725, 7.15605, 102.34, 63.1327, 3.12762, 190.022, 172.516, 6.74258, 72.9081, 13.1382, 16.2943
217, 6.93475, 6.86466, 85.8502, 38.1168, 7.28195, 7.10071, 100.5, 61.0332, 2.62044, 180.276, 163.572, 2.30198, 70.7109, 12.4032, 17.3862
218, 7.31315, 6.97075, 95.1345, 38.3274, 7.47612, 7.22191, 103.521, 65.5435, 2.99053, 196.915, 178.025, 8.39269, 73.4955, 13.0085, 17.0171
219, 7.57248, 7.0829, 92.2777, 36.7311, 7.2566, 7.31607, 102.274, 63.2503, 2.48985, 198.554, 170.124, 4.81449, 70.5473, 14.2407, 17.4856
220, 7.08689, 7.09443, 87.6416, 33.7849, 7.10321, 7.25441, 96.3905, 57.7133, 1.44922, 178.745, 156.096, 2.27564, 67.0356, 12.1416, 17.2133
221, 7.78726, 7.08921, 99.0913, 38.1765, 7.49161, 7.46251, 104.523, 65.5999, 3.35607, 196.539, 178.013, 7.23808, 74.015, 11.8945, 18.6133
222, 7.38063, 7.21717, 92.2065, 34.7804, 7.35214, 7.38274, 100.739, 63.0581, 2.64374, 183.71, 166.705, 3.37284, 72.4387, 11.2676, 17.0329
223, 7.16724, 7.0383, 87.5135, 38.7462, 7.35508, 7.30239, 99.4538, 66.2331, 3.14997, 188.495, 170.882, 5.1396, 71.9191, 11.2789, 16.2558
224, 7.28852, 7.18591, 100.626, 42.1758, 7.25751, 7.44198, 109.624, 65.702, 3.83942, 200.934, 182.135, 6.5723, 73.4211, 18.7614, 17.4415
225, 7.58108, 7.12374, 93.1091, 38.0933, 7.43908, 7.38428, 107.551, 63.9137, 2.72698, 195.568, 176.769, 5.07725, 77.7743, 10.4893, 19.2877
226, 6.89313, 6.92811, 87.6473, 33.7731, 6.93227, 7.18032, 96.0585, 59.7894, 2.14837, 178.505, 154.607, -0.184495, 69.4068, 10.3639, 16.2878
227, 7.22191, 6.61931, 86.8605, 38.2603, 7.30721, 7.00404, 98.7221, 60.0894, 1.64112, 175.146, 158.403, -0.190597, 68.5939, 13.0605, 17.0678
228, 7.19912, 6.88232, 95.85, 35.8249, 7.15215, 7.09337, 104.542, 56.3914, 2.44133, 182.887, 165.894, 4.38706, 71.7157, 15.3251, 17.5015
229, 6.65759, 6.75648, 79.9309, 33.1714, 6.70481, 6.96818, 91.1307, 54.7695, 2.13702, 161.437, 146.208, 0.764288, 68.5917, 6.57393, 15.965
230, 6.90349, 6.86545, 83.1202, 32.7838, 7.24965, 6.88813, 89.8865, 53.6825, 1.87038, 161.701, 145.627, 2.07001, 66.7056, 9.12476, 14.0561
231, 6.87186, 6.60606, 85.3259, 31.6406, 7.17096, 6.91494, 94.6382, 51.8082, 2.01586, 164.974, 146.861, 0.768639, 63.3229, 15.0951, 16.2201
232, 6.52083, 6.65969, 80.2156, 30.1734, 6.87081, 6.78016, 93.2391, 49.6274, 1.75262, 160.093, 144.566, 1.66863, 64.0915, 15.3271, 13.8204
233, 6.68403, 6.75812, 85.9533, 33.7934, 7.01952, 6.79744, 97.9112, 52.9986, 1.91785, 169.556, 153.443, 2.61328, 64.7138, 18.2865, 14.9109
234, 7.50596, 6.99328, 95.261, 37.7268, 7.07208, 6.81253, 96.7765, 57.8377, 2.29344, 181.213, 163.534, 7.88019, 71.4516, 10.4382, 14.8867
235, 7.30752, 6.81487, 90.1135, 36.797, 6.97394, 6.78689, 100.817, 58.4458, 1.58153, 179.373, 161.248, 2.28679, 74.5406, 9.63985, 16.6363
236, 7.33712, 6.84171, 90.12, 39.5243, 6.57421, 6.73243, 94.0571, 66.1758, 2.61756, 182.319, 165.493, 5.06378, 74.2783, 4.94759, 14.8313
237, 7.54579, 6.78879, 90.6133, 38.8513, 6.8657, 6.66989, 102.626, 65.9874, 2.25034, 188.337, 171.586, 3.10794, 78.3502, 7.57368, 16.7018
238, 7.35576, 6.62457, 87.0658, 39.8708, 6.66718, 6.43309, 97.266, 62.8709, 1.76503, 176.136, 159.625, -0.151384, 77.0657, 3.95118, 16.2491
239, 6.72196, 6.61932, 72.6232, 34.7311, 6.48164, 6.23581, 87.8748, 53.9719, 0.18563, 153.363, 139.091, -2.13267, 69.1932, 4.86008, 13.8215
240, 7.13537, 6.64587, 82.9925, 40.5506, 6.80856, 6.36771, 101.244, 56.8331, 2.54844, 180.124, 164.977, 6.12116, 75.892, 10.7822, 14.5699
241, 6.27388, 6.65158, 74.9751, 31.1458, 6.41657, 6.1999, 85.7011, 49.4413, 0.794911, 151.649, 131.238, -2.9188, 64.7797, 7.18942, 13.732
242, 6.44417, 6.68316, 77.756, 30.4683, 6.53094, 6.30799, 83.8863, 47.8745, 1.5461, 150.549, 135.524, 3.38538, 63.1895, 8.66222, 12.0346
243, 7.10498, 6.53485, 76.9902, 34.8695, 7.04569, 6.41156, 88.8226, 49.0935, 1.68134, 154.813, 139.615, 1.76328, 63.007, 12.7686, 13.047
244, 6.85115, 6.63446, 78.2668, 33.6965, 6.87337, 6.62808, 91.2533, 52.3267, 2.11846, 167.415, 150.331, 6.04473, 65.5321, 11.5309, 14.1903
245, 6.95505, 6.37985, 84.4701, 36.0263, 6.63589, 6.63626, 96.1482, 54.0844, 1.54569, 169.339, 153.119, 2.97836, 67.404, 12.663, 16.0811
246, 6.86809, 6.47784, 79.5936, 29.0159, 6.6, 6.46882, 84.273, 51.6051, 0.607332, 149.647, 134.383, -1.02287, 64.1299, 6.05965, 14.0834
247, 6.73773, 6.69687, 85.156, 27.0416, 6.48149, 6.4653, 86.4222, 43.7518, 0.222209, 148.777, 133.025, 2.80162, 61.4798, 11.2875, 13.6549
248, 7.11824, 6.75592, 93.5999, 33.068, 6.78907, 6.67576, 98.6923, 50.8268, 1.23583, 176.809, 155.622, 5.5982, 71.0967, 11.2796, 16.3161
249, 7.09766, 6.36701, 87.2626, 34.4295, 6.60777, 6.41797, 97.4714, 60.0198, 0.0563268, 170.564, 154.483, -1.7838, 70.7849, 10.3644, 16.3222
250, 7.24672, 6.44551, 86.8073, 36.8686, 6.42935, 6.18034, 90.9086, 65.0679, -0.289001, 172.68, 155.896, -0.0214794, 72.1504, 3.23268, 15.5256
251, 6.81372, 6.35554, 84.3946, 27.0874, 6.18901, 6.06784, 82.5325, 52.7671, -0.675159, 158.517, 134.061, -1.29536, 65.2549, 2.71816, 14.5594
252, 6.95838, 6.62496, 92.4263, 32.8186, 6.44685, 6.22013, 98.8974, 58.4321, 1.18486, 180.937, 163.365, 5.23182, 75.7152, 7.1557, 16.0266
253, 6.57399, 6.40689, 82.8354, 24.8552, 6.21475, 6.05903, 90.6561, 50.1548, 0.750105, 153.621, 138.318, -1.7323, 69.9645, 6.45685, 14.2349
254, 6.51542, 6.30159, 78.3211, 24.1109, 6.14976, 5.95353, 86.3515, 50.3117, 0.155674, 150.371, 135.269, -1.20501, 66.547, 5.77953, 14.025
255, 6.66694, 6.12334, 80.8136, 26.3713, 6.20769, 5.93079, 87.7573, 47.0017, 1.14333, 150.497, 136.279, 1.34462, 66.6406, 7.75899, 13.3576
256, 6.89849, 6.28041, 82.9457, 29.615, 6.2785, 5.94587, 92.7119, 52.9531, 0.967658, 164.327, 147.666, 1.99485, 68.7027, 10.406, 13.6032
257, 6.92746, 6.31825, 80.0124, 31.1076, 6.24459, 5.93205, 85.8257, 54.0262, 1.20745, 157.244, 141.955, 1.94379, 69.049, 4.1343, 12.6424
258, 6.82438, 6.24233, 76.4125, 28.6709, 6.31519, 5.9306, 83.2008, 50.4688, 1.08488, 148.506, 134.126, 0.610721, 65.1144, 6.654, 11.4324
259, 5.85842, 6.30106, 66.984, 23.9562, 5.79354, 5.87298, 79.5822, 40.768, 0.193513, 132.862, 118.428, -1.58564, 58.4173, 10.2333, 10.9317
260, 6.4095, 6.29658, 73.2162, 29.0769, 6.35788, 5.89443, 80.1524, 43.5115, 0.321315, 139.694, 125.525, 1.69255, 61.3888, 8.7951, 9.96844
261, 6.60641, 6.19683, 69.3155, 27.7855, 6.22394, 5.85564, 80.1009, 47.5947, 0.177169, 142.249, 128.166, 0.601383, 63.4007, 5.95815, 10.7421
262, 6.57779, 6.06456, 75.1183, 30.7291, 6.17628, 5.86859, 84.2146, 52.6464, 0.33752, 151.952, 136.525, -0.197683, 66.6348, 5.51614, 12.0637
263, 6.84204, 6.04946, 76.89, 32.5736, 6.00747, 5.76931, 83.2006, 54.8388, -0.164622, 155.203, 139.126, 0.83813, 68.3641, 2.4206, 12.4159
264, 6.51327, 6.06465, 78.08, 28.6005, 5.99455, 5.72973, 77.4239, 46.1645, -0.16846, 138.041, 123.102, -0.332074, 64.8797, 2.34632, 10.1978
265, 6.4787, 6.0287, 76.172, 33.5093, 6.02118, 5.73822, 82.9665, 52.2259, -0.441862, 151.515, 134.621, -0.332859, 62.9358, 8.48957, 11.5411
266, 6.15214, 5.93863, 74.5395, 31.8353, 5.86555, 5.63718, 80.9843, 48.8457, -0.34455, 145.615, 129.435, -0.519024, 62.9047, 8.09425, 9.98535
267, 5.94237, 6.05226, 64.0327, 30.3535, 5.82365, 5.5428, 76.9673, 47.7638, -0.570569, 137.925, 122.303, -2.04011, 62.792, 4.3743, 9.80098
268, 5.98136, 6.05109, 64.7413, 26.1969, 5.71393, 5.48209, 77.2509, 38.1642, -0.327733, 129.794, 115.11, -0.360942, 60.6849, 7.19298, 9.37296
269, 6.26845, 6.02989, 68.2045, 35.2857, 5.81743, 5.54396, 78.1412, 50.1201, 0.534377, 149.222, 132.256, 3.42156, 63.889, 4.53678, 9.71546
270, 5.29391, 5.55323, 59.6238, 20.9163, 5.59506, 5.42349, 69.5445, 36.4333, -0.699241, 115.202, 101.184, -3.9626, 52.9474, 7.36579, 9.23133
271, 5.83236, 5.90576, 62.1124, 23.112, 5.69736, 5.43644, 72.3593, 36.8185, -1.44649, 125.141, 109.912, 0.517178, 56.4211, 6.35824, 9.57993
272, 5.6302, 5.82565, 66.355, 30.3261, 5.45204, 5.33629, 74.0467, 49.0398, -1.31239, 134.115, 118.997, -3.35385, 57.5841, 6.33976, 10.1228
273, 5.90764, 5.33792, 65.8863, 32.8754, 5.68498, 5.11509, 73.5531, 49.5816, -2.42002, 131.652, 116.735, -5.86814, 58.9001, 5.18311, 9.46987
274, 5.80265, 5.13727, 66.0742, 29.0444, 5.38907, 4.95613, 74.6727, 49.6827, -3.28151, 133.113, 118.637, -5.1552, 59.8667, 4.99651, 9.80945
275, 5.72734, 5.16777, 65.6311, 27.6252, 5.37285, 4.79827, 73.3903, 47.2412, -3.23706, 129.629, 114.63, -5.82869, 59.8473, 4.26812, 9.27492
276, 5.57388, 5.37006, 57.4351, 28.9816, 5.29405, 4.70462, 69.2456, 46.9063, -2.95889, 125.284, 111.306, -4.94835, 58.8962, 1.45545, 8.89396
277, 5.50817, 5.06383, 57.2262, 28.3054, 5.07075, 4.55073, 67.6237, 46.3759, -2.89753, 124.148, 106.786, -6.76652, 56.5525, 2.79802, 8.27327
278, 5.39372, 4.99442, 59.6324, 30.5986, 5.17274, 4.55338, 68.2033, 49.7065, -2.39159, 127.928, 114.365, -3.73753, 57.498, 2.20834, 8.49692
279, 5.74953, 5.04328, 58.7873, 34.4009, 5.48424, 4.64291, 67.9022, 49.1196, -1.8007, 129.927, 116.081, -1.30866, 57.1959, 2.80625, 7.90006
280, 5.74264, 5.49012, 60.5154, 33.3879, 5.7167, 4.88703, 71.2957, 45.4393, -0.271984, 138.076, 122.924, 4.95821, 60.2346, 3.46865, 7.59244
281, 5.5662, 5.70011, 60.0023, 31.4854, 5.49605, 4.98391, 70.6215, 42.894, -0.302749, 127.848, 115.78, 2.12526, 59.5121, 3.3304, 7.779
282, 5.30729, 5.42705, 53.905, 27.237, 5.43542, 4.92792, 68.5094, 35.4697, -0.94033, 111.351, 101.169, -1.96884, 55.6658, 5.94136, 6.90216
283, 4.89973, 5.41401, 52.8511, 27.9605, 5.28747, 4.91856, 70.4498, 36.6822, -1.32265, 119.952, 108.392, 0.941027, 55.8705, 6.89513, 7.6841
284, 4.99535, 5.13689, 53.7695, 25.3705, 5.48196, 4.93391, 68.9522, 40.6871, -1.50989, 115.689, 105.588, -3.25511, 53.0263, 7.56847, 8.35749
285, 4.99264, 5.13238, 53.7386, 24.5092, 5.61846, 4.90585, 66.4533, 38.2049, -1.93249, 122.815, 103.951, -1.04602, 54.306, 4.46511, 7.68213
286, 5.14668, 5.26505, 57.5808, 27.084, 5.60057, 4.88569, 68.9093, 37.5345, -1.65651, 123.754, 105.637, -1.01681, 56.1354, 5.48157, 7.2923
287, 4.97042, 4.93562, 54.7156, 32.7068, 5.30353, 4.77539, 67.6991, 41.8233, -1.75437, 122.094, 105.702, -3.31244, 54.6688, 4.88521, 8.14513
288, 4.64778, 5.00037, 52.6182, 22.9663, 5.20262, 4.58179, 63.927, 34.4492, -2.38585, 105.281, 92.4218, -5.55737, 52.1346, 4.14009, 7.65234
289, 4.89906, 4.83971, 59.6774, 26.824, 5.13726, 4.53761, 73.7299, 42.7567, -3.13255, 122.91, 108.899, -6.80795, 56.7101, 6.33681, 10.683
290, 4.80817, 4.0969, 56.5879, 27.0141, 4.54158, 4.05059, 69.4618, 49.1725, -6.54958, 118.353, 102.825, -14.4943, 55.9525, 3.2671, 10.2423
291, 4.29526, 3.99586, 46.5218, 27.7988, 4.45235, 3.88339, 56.1469, 43.4831, -6.09135, 101.071, 86.807, -12.3086, 46.7181, 1.66667, 7.76217
292, 4.2013, 4.00143, 48.3918, 30.3355, 4.349, 3.91443, 62.0369, 46.4245, -5.26503, 113.352, 100.345, -8.14658, 47.1531, 7.20104, 7.68274
293, 4.76635, 4.03911, 53.3473, 32.0694, 4.76438, 3.86527, 66.2949, 52.8272, -5.99155, 127.69, 112.647, -6.8095, 53.3176, 4.51414, 8.46315
294, 4.62997, 4.23355, 49.858, 27.1509, 4.90839, 3.93617, 58.4039, 43.1736, -5.20419, 115.057, 97.2387, -4.81005, 51.4047, -0.107324, 7.10655
295, 4.66481, 4.23723, 52.0923, 29.2253, 4.82972, 3.96504, 60.9266, 37.7985, -4.39822, 113.13, 95.3222, -3.62609, 50.9686, 3.13587, 6.82209
296, 4.53724, 4.18985, 49.1936, 25.387, 4.69067, 3.92129, 57.6025, 38.3686, -3.93101, 105.448, 89.7906, -5.8379, 47.5497, 3.617, 6.43583
297, 4.40603, 4.11828, 46.4145, 24.9132, 4.70153, 3.85092, 57.1258, 38.2042, -3.96629, 106.881, 88.0368, -7.00396, 47.2306, 3.28497, 6.61021
298, 4.54595, 4.08103, 48.1699, 26.588, 4.49491, 3.78912, 53.5752, 37.4449, -3.53555, 103.446, 85.3444, -5.78028, 45.9723, 1.17789, 6.425
299, 4.2647, 4.18869, 45.5771, 19.0177, 4.47697, 3.84111, 53.7868, 28.6977, -1.75508, 94.9861, 79.254, -3.55038, 43.4056, 4.88005, 5.50111
300, 4.06272, 4.22263, 40.9284, 16.5174, 4.32182, 3.87515, 52.1751, 27.5712, -1.12973, 91.2016, 76.9767, -2.68625, 41.1207, 5.2913, 5.76317
301, 4.04092, 4.28142, 41.875, 16.51, 4.65267, 3.94031, 51.504, 29.3445, -1.68265, 93.6765, 78.5006, -2.38511, 40.4623, 5.41273, 5.62893
302, 4.02295, 4.12029, 47.7517, 21.3371, 4.29755, 3.87497, 57.6605, 42.3853, -3.73949, 107.176, 91.6307, -7.18021, 40.5963, 9.61978, 7.44436
303, 4.02964, 3.79406, 47.2083, 24.4646, 3.94604, 3.5733, 56.0635, 44.7398, -5.83913, 106.687, 88.8173, -11.3118, 44.335, 3.49002, 8.23847
304, 4.13324, 4.04426, 39.2037, 18.5881, 4.47106, 3.6434, 57.0032, 33.1069, -4.38121, 100.65, 84.1884, -6.52767, 46.5252, 3.4203, 7.05773
305, 4.03143, 3.4483, 43.3677, 25.9956, 3.63795, 3.39555, 46.7476, 49.5687, -6.49397, 96.0093, 82.3519, -12.6482, 37.2856, 2.92713, 6.5348
306, 3.88311, 3.6938, 42.7982, 18.5901, 3.4316, 3.26633, 45.6364, 41.7365, -6.73436, 86.5719, 73.5607, -13.2864, 35.7434, 3.43236, 6.46068
307, 4.28396, 3.547, 49.8914, 22.5732, 3.93355, 3.30526, 55.4123, 43.5692, -5.6341, 108.906, 91.289, -8.39537, 42.0825, 5.91199, 7.41774
308, 4.51766, 3.72342, 43.961, 18.7073, 3.90522, 3.35386, 53.1546, 33.5803, -5.18587, 93.7971, 79.1383, -7.85103, 40.6077, 5.35922, 7.18771
309, 4.5255, 3.44852, 45.5451, 18.8159, 4.04625, 3.4768, 48.3649, 35.8437, -4.67214, 92.1275, 80.799, -3.52399, 41.1317, 0.658512, 6.57473
310, 4.54623, 3.58525, 43.0116, 20.7541, 4.08854, 3.55239, 49.5071, 34.6443, -5.0891, 90.0386, 81.2053, -3.13433, 40.1904, 3.03619, 6.28052
311, 3.94102, 3.46953, 34.8573, 21.1113, 3.92409, 3.50402, 42.5735, 33.3132, -4.54158, 78.5432, 68.9244, -6.63388, 35.3607, 1.51514, 5.6976
312, 3.61743, 3.21926, 36.5657, 8.42391, 3.4094, 3.27525, 45.7583, 27.2011, -5.49177, 68.1195, 57.0017, -14.5377, 31.3813, 6.9587, 7.41826
313, 3.55165, 3.24778, 37.5955, 8.49058, 3.15926, 3.07533, 42.1319, 23.9313, -5.23057, 65.0581, 55.0226, -11.0038, 31.3901, 4.51238, 6.22941
314, 3.71446, 3.34282, 41.6756, 17.619, 3.28074, 3.07692, 48.9265, 36.4379, -5.50938, 89.1503, 75.9501, -9.10349, 33.3724, 9.1163, 6.43777
315, 3.87981, 3.43804, 41.9722, 15.1486, 3.40885, 3.02759, 46.0669, 34.4041, -6.25365, 86.2485, 71.6212, -9.14373, 36.6008, 2.862, 6.60404
316, 3.9049, 3.33033, 36.1942, 13.0364, 3.49119, 3.12896, 45.0111, 25.4314, -5.18673, 73.3727, 63.386, -7.13566, 33.0772, 6.04051, 5.89348
317, 3.8712, 2.81527, 43.3876, 28.1833, 2.84047, 2.79639, 43.5185, 48.8014, -7.23113, 87.4252, 72.9874, -17.2959, 33.5726, 2.73819, 7.20764
318, 3.73464, 2.69778, 36.6427, 21.3806, 2.62279, 2.5087, 40.9127, 43.3602, -7.90267, 80.1512, 66.05, -17.8256, 32.7063, 1.58481, 6.62156
319, 3.4057, 2.98246, 30.4149, 11.72, 2.66012, 2.50412, 37.847, 30.3661, -6.37245, 64.6403, 53.4725, -14.7804, 27.6215, 4.70992, 5.51558
320, 3.89702, 3.05528, 41.3083, 20.2639, 3.28411, 2.82647, 45.1191, 34.8794, -4.00353, 91.2623, 78.4993, -3.19658, 33.0923, 6.49879, 5.52799
321, 3.59422, 3.28833, 38.173, 17.2878, 3.2421, 2.92516, 43.0308, 33.3581, -5.15966, 79.8514, 69.8737, -6.45533, 32.2726, 4.43047, 6.32779
322, 3.55406, 3.16533, 38.9525, 18.4715, 3.25997, 2.87389, 44.7695, 40.7784, -6.81207, 88.5481, 75.7721, -9.41163, 34.0247, 4.17984, 6.56496
323, 3.69215, 2.74962, 39.939, 16.4338, 3.02681, 2.72106, 44.3593, 39.8832, -6.66991, 83.0258, 69.7142, -13.6666, 32.5761, 5.00228, 6.78097
324, 3.69918, 2.90502, 38.5309, 13.2701, 3.14556, 2.68361, 43.4441, 31.5022, -6.38752, 77.74, 65.3265, -9.89309, 33.2922, 3.42825, 6.72369
325, 3.56038, 3.24977, 37.8971, 14.0925, 3.38523, 2.81616, 43.651, 29.7719, -4.91086, 87.4063, 69.8334, -4.59719, 34.2152, 3.28601, 6.14985
326, 3.53856, 3.26506, 36.1913, 11.5979, 3.38629, 2.93801, 42.5404, 23.5901, -3.45675, 77.1651, 61.8254, -4.49056, 31.0207, 6.29349, 5.22624
327, 3.13083, 3.22452, 29.4722, 9.9996, 3.08743, 2.91864, 38.5291, 22.4515, -2.96681, 66.0537, 54.7456, -6.01977, 27.698, 6.37137, 4.4598
328, 3.53654, 2.92205, 36.941, 18.527, 2.98524, 2.80702, 42.0854, 35.4078, -4.87152, 80.8622, 67.1417, -9.39686, 29.3525, 7.08288, 5.65001
329, 3.33292, 2.86727, 29.2453, 8.02389, 2.8752, 2.66151, 36.7057, 27.0167, -6.33193, 64.4426, 51.5087, -12.0272, 28.1453, 2.96066, 5.59974
330, 3.2536, 3.05263, 36.0726, 15.1699, 2.91744, 2.80548, 41.2992, 27.1609, -4.1574, 75.8649, 64.8034, -4.17156, 28.5428, 7.11867, 5.63773
331, 3.00416, 2.9656, 33.7074, 16.7921, 2.51313, 2.55792, 42.4785, 38.1351, -7.22943, 74.653, 62.1417, -16.8417, 26.1006, 9.5908, 6.787
332, 3.25075, 2.85258, 34.4394, 13.8352, 2.33804, 2.40457, 39.6802, 37.7909, -8.43702, 71.2699, 58.7138, -18.0364, 25.9385, 7.3418, 6.39986
333, 3.29429, 2.91998, 32.838, 10.8648, 2.81165, 2.52842, 35.3742, 28.9484, -7.00958, 71.1743, 59.2457, -6.66301, 27.3884, 2.88374, 5.10208
334, 3.29909, 3.25226, 33.9933, 8.33225, 3.29549, 2.89022, 40.1241, 21.4601, -2.99017, 73.1202, 62.9391, 0.0823864, 29.996, 4.92704, 5.2011
335, 3.35108, 2.99126, 39.21, 16.9951, 2.57436, 2.70943, 43.7173, 32.4613, -6.23659, 73.3829, 62.2918, -12.2655, 26.0377, 10.8637, 6.81598
336, 3.05844, 2.88555, 37.6676, 12.6591, 2.6231, 2.70474, 33.7797, 28.6322, -5.94683, 67.9774, 56.4065, -6.39883, 25.1717, 2.73568, 5.87241
337, 2.96755, 2.77945, 33.0817, 5.00305, 2.4479, 2.52119, 34.2077, 18.464, -6.91696, 47.1608, 37.4076, -14.2311, 22.3733, 5.731, 6.10345
338, 3.25205, 2.77905, 30.7335, 8.90912, 2.87953, 2.65671, 33.6017, 23.7748, -5.18794, 63.2134, 53.6257, -4.96222, 25.3568, 2.71427, 5.53061
339, 3.34399, 2.94075, 37.4577, 8.75258, 2.62652, 2.67386, 37.5434, 31.6822, -4.59352, 71.081, 60.1956, -8.56303, 24.3302, 6.66589, 6.54724
340, 3.00825, 2.85944, 32.4433, 4.9755, 2.69224, 2.72268, 33.5159, 24.9102, -5.29064, 58.5283, 49.0827, -9.00921, 22.7855, 5.19017, 5.54026
341, 2.78879, 2.45931, 31.0141, 10.3274, 2.05993, 2.42808, 32.7216, 33.4952, -5.53845, 58.6587, 49.3238, -15.1129, 20.7966, 5.64846, 6.27652
342, 2.74238, 2.40634, 28.3567, 9.9292, 1.87948, 2.21619, 28.2908, 28.653, -7.91493, 46.7708, 37.6682, -18.3649, 18.719, 3.57792, 5.99383
343, 2.91695, 2.95421, 30.4504, 13.9311, 2.45473, 2.45706, 32.4796, 26.9031, -5.40983, 65.5401, 55.2019, -5.79145, 21.1403, 6.17268, 5.16668
344, 2.92426, 2.66986, 32.1789, 13.7854, 2.01561, 2.29119, 32.9495, 35.2872, -7.21694, 60.9766, 50.8535, -16.3482, 21.5395, 4.88327, 6.52666
345, 2.72915, 2.32403, 32.7153, 8.90488, 1.96603, 2.09955, 34.2319, 29.2194, -9.01226, 66.6591, 46.1957, -16.6725, 22.6248, 5.25498, 6.35215
346, 2.42653, 2.53122, 32.0156, 4.2464, 1.95075, 2.1325, 35.3298, 28.005, -7.34353, 58.5372, 49.5591, -13.5814, 21.1706, 8.1621, 5.99705
347, 2.71128, 2.57703, 29.1109, 10.1535, 2.01095, 2.20392, 28.9125, 24.8677, -5.94756, 54.9294, 46.3811, -8.25604, 17.3997, 6.46634, 5.04647
348, 2.84708, 2.71652, 30.0189, 10.9592, 2.23447, 2.45618, 27.2777, 21.2167, -3.88629, 56.9751, 50.2585, 0.203652, 15.8788, 7.41596, 3.98297
349, 2.80399, 2.6683, 32.8, 5.97264, 2.33013, 2.43479, 32.9463, 24.2996, -4.55253, 51.202, 45.7024, -10.446, 19.3263, 7.94073, 5.67925
350, 3.15128, 2.67839, 34.6432, 11.9517, 2.52629, 2.36459, 35.9723, 20.3186, -4.60751, 67.7553, 50.0459, -7.2135, 22.4663, 7.80318, 5.70275
351, 2.5709, 2.86206, 25.0881, 2.85843, 2.42603, 2.56165, 30.2604, 17.4778, -2.66408, 51.7923, 45.2708, -2.79263, 20.455, 4.45802, 5.3474
352, 2.95324, 2.54818, 41.7686, 14.7054, 2.07956, 2.404, 35.8972, 29.0136, -5.76722, 73.9248, 50.5918, -12.7917, 19.0377, 10.4038, 6.45582
353, 3.0758, 2.32517, 38.4585, 12.5299, 1.9539, 2.14016, 34.072, 31.5828, -7.89015, 65.011, 49.5627, -15.7167, 20.4639, 6.36895, 7.23911
354, 2.75139, 2.45872, 29.2475, 3.58927, 2.02741, 2.21918, 28.3444, 17.8261, -5.75611, 46.0302, 38.0817, -8.7882, 17.2599, 5.73259, 5.35193
355, 2.63627, 2.71728, 26.4506, 4.01137, 2.1665, 2.38943, 33.7867, 13.4061, -4.64472, 49.1665, 41.933, -5.60047, 17.7801, 10.3227, 5.68395
356, 2.56435, 2.95745, 26.1721, 3.09832, 2.51887, 2.62609, 35.2378, 9.87177, -2.82656, 56.1413, 47.746, 1.12297, 20.0631, 9.91924, 5.2555
357, 2.48738, 2.94547, 28.3079, -2.24153, 2.03421, 2.50412, 29.5975, 16.355, -4.15525, 43.3509, 36.3963, -8.55368, 17.6828, 5.588, 6.32668
358, 2.60143, 2.95802, 30.389, 1.49317, 2.43719, 2.67419, 29.8166, 16.3923, -4.01957, 58.7168, 45.7325, -1.06562, 18.5121, 6.36601, 4.93853
359, 2.92569, 2.60604, 33.6362, 10.1895, 2.23114, 2.54327, 34.265, 28.7945, -4.23914, 60.797, 50.7236, -10.997, 19.9021, 7.84541, 6.51757
360, 2.92019, 2.46142, 35.3008, 8.63643, 2.14048, 2.42018, 37.8353, 27.6488, -6.55416, 59.1166, 49.4515, -15.233, 21.1822, 9.47274, 7.18034
361, 2.87928, 2.62302, 33.8385, 12.1911, 2.32611, 2.47558, 31.7422, 27.1483, -6.50484, 63.3706, 53.6663, -6.1221, 21.0746, 4.34571, 6.32183
362, 2.55625, 2.61138, 26.1819, 8.05739, 2.2226, 2.55558, 25.9642, 18.4842, -7.12769, 45.613, 38.3933, -6.28001, 18.1471, 2.66084, 5.15632
363, 2.76031, 2.84232, 33.9621, 10.9723, 2.44292, 2.72225, 37.0937, 17.5919, -5.15867, 61.6552, 52.7558, -2.30949, 18.7521, 12.1013, 6.2403
364, 2.98799, 2.59335, 35.7921, 11.0532, 2.34834, 2.61489, 35.1426, 24.8126, -5.22518, 63.4981, 53.8501, -6.14173, 20.0254, 8.79528, 6.32199
365, 2.4863, 2.60371, 28.1095, 3.11777, 2.35174, 2.62413, 29.7966, 15.0899, -1.88831, 44.6235, 37.6731, -6.99263, 19.0776, 5.18371, 5.53529
