#i, obs_GPP3d_cycle, obs_ER3d_cycle, obs_LE3d_cycle, obs_H3d_cycle, clm_GPP3d_cycle, clm_ER3d_cycle, clm_LE3d_cycle, clm_H3d_cycle, obs_G3d_cycle, obs_Rn3d_cycle, clm_Rn3d_cycle, clm_G3d_cycle, clm_FCTR3d_cycle, clm_FCEV3d_cycle, clm_FGEV3d_cycle
1, 2.50538, 2.36326, 31.2118, 6.6144, 2.68998, 3.35476, 25.0546, 26.3942, -3.55298, 48.303, 39.0779, -11.4726, 10.7035, 8.1034, 6.24768
2, 2.40295, 2.3527, 33.9088, 9.88297, 2.68482, 3.41599, 23.2568, 29.6098, -4.7204, 53.3793, 44.9665, -7.8728, 10.8144, 5.87611, 6.5663
3, 2.32176, 2.24208, 27.7553, 16.8208, 2.51595, 3.28792, 23.7649, 36.915, -7.68216, 53.7347, 44.1741, -14.763, 9.04168, 8.22847, 6.49478
4, 2.61082, 2.00638, 31.4331, 19.0097, 2.62634, 3.19642, 26.7287, 40.6902, -8.39725, 63.0551, 52.2947, -14.7627, 11.0865, 7.22905, 8.41311
5, 2.69852, 1.88473, 30.9799, 19.9798, 2.77506, 3.00656, 25.8756, 49.9659, -8.54984, 68.0718, 54.5379, -20.1954, 12.1826, 2.19233, 11.5006
6, 2.603, 1.98611, 32.4328, 16.9098, 2.90413, 3.07084, 27.8352, 42.8999, -6.05402, 71.2914, 58.5541, -12.7903, 13.7087, 4.86369, 9.26289
7, 2.77856, 1.84672, 34.4807, 26.2885, 3.10282, 3.03779, 29.6229, 54.6984, -6.70506, 83.0235, 68.3217, -15.6066, 15.8408, 4.14511, 9.63702
8, 2.39214, 1.8474, 27.8086, 23.3605, 2.83844, 2.97829, 25.2742, 50.4632, -6.4948, 70.7664, 58.4142, -16.9817, 13.3591, 3.31526, 8.5998
9, 2.63576, 2.09043, 28.2157, 13.4973, 2.92181, 3.06739, 23.6966, 34.5936, -5.77305, 58.8228, 48.2738, -11.442, 13.4522, 0.611376, 9.63291
10, 2.61831, 2.282, 26.7833, 11.4548, 2.85588, 3.18329, 26.3215, 26.3419, -3.40943, 56.725, 47.3119, -6.62833, 11.8679, 4.71285, 9.74079
11, 2.53741, 2.6764, 29.0141, 10.4565, 3.20704, 3.44489, 29.5789, 25.8901, -1.41815, 67.8029, 58.8047, 1.73088, 12.7427, 9.49456, 7.34172
12, 2.61473, 2.38923, 31.8807, 11.0834, 3.2431, 3.35722, 26.836, 30.8485, -5.16801, 62.1579, 52.3279, -4.93855, 14.4678, 5.09153, 7.27674
13, 2.84074, 2.37167, 32.6465, 19.8043, 3.23309, 3.26893, 24.2274, 44.8029, -6.07163, 71.0321, 59.5135, -8.40107, 14.5483, 2.27082, 7.40831
14, 2.76282, 2.15467, 32.7328, 17.1784, 3.25632, 3.22383, 24.0861, 38.0803, -6.01006, 64.4212, 52.5267, -9.1646, 14.977, 1.46888, 7.64025
15, 2.76045, 2.27296, 33.0209, 14.2264, 3.20332, 3.20958, 24.925, 38.4549, -4.74653, 64.3135, 55.7225, -7.74966, 14.3822, 2.75776, 7.78505
16, 2.81407, 2.30188, 32.0789, 19.1237, 3.13104, 3.26079, 23.8084, 45.2581, -2.05132, 76.0036, 63.8684, -5.56335, 14.5646, 2.23296, 7.01081
17, 2.46206, 2.16059, 36.7243, 14.0771, 3.06196, 3.19927, 28.4441, 41.7903, -3.71559, 69.2582, 57.4731, -11.2034, 14.4203, 6.8164, 7.20742
18, 2.81282, 2.06013, 32.1785, 26.5723, 3.46742, 3.2491, 27.6073, 45.4422, -4.53603, 85.512, 70.5579, -4.06153, 15.0967, 5.51894, 6.99167
19, 2.84277, 2.24238, 33.1402, 20.2004, 3.63124, 3.28248, 31.3799, 38.9343, -6.13981, 85.0554, 65.9327, -4.7045, 17.888, 6.34326, 7.14863
20, 2.71556, 2.17729, 35.3588, 20.279, 3.36422, 3.19193, 29.5935, 43.4274, -5.27337, 75.7582, 59.4076, -12.4552, 15.3248, 4.31269, 9.95602
21, 2.64413, 2.30395, 33.9328, 23.3718, 3.29942, 3.28903, 29.2724, 40.1182, -1.90744, 79.1818, 63.896, -5.92313, 14.4863, 6.85115, 7.93491
22, 2.62411, 2.21055, 30.6896, 14.5, 3.37823, 3.27351, 27.0898, 41.2235, -3.64916, 70.882, 59.5383, -8.57987, 14.2154, 4.97693, 7.89743
23, 2.61042, 2.27014, 30.0885, 16.0658, 3.27914, 3.28728, 34.2958, 32.1883, -4.65026, 69.4333, 57.0888, -9.94193, 15.3375, 6.98014, 11.9782
24, 2.69776, 2.31969, 29.8315, 18.6808, 3.22763, 3.33515, 31.3136, 32.8646, -2.48661, 70.7029, 57.4529, -6.63729, 13.8592, 6.82553, 10.6289
25, 3.06073, 2.19323, 36.0346, 20.9495, 3.61231, 3.278, 35.3567, 40.3013, -3.97624, 84.7224, 69.459, -6.84648, 17.3606, 4.15288, 13.8432
26, 3.21103, 2.41845, 34.7467, 13.6136, 3.80999, 3.40372, 34.3933, 31.5911, -2.37998, 74.1709, 62.6147, -3.9791, 18.4232, 2.59825, 13.3718
27, 3.01107, 2.27861, 32.4646, 18.2151, 3.5863, 3.36479, 35.1321, 34.1204, -4.52963, 71.0144, 60.4838, -8.1878, 16.7529, 4.19432, 14.1849
28, 2.87846, 2.10005, 32.955, 17.0143, 3.42244, 3.30051, 35.091, 34.192, -5.37118, 69.5583, 58.5542, -9.7455, 15.6028, 6.3646, 13.1236
29, 2.81438, 2.19966, 36.1947, 15.8271, 3.51017, 3.30786, 36.9934, 35.6889, -4.56632, 76.6194, 64.74, -7.88804, 18.2135, 6.51373, 12.2661
30, 3.20544, 2.04279, 36.8958, 21.5002, 3.52716, 3.25838, 38.2164, 41.2861, -3.46206, 81.563, 69.6325, -9.45731, 17.3862, 7.91015, 12.9201
31, 2.65973, 2.1606, 32.1976, 16.9474, 3.37398, 3.12984, 34.9726, 42.714, -5.44776, 72.1447, 61.0086, -15.9553, 16.627, 5.12762, 13.2181
32, 2.9218, 2.42937, 29.4102, 6.75269, 3.57688, 3.282, 27.1219, 23.2565, -4.07807, 58.3724, 50.9636, -2.42989, 16.3162, 2.1775, 8.62825
33, 3.09475, 2.66776, 42.0883, 21.2538, 3.75815, 3.58418, 34.1489, 37.775, 0.29486, 97.2692, 79.3694, 7.19351, 16.6452, 11.1867, 6.31702
34, 2.91672, 2.45002, 33.2157, 13.8166, 3.43908, 3.46671, 28.4364, 36.6478, -3.06328, 68.8489, 61.7137, -3.06746, 16.4264, 4.25828, 7.75173
35, 3.011, 2.48652, 37.5416, 7.90387, 3.32436, 3.41956, 34.7304, 29.6293, -2.16533, 65.7216, 57.3754, -6.38418, 14.6924, 10.4177, 9.62034
36, 3.00621, 2.72549, 39.7951, 15.853, 3.59876, 3.56097, 31.3643, 34.0332, 0.0139641, 83.3616, 69.5312, 2.83011, 16.9121, 7.29073, 7.16154
37, 3.20015, 2.61459, 37.9911, 21.2196, 3.71483, 3.53032, 37.0879, 38.1016, -2.64945, 79.7674, 69.2926, -5.53195, 18.9622, 6.90027, 11.2255
38, 2.9786, 2.65971, 36.6479, 23.7627, 3.56323, 3.48465, 34.8368, 44.9287, -3.77753, 95.0955, 75.4216, -4.05431, 17.8209, 6.04989, 10.9659
39, 3.4305, 2.69316, 41.9921, 21.6987, 4.2781, 3.60368, 39.6063, 43.7316, -3.55504, 96.3777, 84.4384, -0.0298072, 21.4501, 7.37388, 10.7824
40, 3.43461, 2.36676, 42.709, 19.5535, 4.07146, 3.50042, 34.0382, 48.4163, -4.92593, 90.7035, 74.0002, -7.18232, 19.6585, 2.96692, 11.4127
41, 3.14681, 2.35651, 34.159, 20.1924, 3.82594, 3.4213, 34.4262, 47.0351, -5.02622, 82.7376, 71.2631, -10.0564, 17.52, 3.78484, 13.1214
42, 2.72005, 2.74028, 30.3442, 19.4489, 3.54271, 3.61515, 29.9929, 34.2642, -1.58467, 70.869, 65.4549, -0.124156, 15.8791, 4.47917, 9.63466
43, 2.59047, 2.73553, 30.5086, 16.13, 3.56825, 3.66381, 32.9245, 34.9558, -2.54162, 75.0282, 66.0212, -1.35812, 17.3069, 7.64842, 7.96918
44, 3.20244, 2.52889, 41.2752, 25.8894, 3.83605, 3.54584, 43.583, 53.7689, -3.60002, 105.835, 89.2321, -6.40188, 20.2331, 9.70617, 13.6438
45, 3.12034, 2.26724, 39.682, 21.8751, 3.92998, 3.38154, 38.825, 46.6743, -5.71684, 91.8211, 77.6256, -8.81618, 20.1738, 5.96764, 12.6836
46, 3.38966, 2.54696, 39.3316, 22.5633, 4.26679, 3.66175, 35.9266, 41.6395, -0.938009, 94.3397, 81.7712, 2.68417, 21.1841, 4.85767, 9.8849
47, 3.054, 2.56957, 38.7336, 25.4662, 4.00261, 3.66085, 37.2465, 49.4493, -2.35688, 94.6134, 82.4213, -3.49628, 20.1581, 5.48492, 11.6034
48, 3.21798, 2.64745, 40.5506, 26.1951, 4.2124, 3.71159, 36.1442, 50.1974, -3.07364, 98.423, 88.3409, 0.846792, 22.2442, 3.60761, 10.2924
49, 3.18428, 2.75999, 33.5638, 23.5686, 4.17273, 3.81423, 31.6504, 40.0841, -1.18032, 88.5107, 75.9116, 2.87712, 19.952, 2.62945, 9.06893
50, 3.48017, 3.02122, 42.5105, 28.1738, 4.44189, 4.01715, 40.321, 46.2211, 1.29243, 110.34, 95.7775, 8.44921, 23.669, 6.61431, 10.0376
51, 3.42355, 2.76076, 38.8693, 26.3776, 4.17214, 3.80189, 34.4955, 52.7061, -3.75412, 97.9474, 80.8912, -4.56791, 22.6721, 1.81582, 10.0076
52, 3.73159, 3.10725, 39.288, 20.4377, 4.50251, 3.99305, 39.2615, 40.9673, -0.72135, 106.264, 89.5792, 6.77183, 25.1477, 4.7642, 9.3496
53, 3.38318, 3.16619, 32.4127, 18.2237, 4.19251, 4.09634, 30.9532, 36.7158, 4.05434, 86.6391, 75.8362, 7.78436, 19.3671, 4.49914, 7.08696
54, 3.53271, 3.33505, 42.5267, 29.8839, 4.29793, 4.17467, 34.8813, 44.4515, 3.23707, 97.8184, 88.1833, 8.35438, 22.829, 2.76866, 9.28363
55, 3.58887, 3.15246, 42.2577, 16.0212, 4.23211, 4.12619, 48.6123, 38.8049, -0.0714033, 96.5112, 83.4281, -2.14553, 22.7924, 10.1988, 15.6211
56, 3.31768, 2.81996, 46.3877, 23.6832, 3.96466, 3.89878, 46.5577, 48.0109, -1.79825, 96.3546, 84.4047, -8.57004, 21.2069, 8.19098, 17.1598
57, 3.34013, 2.66427, 46.9153, 20.9934, 3.9366, 3.75735, 44.0906, 44.3152, -2.23753, 91.0937, 79.0965, -7.81293, 21.0134, 8.93562, 14.1416
58, 3.5082, 2.55414, 39.095, 22.2286, 4.11194, 3.65845, 39.032, 53.7219, -3.03914, 95.031, 81.9838, -10.9146, 19.799, 3.7528, 15.4802
59, 3.51524, 2.74031, 40.7014, 26.0201, 4.41885, 3.79843, 42.1076, 47.4227, -0.883524, 105.928, 93.0103, 0.979717, 22.6235, 5.66709, 13.817
60, 3.45343, 3.20363, 44.5501, 21.2091, 4.35836, 4.01232, 43.8274, 43.6244, -0.745145, 101.783, 89.7987, 2.13736, 23.2524, 7.03067, 13.5444
61, 3.71631, 2.80272, 49.0358, 27.5029, 4.29656, 3.91246, 44.8278, 53.651, -2.20943, 105.681, 92.7823, -4.4743, 23.5727, 6.83842, 14.4166
62, 3.39715, 2.94081, 46.0059, 31.9165, 4.32188, 3.93407, 43.5693, 55.8276, -2.36859, 112.878, 99.7635, -0.646649, 24.751, 3.35915, 15.4591
63, 3.39196, 2.38737, 47.9211, 36.5637, 4.10911, 3.70408, 49.8795, 65.5654, -5.60817, 110.803, 96.2302, -15.9306, 22.0405, 7.75935, 20.0797
64, 3.26097, 2.65675, 42.0412, 23.4388, 4.37761, 3.75059, 49.88, 45.2752, -1.86047, 105.051, 92.1727, -4.73424, 23.5015, 9.40443, 16.9742
65, 3.35403, 2.52426, 48.2407, 32.3657, 4.23039, 3.66584, 52.8702, 60.0211, -3.01107, 111.594, 98.4319, -12.5643, 23.7205, 7.20934, 21.9403
66, 3.98789, 2.69315, 51.0077, 41.9422, 4.78101, 3.73656, 46.3035, 74.3218, -2.4985, 136.686, 120.542, -1.76744, 28.02, 1.63121, 16.6523
67, 4.26536, 3.0322, 52.885, 44.405, 5.36214, 4.07446, 49.3198, 65.0194, 1.56179, 146.774, 129.966, 11.8835, 34.7547, -0.286929, 14.852
68, 3.89377, 3.34018, 45.4833, 25.3979, 5.0206, 4.25121, 43.8735, 40.4653, 2.38657, 109.43, 96.0147, 10.4037, 30.485, 0.490692, 12.8978
69, 4.34946, 3.65263, 51.5276, 29.742, 5.39865, 4.52281, 52.0973, 51.6424, 5.8469, 138.332, 123.158, 17.7491, 33.8984, 5.21186, 12.9871
70, 3.90859, 3.49763, 38.3087, 19.0969, 4.87918, 4.49253, 40.8986, 41.6374, 3.66593, 102.475, 89.9716, 8.53836, 25.6788, 5.12794, 10.0919
71, 3.88067, 3.47947, 51.4996, 28.319, 4.88628, 4.42541, 54.7259, 47.6761, 3.97061, 120.901, 105.936, 4.27296, 27.0563, 11.6008, 16.0688
72, 3.84066, 3.16973, 50.6526, 36.7605, 4.92991, 4.27753, 53.9056, 58.731, 1.94489, 124.088, 109.812, -1.78085, 29.3809, 5.71229, 18.8124
73, 4.09629, 3.35055, 52.6033, 39.7988, 5.11626, 4.2955, 53.3208, 62.3648, 1.88858, 135.68, 120.484, 3.4481, 31.9916, 2.19959, 19.1297
74, 4.15396, 3.51291, 49.1536, 36.2923, 5.11235, 4.39126, 52.196, 53.4744, 3.33745, 130.034, 113.999, 7.52954, 31.2194, 5.47475, 15.5018
75, 3.71601, 3.50183, 45.6022, 35.2129, 4.7399, 4.34585, 52.2442, 53.0853, 2.0652, 121.643, 106.531, 2.03681, 30.4708, 2.42254, 19.3509
76, 3.76412, 3.53337, 44.8046, 28.9092, 4.78989, 4.34538, 47.9494, 46.3413, 2.5289, 113.523, 98.676, 3.94734, 28.0009, 4.28506, 15.6634
77, 4.2473, 3.69305, 51.027, 27.6626, 5.00825, 4.43817, 51.4752, 47.6195, 2.78274, 122.466, 108.457, 8.31921, 30.7451, 6.45298, 14.2771
78, 4.42779, 3.79495, 56.4939, 40.9069, 5.31625, 4.56945, 56.1388, 60.0183, 4.25449, 146.1, 129.093, 12.1082, 33.0628, 6.79043, 16.2856
79, 4.62229, 3.89214, 62.145, 44.0791, 5.52392, 4.62341, 60.0222, 71.877, 4.20455, 156.394, 137.759, 6.33837, 37.5118, 2.8196, 19.6909
80, 4.29468, 3.62485, 58.9961, 43.8983, 5.30141, 4.41859, 57.7606, 73.6961, 2.06491, 145.255, 127.643, -2.42522, 34.411, 2.97036, 20.3793
81, 4.27854, 3.55859, 54.7302, 42.9352, 5.19457, 4.32577, 57.3608, 71.8047, 1.9679, 143.351, 126.623, -2.00109, 34.2439, 2.87499, 20.2419
82, 4.00313, 3.33395, 44.9449, 30.8131, 5.08421, 4.34722, 47.1046, 51.6196, 1.92598, 112.119, 99.0145, 0.175264, 30.0527, 2.35231, 14.6996
83, 4.33224, 3.75158, 58.4965, 44.0397, 5.50934, 4.57369, 54.5914, 60.3593, 4.66116, 151.797, 134.608, 16.6744, 38.6313, 2.78756, 13.1725
84, 3.91668, 3.69096, 54.7862, 37.7808, 5.13157, 4.5147, 55.9458, 66.9037, 3.37729, 137.181, 120.627, -0.332162, 34.3139, 2.23535, 19.3964
85, 3.65326, 3.54077, 49.6315, 36.7671, 4.60368, 4.25856, 52.6958, 59.305, 1.23693, 119.131, 103.426, -6.34951, 26.4933, 8.58409, 17.6183
86, 4.03317, 3.65718, 52.3532, 36.4986, 4.85877, 4.36354, 48.9822, 59.3511, 1.8163, 128.086, 112.423, 2.63835, 29.1779, 4.41942, 15.3849
87, 3.89706, 3.67244, 51.6685, 33.7162, 4.82211, 4.42284, 47.5482, 58.6243, 2.56464, 128.433, 113.384, 6.32353, 29.6644, 4.91477, 12.969
88, 4.7148, 3.71048, 58.2029, 37.985, 5.44602, 4.54426, 57.8831, 66.7211, 2.39052, 147.859, 130.576, 5.64466, 36.5269, 2.35909, 18.9971
89, 4.29689, 3.75618, 58.4173, 34.2708, 5.33796, 4.56021, 61.3222, 56.5221, 1.30721, 134.549, 119.34, 1.42896, 34.9468, 2.89368, 23.4817
90, 3.8304, 3.63987, 51.6328, 24.0381, 5.13367, 4.60888, 57.3025, 48.2402, 1.7145, 122.268, 107.996, 3.02111, 30.2814, 9.21158, 17.8095
91, 4.428, 3.99215, 63.1852, 38.8319, 5.29887, 4.63939, 56.4236, 70.3707, 4.58945, 157.373, 139.276, 10.8313, 36.5025, 3.65266, 16.2685
92, 4.58638, 4.29962, 66.8328, 39.8258, 5.28856, 4.7091, 62.72, 70.3771, 4.79309, 160.958, 142.904, 9.14688, 37.9652, 4.1062, 20.6486
93, 4.82123, 4.24166, 65.8204, 35.8435, 5.35662, 4.6577, 63.475, 61.3483, 4.50054, 150.506, 129.076, 4.68935, 37.5569, 3.21542, 22.7027
94, 5.10336, 4.39546, 67.641, 35.4387, 5.43365, 4.71909, 62.488, 58.5418, 5.27028, 151.591, 131.106, 9.1855, 37.6685, 5.38785, 19.4317
95, 4.72743, 4.20951, 62.218, 30.9573, 5.09944, 4.62101, 62.1704, 56.7831, 1.28369, 128.756, 111.444, -4.97923, 31.3817, 9.30665, 21.4821
96, 4.77234, 4.03281, 67.3743, 36.6109, 5.43619, 4.65638, 66.4458, 68.8663, 2.55516, 159.176, 139.21, 3.31607, 35.6667, 8.27947, 22.4997
97, 4.97466, 4.15732, 64.5872, 35.1904, 5.35721, 4.64326, 61.9373, 65.9722, 2.20161, 151.153, 130.645, 2.02877, 34.4037, 4.99089, 22.5426
98, 5.16516, 4.1974, 68.9569, 41.8475, 5.59878, 4.70681, 67.4397, 70.753, 3.96236, 164.302, 144.873, 6.20243, 37.2334, 5.80304, 24.4033
99, 5.32733, 4.45382, 77.2957, 40.7442, 5.80106, 4.80656, 72.6547, 71.2501, 5.97156, 178.653, 157.555, 11.9958, 42.8678, 4.64531, 25.1416
100, 5.84959, 4.3896, 74.915, 40.3423, 5.78283, 4.82292, 69.5319, 75.3433, 4.13834, 177.175, 152.79, 8.24208, 44.16, 1.33601, 24.0358
101, 5.98838, 4.39082, 77.6978, 42.4488, 5.97398, 4.89627, 68.6039, 72.2323, 4.5829, 172.891, 149.878, 8.76979, 43.7799, 2.9928, 21.8311
102, 5.76136, 4.47817, 75.2971, 37.5195, 5.89109, 4.90377, 63.3111, 68.2357, 3.83736, 160.259, 138.747, 7.43546, 40.1357, 4.18058, 18.9947
103, 5.45892, 4.54435, 73.5799, 30.5872, 5.48116, 4.86022, 67.8719, 59.4802, 2.43178, 153.282, 133.537, 5.80904, 40.3754, 6.89889, 20.5976
104, 5.163, 4.77991, 61.2122, 16.7092, 5.16458, 4.77859, 58.578, 48.1244, 4.28249, 127.275, 110.971, 5.00435, 34.1564, 7.73262, 16.689
105, 5.42005, 4.22897, 68.845, 35.1501, 5.47031, 4.71087, 63.9956, 68.2896, 2.28914, 145.616, 123.095, -6.67662, 32.2172, 8.3499, 23.4285
106, 5.92149, 4.13955, 81.6021, 43.626, 5.76232, 4.66575, 71.8283, 82.7846, 2.36561, 183.992, 158.203, 2.33274, 40.9343, 5.37228, 25.5217
107, 6.04016, 4.24422, 73.5859, 40.5654, 5.93035, 4.72078, 70.1712, 75.1938, 2.27454, 169.165, 150.424, 3.95852, 43.1449, 0.702445, 26.3238
108, 5.54759, 4.57472, 70.0578, 28.0859, 5.59457, 4.755, 66.2203, 56.7141, 1.92521, 145.979, 130.316, 6.63209, 39.1262, 4.78498, 22.3092
109, 5.40142, 4.63629, 65.1937, 22.6033, 5.40558, 4.81453, 60.4656, 51.9264, 3.28901, 127.875, 113.501, 3.0777, 32.9898, 10.1984, 17.2774
110, 6.17678, 4.17092, 78.4503, 38.6861, 5.80748, 4.76093, 69.3431, 77.0762, 3.49976, 167.869, 149.613, 2.73506, 39.6385, 6.11047, 23.594
111, 6.15951, 4.29964, 84.01, 40.9373, 6.02328, 4.80528, 69.5346, 81.5544, 2.50703, 181.186, 161.649, 9.29339, 45.57, 1.69112, 22.2736
112, 6.13865, 4.3683, 82.3438, 36.1331, 5.87946, 4.84698, 69.2328, 74.3957, 3.59867, 172.398, 153.314, 9.07378, 43.6455, 4.59978, 20.9875
113, 5.91783, 4.56884, 80.2439, 42.5272, 5.70477, 4.96835, 67.1197, 80.2698, 4.76432, 180.138, 161.096, 13.2193, 42.6594, 4.55699, 19.9033
114, 6.47959, 4.64639, 83.9647, 36.346, 5.90292, 4.95611, 70.1556, 79.9203, 3.57851, 179.672, 159.579, 9.34308, 44.6773, 4.56117, 20.917
115, 6.12445, 5.01299, 83.494, 34.2572, 6.06365, 5.12633, 68.2956, 72.6201, 5.50782, 173.817, 154.802, 12.8154, 43.2299, 4.69435, 20.3713
116, 6.43096, 5.03465, 94.5051, 37.4341, 6.22463, 5.11413, 75.863, 88.0984, 5.11824, 196.795, 174.853, 10.7656, 48.4698, 3.36138, 24.0318
117, 6.45489, 4.71842, 75.8159, 37.3033, 6.08047, 5.05182, 65.4614, 76.8713, 2.96444, 162.884, 144.588, 3.50207, 42.6102, 1.99174, 20.8595
118, 6.42838, 4.90985, 80.5665, 37.4904, 5.95622, 5.02628, 68.6443, 72.3718, 3.34363, 167.997, 149.284, 7.98733, 41.9578, 6.88829, 19.7982
119, 6.06717, 4.99129, 79.0122, 31.9374, 5.57438, 4.91557, 66.3692, 65.5383, 3.14653, 156.561, 138.062, 5.91508, 41.2148, 6.11959, 19.0348
120, 6.74782, 5.22885, 93.0522, 36.0509, 5.78315, 4.95664, 70.5898, 78.2149, 3.85216, 180.449, 159.312, 9.68191, 44.3439, 6.02967, 20.2161
121, 6.47732, 5.26534, 81.06, 32.1852, 5.77654, 4.98905, 68.4451, 73.6367, 4.91256, 168.065, 147.803, 6.3367, 42.6048, 5.27964, 20.5606
122, 6.86243, 5.1588, 85.908, 37.7118, 5.89022, 4.97426, 67.8735, 73.703, 4.92337, 176.826, 152.802, 10.3297, 45.0844, 3.89452, 18.8946
123, 6.85457, 5.56544, 81.9624, 34.5212, 5.84085, 4.98802, 65.7556, 71.9691, 4.85221, 172.489, 148.531, 10.5717, 44.4933, 1.51929, 19.743
124, 5.67021, 4.96948, 82.5925, 37.0433, 5.68651, 4.92106, 68.973, 76.2484, 2.75827, 170.324, 145.716, 2.72745, 39.0031, 10.3543, 19.6156
125, 6.40043, 4.93825, 95.8399, 44.6163, 6.13702, 4.96937, 73.3667, 94.856, 4.07075, 205.797, 176.936, 7.81937, 45.1592, 6.83154, 21.3759
126, 6.7376, 4.83588, 96.7703, 52.3209, 6.20504, 4.98027, 74.0233, 102.555, 4.0455, 212.181, 182.67, 6.09592, 49.3986, 0.852131, 23.7726
127, 6.89627, 4.88078, 96.5264, 51.6028, 6.12849, 4.91277, 74.7953, 91.4881, 2.98631, 202.551, 176.096, 8.61176, 50.687, 1.43659, 22.6718
128, 6.79106, 5.39789, 91.8187, 42.8477, 6.13363, 5.00871, 75.1802, 85.7937, 5.14656, 198.79, 175.996, 13.3463, 51.1843, 1.24565, 22.7503
129, 6.91339, 5.45726, 91.5083, 40.178, 6.05419, 5.06285, 75.8697, 83.5809, 4.73906, 188.088, 166.596, 7.77553, 48.6108, 2.18907, 25.0698
130, 6.86641, 5.4561, 92.8661, 38.6093, 5.96015, 5.04418, 72.9407, 80.8218, 4.72003, 184.961, 165.259, 10.8798, 48.5434, 3.57521, 20.8221
131, 7.27598, 5.6408, 94.3189, 41.5381, 6.04288, 5.08361, 74.3267, 87.2287, 5.53453, 197.912, 176.136, 14.1172, 49.5753, 4.7454, 20.006
132, 7.18603, 5.568, 87.9186, 39.1439, 5.88541, 5.06867, 66.9981, 81.7619, 4.51458, 174.958, 156.126, 8.14897, 45.368, 3.07578, 18.5544
133, 7.37516, 5.48591, 99.941, 44.4644, 6.18252, 5.1266, 73.4532, 85.6477, 4.27305, 191.404, 169.4, 10.2137, 46.9901, 7.27596, 19.1872
134, 7.27189, 5.42111, 96.365, 42.4767, 6.28198, 5.15081, 73.3235, 85.5676, 4.46779, 189.001, 165.762, 7.53557, 46.5028, 7.97262, 18.8481
135, 7.0155, 5.347, 89.0025, 40.4168, 6.14929, 5.07883, 69.7889, 85.6618, 2.82519, 178.753, 156.92, 2.29067, 45.0754, 5.11234, 19.6012
136, 6.9144, 5.64396, 87.0561, 38.2841, 6.0146, 5.03863, 70.7012, 85.0812, 2.64252, 183.582, 162.083, 5.98694, 45.6598, 4.53685, 20.5046
137, 6.51487, 5.59889, 88.7929, 40.2002, 6.01554, 5.11063, 71.0858, 84.6913, 4.25977, 187.709, 165.914, 9.7166, 43.8025, 9.23742, 18.0458
138, 6.8905, 5.45692, 86.8822, 38.2039, 6.23004, 5.15254, 73.8008, 81.3293, 3.08094, 184.385, 162.504, 7.29878, 44.0045, 12.4357, 17.3607
139, 7.25217, 5.72938, 100.79, 46.8286, 6.13203, 5.15133, 73.4419, 99.7643, 4.59218, 213.437, 188.332, 13.5672, 51.5683, 2.34274, 19.5309
140, 6.66281, 5.80251, 87.5333, 34.9699, 5.76416, 5.11875, 67.0265, 78.4241, 4.14187, 174.458, 153.022, 7.85255, 44.3482, 4.95341, 17.7249
141, 6.83101, 5.70919, 87.7897, 37.4497, 6.00718, 5.1955, 69.5832, 82.3133, 4.89359, 184.669, 162.199, 10.1559, 43.4504, 8.09239, 18.0404
142, 7.37251, 5.79368, 96.2034, 49.1592, 5.94499, 5.18375, 69.7213, 94.613, 5.28652, 199.898, 176.862, 12.1711, 46.8977, 4.17546, 18.6481
143, 7.36853, 5.94717, 106.242, 43.3867, 5.91549, 5.16864, 78.0858, 88.0163, 5.21357, 203.083, 179.469, 12.6602, 47.3605, 11.8506, 18.8748
144, 7.62514, 6.16022, 99.4967, 44.6815, 5.96184, 5.2142, 76.7224, 87.8165, 4.91098, 201.826, 177.397, 12.4488, 48.9079, 7.78324, 20.0313
145, 7.2705, 6.01204, 95.7747, 41.7926, 5.90871, 5.16262, 76.288, 87.4707, 4.55, 195.245, 171.908, 8.4877, 48.7581, 7.25036, 20.2795
146, 6.79746, 6.16802, 88.0219, 32.5191, 5.62799, 5.09221, 70.4483, 77.7964, 3.87111, 174.75, 153.062, 5.51358, 43.9036, 7.15602, 19.3887
147, 7.19799, 6.08716, 91.2593, 41.6185, 5.98006, 5.16692, 70.7366, 88.7613, 5.76897, 195.779, 171.779, 11.6715, 46.5559, 6.88637, 17.2944
148, 7.45937, 5.98558, 93.1431, 39.9366, 6.00345, 5.20502, 72.9025, 79.0222, 5.08513, 184.216, 161.795, 9.77791, 43.8383, 11.301, 17.7632
149, 7.36622, 6.21075, 96.1641, 40.2417, 5.92777, 5.22524, 72.3401, 84.688, 5.17667, 191.158, 168.186, 10.9266, 45.0698, 9.30417, 17.9662
150, 7.63459, 6.04919, 95.5822, 41.579, 5.95699, 5.22056, 71.4506, 86.8413, 5.0173, 194.585, 170.938, 12.003, 47.8859, 6.03151, 17.5332
151, 7.44954, 6.3461, 94.2162, 45.0726, 5.84917, 5.18886, 72.9863, 90.2951, 5.21864, 199.004, 174.448, 11.2959, 48.2674, 5.92215, 18.7967
152, 7.36466, 6.27027, 90.7078, 37.6978, 5.83773, 5.19205, 69.5547, 83.3269, 4.97713, 185.046, 161.594, 8.78995, 45.5531, 6.09545, 17.9062
153, 7.13297, 6.0446, 93.4065, 41.3426, 5.77914, 5.17962, 72.617, 84.6582, 4.76675, 187.783, 163.844, 7.05504, 45.481, 8.13608, 19
154, 7.21723, 6.33681, 91.1382, 44.1645, 5.75212, 5.16736, 68.6817, 89.2871, 4.86039, 192.811, 168.928, 10.1888, 45.4709, 5.18097, 18.0299
155, 7.00808, 6.26125, 92.5009, 40.7939, 5.84312, 5.20261, 71.4968, 86.6663, 4.84071, 191.636, 167.724, 9.6724, 44.8109, 8.68988, 17.996
156, 6.61098, 6.13748, 86.2372, 32.4539, 5.79942, 5.19097, 69.7659, 75.4761, 4.05771, 169.262, 148.186, 4.25993, 40.6765, 11.6917, 17.3977
157, 5.62334, 5.80672, 74.5702, 27.2514, 5.4382, 5.07437, 59.7928, 57.5769, 3.86992, 134.695, 116.487, 0.183405, 31.9436, 13.7968, 14.0523
158, 6.5987, 5.88616, 99.1234, 36.2915, 5.75098, 5.17162, 72.3203, 80.1494, 4.75044, 184.674, 163.122, 9.74982, 40.1256, 14.5797, 17.615
159, 7.35418, 6.1404, 102.438, 36.2604, 5.90821, 5.18787, 76.0275, 89.7251, 4.68027, 203.467, 178.481, 11.7313, 47.6777, 8.39874, 19.951
160, 6.57597, 6.03818, 81.224, 29.378, 5.52533, 5.1078, 68.2952, 69.9244, 3.31177, 159.791, 138.759, 1.97439, 39.3805, 9.53287, 19.3819
161, 7.09294, 6.4569, 94.576, 35.9508, 5.67926, 5.17524, 71.6005, 78.346, 5.07727, 185.97, 162.594, 11.1152, 41.9078, 10.4885, 19.2041
162, 7.53449, 6.43859, 91.1417, 38.9172, 5.90684, 5.23789, 70.3794, 82.4737, 5.13901, 186.927, 162.915, 9.84104, 42.1771, 8.60562, 19.5966
163, 7.64122, 6.58533, 101.48, 39.6608, 5.83811, 5.24201, 76.5647, 90.3775, 5.74584, 207.445, 182.03, 13.911, 46.2351, 9.28585, 21.0438
164, 7.84057, 6.66526, 103.355, 39.5596, 5.76586, 5.22409, 72.5457, 92.8957, 5.37821, 202.106, 176.606, 11.0361, 48.0261, 4.6852, 19.8344
165, 7.31744, 6.46182, 104.127, 44.0855, 5.65382, 5.17728, 72.3768, 97.9514, 4.90676, 205.749, 180.113, 10.2623, 48.6202, 3.90274, 19.8538
166, 7.73571, 6.53502, 105.536, 43.0897, 5.81337, 5.15538, 72.4568, 95.0605, 4.89519, 202.285, 176.582, 8.90425, 47.4497, 5.35769, 19.6493
167, 7.68006, 6.46096, 99.3214, 41.7839, 5.79546, 5.18446, 74.8014, 94.3432, 4.0157, 199.587, 174.627, 6.52946, 45.7585, 9.58347, 19.4594
168, 7.80129, 6.56945, 104.939, 46.1344, 5.83268, 5.21088, 75.6848, 101.197, 4.11926, 217.077, 189.547, 11.748, 48.2197, 7.59363, 19.8715
169, 7.86799, 6.82916, 104.347, 39.9468, 5.85979, 5.33553, 73.6743, 99.6784, 4.55411, 213.403, 185.6, 11.6729, 49.3197, 5.10903, 19.2456
170, 7.64321, 6.72669, 101.478, 40.2839, 5.77368, 5.32803, 76.1064, 98.7778, 5.10963, 212.38, 185.456, 10.5898, 48.1604, 9.06053, 18.8856
171, 7.52362, 6.73247, 94.6984, 37.1809, 5.66701, 5.28701, 69.0788, 94.4538, 4.8308, 198.853, 172.833, 9.28517, 48.099, 2.67913, 18.3007
172, 7.80826, 6.7167, 98.2067, 40.0268, 5.67521, 5.27247, 73.2373, 95.463, 5.28126, 205.918, 179.503, 10.4356, 48.6455, 6.01628, 18.5755
173, 7.46525, 6.88591, 97.1143, 37.1134, 5.64276, 5.26597, 72.6397, 91.3362, 5.2797, 198.683, 173.331, 9.39277, 48.3325, 5.37588, 18.9313
174, 7.4743, 6.6418, 92.4676, 37.553, 5.70037, 5.22972, 71.8783, 95.2827, 4.38786, 197.29, 171.504, 5.41368, 45.3722, 7.35607, 19.15
175, 7.20043, 6.65618, 87.3721, 35.8577, 5.56009, 5.17907, 68.0907, 81.8387, 2.99306, 178.21, 154.702, 5.15978, 41.8288, 9.46021, 16.8017
176, 7.21652, 6.64594, 93.2628, 38.173, 5.4051, 5.19483, 71.7638, 87.0461, 4.40494, 194.456, 169.731, 9.89155, 43.9595, 9.17997, 18.6243
177, 7.93886, 6.72474, 95.9228, 39.6872, 5.69114, 5.19567, 71.4493, 94.6673, 4.41883, 201.31, 175.082, 8.96841, 47.2834, 5.10872, 19.0571
178, 7.72779, 6.64768, 92.8649, 38.4646, 5.79784, 5.19882, 72.2032, 91.3283, 3.36903, 195.802, 170.169, 7.01516, 45.7787, 8.49818, 17.9263
179, 7.34802, 6.68026, 83.5717, 35.4633, 5.5893, 5.17558, 68.5609, 87.9786, 2.94413, 183.154, 159.64, 3.73246, 43.8414, 6.34879, 18.3707
180, 7.30175, 6.51109, 89.0789, 41.6562, 5.95277, 5.22749, 70.7831, 92.269, 3.41178, 195.676, 169.646, 6.52379, 41.9545, 12.1488, 16.6799
181, 7.23758, 6.42674, 83.0555, 33.0377, 5.8615, 5.24783, 68.1252, 77.7365, 3.74298, 168.516, 147.492, 2.73875, 38.1484, 14.465, 15.5118
182, 7.31568, 6.57568, 90.7993, 39.3309, 5.58462, 5.14436, 67.447, 91.1086, 4.22944, 194.175, 168.664, 8.47351, 42.0637, 9.21732, 16.166
183, 7.88109, 6.85369, 92.024, 35.5908, 5.84422, 5.29304, 76.288, 84.1385, 3.76821, 193.091, 168.356, 7.88647, 43.5689, 14.0553, 18.6639
184, 7.30364, 6.91032, 93.6434, 36.9241, 5.51319, 5.22663, 70.8129, 92.1661, 4.20545, 196.87, 171.683, 8.65873, 45.8295, 6.89666, 18.0868
185, 7.132, 6.42854, 91.5973, 33.9765, 5.66114, 5.22088, 70.0012, 84.2568, 2.28993, 180.39, 153.454, 0.689186, 42.3046, 10.1131, 17.5835
186, 7.3286, 6.53971, 85.6925, 35.0503, 5.75722, 5.19664, 65.4975, 85.2543, 2.91388, 182.821, 156.006, 4.94033, 41.1502, 8.04473, 16.3026
187, 6.93065, 6.41869, 83.538, 34.0636, 5.71294, 5.21129, 65.4979, 78.6752, 2.81298, 171.057, 147.776, 3.67092, 39.1359, 10.9327, 15.4293
188, 7.46242, 6.74705, 92.7467, 40.8424, 5.73558, 5.20546, 68.7047, 89.8928, 4.21163, 198.109, 171.567, 11.4158, 45.0018, 7.5007, 16.2022
189, 7.44187, 6.62909, 91.4644, 39.7116, 5.65969, 5.20516, 71.0445, 92.9221, 3.72736, 196.7, 171.101, 7.63503, 44.4487, 9.0965, 17.4993
190, 7.72643, 6.58116, 94.6952, 42.9148, 5.80329, 5.21611, 71.1421, 95.1365, 3.31865, 200.507, 173.844, 7.57184, 43.1381, 10.6761, 17.328
191, 7.44768, 6.41769, 94.9495, 37.8969, 5.68068, 5.22789, 65.8055, 95.0877, 3.19813, 190.687, 164.608, 4.50615, 42.1224, 7.12507, 16.558
192, 7.56292, 6.61256, 98.2089, 42.8775, 5.86027, 5.21721, 69.8374, 94.3892, 3.75991, 202.474, 174.486, 9.26148, 44.695, 9.12779, 16.0146
193, 7.50493, 6.79186, 96.8845, 40.8839, 5.6604, 5.19625, 66.3627, 95.049, 3.6435, 199.01, 170.065, 8.48322, 45.9773, 4.15877, 16.2266
194, 7.77904, 6.87598, 94.2108, 43.146, 5.77862, 5.20735, 72.572, 92.7902, 4.38837, 200.194, 173.461, 7.64315, 44.9032, 10.8923, 16.7765
195, 7.42779, 6.8198, 92.8697, 41.8662, 5.59806, 5.20385, 67.1836, 96.4798, 4.61542, 198.191, 171.609, 8.17184, 44.6351, 5.46911, 17.0794
196, 6.84799, 6.41821, 83.7869, 34.3087, 5.3387, 5.12405, 68.8061, 84.6637, 2.61626, 174.479, 150.876, -0.495357, 37.6372, 14.7654, 16.4035
197, 6.85341, 6.63138, 86.6142, 31.2984, 5.6095, 5.20045, 68.1923, 80.9387, 1.2061, 176.059, 151.579, 2.16443, 37.0469, 15.0267, 16.1187
198, 7.12038, 6.4671, 95.519, 34.0642, 5.66464, 5.27922, 72.1214, 86.2963, 1.26244, 188.839, 163.421, 4.72738, 40.7664, 12.7038, 18.6511
199, 7.92202, 6.88321, 104.388, 40.8346, 5.78406, 5.32057, 72.2348, 93.246, 3.81346, 207.564, 178.146, 10.9872, 46.9234, 6.8861, 18.4254
200, 6.94769, 6.79643, 85.0426, 30.9126, 5.48422, 5.2786, 64.8419, 84.5824, 2.87895, 171.124, 151.031, 3.06562, 41.7338, 5.97753, 17.1305
201, 7.51688, 6.72718, 94.8176, 37.7983, 5.84891, 5.29023, 73.7862, 88.6582, 3.50445, 196.504, 170.513, 7.33375, 41.2784, 16.0336, 16.4741
202, 6.905, 6.70258, 84.1986, 31.3061, 5.50574, 5.24674, 68.4178, 80.3131, 3.51005, 174.789, 151.115, 3.00337, 40.2837, 10.8087, 17.3255
203, 7.40776, 6.70493, 96.248, 43.0994, 5.65827, 5.25095, 75.0629, 96.3511, 3.95907, 210.633, 181.635, 9.33979, 44.7965, 11.9855, 18.2809
204, 7.03468, 6.87992, 90.543, 39.1747, 5.51454, 5.27651, 71.5275, 91.2466, 3.03139, 188.695, 163.157, 1.51688, 40.249, 12.1177, 19.1608
205, 7.05868, 6.57018, 91.4476, 38.7373, 5.59951, 5.26306, 70.4688, 90.5632, 3.25438, 192.935, 166.441, 5.00891, 41.1103, 11.3534, 18.0051
206, 7.69822, 6.70749, 106.685, 38.294, 5.7744, 5.30397, 74.8895, 92.8209, 2.93108, 204.698, 177.866, 9.13221, 44.9294, 11.0233, 18.9368
207, 7.68327, 6.92799, 91.3387, 35.9346, 5.57049, 5.28353, 71.1113, 89.1734, 3.19464, 191.065, 165.47, 5.59087, 43.6365, 8.12203, 19.3529
208, 7.50114, 6.72023, 89.4555, 35.4505, 5.65751, 5.23893, 69.3858, 87.4265, 2.24403, 188.591, 161.223, 4.40949, 42.3086, 8.55871, 18.5184
209, 7.3376, 6.85237, 91.7998, 37.0362, 5.52231, 5.22748, 68.318, 88.8998, 3.56857, 189.595, 164.565, 7.16635, 43.1382, 7.07989, 18.0999
210, 7.21086, 6.78326, 92.8203, 35.356, 5.49255, 5.21654, 72.3174, 85.6801, 3.28571, 188.416, 162.696, 5.03161, 42.7181, 10.8734, 18.726
211, 7.45095, 6.90261, 96.561, 38.4557, 5.45346, 5.20064, 73.2359, 93.4574, 4.43801, 203.318, 176.867, 9.02029, 45.906, 7.79017, 19.5398
212, 6.65459, 6.79605, 81.4984, 30.8581, 5.29044, 5.14198, 64.9448, 79.9077, 2.64603, 164.875, 142.457, -0.568815, 40.0944, 6.94333, 17.907
213, 7.0528, 6.5855, 88.0123, 36.0093, 5.50718, 5.15855, 67.0162, 84.3858, 2.63202, 179.764, 153.883, 2.33904, 37.9875, 11.1785, 17.8502
214, 7.52816, 6.69188, 89.2941, 38.0609, 5.51394, 5.18103, 64.6594, 86.7644, 2.92994, 180.076, 156.581, 4.88603, 38.6775, 9.19296, 16.7889
215, 7.23398, 6.86585, 84.9624, 34.8135, 5.44125, 5.16772, 63.5011, 82.1775, 3.04231, 174.915, 150.413, 4.85818, 38.4915, 8.55197, 16.4576
216, 7.57852, 6.93685, 96.1288, 36.487, 5.48609, 5.19177, 70.3328, 86.4345, 3.12762, 190.022, 164.321, 7.11761, 41.1375, 11.8406, 17.3547
217, 6.93475, 6.86466, 85.8502, 38.1168, 5.38853, 5.20253, 66.3347, 85.6271, 2.62044, 180.276, 155.285, 3.64931, 39.5527, 8.72463, 18.0574
218, 7.31315, 6.97075, 95.1345, 38.3274, 5.52422, 5.22796, 68.8551, 90.6182, 2.99053, 196.915, 169.307, 8.95525, 41.3688, 10.2122, 17.2741
219, 7.57248, 7.0829, 92.2777, 36.7311, 5.39456, 5.24547, 69.7965, 87.3976, 2.48985, 198.554, 161.884, 5.14883, 39.9371, 12.457, 17.4024
220, 7.08689, 7.09443, 87.6416, 33.7849, 5.25421, 5.23666, 63.8377, 81.649, 1.44922, 178.745, 148.221, 3.09899, 37.9766, 8.98386, 16.8773
221, 7.78726, 7.08921, 99.0913, 38.1765, 5.43651, 5.2875, 69.302, 90.7064, 3.35607, 196.539, 169.211, 8.19415, 41.8806, 9.44358, 17.9778
222, 7.38063, 7.21717, 92.2065, 34.7804, 5.42691, 5.2816, 69.1556, 85.9789, 2.64374, 183.71, 158.451, 4.04866, 40.1586, 11.5679, 17.4291
223, 7.16724, 7.0383, 87.5135, 38.7462, 5.43954, 5.24635, 64.7559, 91.5759, 3.14997, 188.495, 162.221, 5.72481, 40.9095, 7.22854, 16.6178
224, 7.28852, 7.18591, 100.626, 42.1758, 5.35799, 5.26973, 74.5213, 91.1317, 3.83942, 200.934, 173.354, 7.43992, 41.7371, 15.3723, 17.4118
225, 7.58108, 7.12374, 93.1091, 38.0933, 5.45406, 5.26177, 69.5621, 91.6324, 2.72698, 195.568, 167.669, 6.02089, 43.9631, 6.7367, 18.8623
226, 6.89313, 6.92811, 87.6473, 33.7731, 5.21057, 5.21544, 64.4815, 83.6031, 2.14837, 178.505, 146.583, 0.218736, 38.8845, 9.01563, 16.5813
227, 7.22191, 6.61931, 86.8605, 38.2603, 5.44338, 5.16941, 68.503, 82.0266, 1.64112, 175.146, 150.299, -0.00310665, 38.5004, 12.8978, 17.1048
228, 7.19912, 6.88232, 95.85, 35.8249, 5.30448, 5.16229, 70.419, 81.687, 2.44133, 182.887, 157.345, 4.26628, 40.7096, 11.343, 18.3663
229, 6.65759, 6.75648, 79.9309, 33.1714, 4.98133, 5.08935, 60.3848, 77.44, 2.13702, 161.437, 138.291, 1.26952, 37.6271, 6.37828, 16.3794
230, 6.90349, 6.86545, 83.1202, 32.7838, 5.28657, 5.07171, 60.6652, 74.4402, 1.87038, 161.701, 137.909, 2.82056, 36.5955, 9.23752, 14.8321
231, 6.87186, 6.60606, 85.3259, 31.6406, 5.23785, 5.11567, 62.2814, 76.0926, 2.01586, 164.974, 139.26, 1.3461, 35.6434, 9.93586, 16.7022
232, 6.52083, 6.65969, 80.2156, 30.1734, 5.06793, 5.04786, 65.5028, 69.9305, 1.75262, 160.093, 137.168, 1.68719, 35.4917, 14.1174, 15.8937
233, 6.68403, 6.75812, 85.9533, 33.7934, 5.18657, 5.07394, 67.6926, 75.2876, 1.91785, 169.556, 145.644, 2.88887, 36.2198, 14.6792, 16.7936
234, 7.50596, 6.99328, 95.261, 37.7268, 5.21547, 5.06024, 62.9059, 82.6705, 2.29344, 181.213, 155.148, 7.76673, 40.7218, 5.36758, 16.8166
235, 7.30752, 6.81487, 90.1135, 36.797, 5.24571, 5.06191, 68.5214, 82.3003, 1.58153, 179.373, 153.037, 2.81194, 41.5616, 8.02293, 18.9369
236, 7.33712, 6.84171, 90.12, 39.5243, 5.06065, 5.01964, 64.3816, 87.2673, 2.61756, 182.319, 157.084, 5.16944, 41.7681, 4.65743, 17.9561
237, 7.54579, 6.78879, 90.6133, 38.8513, 5.33914, 5.02177, 68.8347, 90.3944, 2.25034, 188.337, 162.449, 3.32178, 44.6601, 4.88253, 19.292
238, 7.35576, 6.62457, 87.0658, 39.8708, 5.21841, 4.95516, 66.4149, 85.5883, 1.76503, 176.136, 151.131, -0.327438, 43.2877, 3.13341, 19.9938
239, 6.72196, 6.61932, 72.6232, 34.7311, 5.05067, 4.90781, 61.3451, 72.8608, 0.18563, 153.363, 131.523, -1.72878, 38.2501, 5.985, 17.11
240, 7.13537, 6.64587, 82.9925, 40.5506, 5.24023, 4.9341, 69.6024, 79.1136, 2.54844, 180.124, 156.179, 6.28291, 42.9198, 8.56243, 18.1201
241, 6.27388, 6.65158, 74.9751, 31.1458, 4.92805, 4.87046, 59.3955, 69.0377, 0.794911, 151.649, 123.786, -3.15178, 35.4033, 6.6291, 17.3631
242, 6.44417, 6.68316, 77.756, 30.4683, 4.94828, 4.91267, 58.1817, 66.1955, 1.5461, 150.549, 128.346, 3.4031, 34.9008, 8.46058, 14.8203
243, 7.10498, 6.53485, 76.9902, 34.8695, 5.20605, 4.95412, 60.1605, 70.2112, 1.68134, 154.813, 132.18, 1.9306, 34.5737, 10.5325, 15.0543
244, 6.85115, 6.63446, 78.2668, 33.6965, 5.05521, 4.99698, 60.2889, 75.1741, 2.11846, 167.415, 142.425, 5.77603, 37.1281, 7.17817, 15.9827
245, 6.95505, 6.37985, 84.4701, 36.0263, 5.0285, 5.01409, 66.0996, 76.1095, 1.54569, 169.339, 144.758, 2.71541, 38.2133, 10.093, 17.7934
246, 6.86809, 6.47784, 79.5936, 29.0159, 5.01224, 4.95691, 56.7964, 71.7707, 0.607332, 149.647, 127.027, -0.886482, 35.6313, 5.15889, 16.0062
247, 6.73773, 6.69687, 85.156, 27.0416, 4.84683, 4.96003, 58.9402, 64.094, 0.222209, 148.777, 126.293, 3.1821, 34.163, 9.43929, 15.3378
248, 7.11824, 6.75592, 93.5999, 33.068, 5.04949, 5.02872, 68.1553, 73.5526, 1.23583, 176.809, 147.665, 5.27047, 39.9598, 8.69844, 19.4971
249, 7.09766, 6.36701, 87.2626, 34.4295, 5.17357, 4.95489, 65.805, 84.6693, 0.0563268, 170.564, 146.436, -2.24934, 39.8949, 6.14931, 19.7608
250, 7.24672, 6.44551, 86.8073, 36.8686, 5.13259, 4.8732, 61.7543, 86.9559, -0.289001, 172.68, 147.985, -0.725586, 40.9302, 1.64579, 19.1783
251, 6.81372, 6.35554, 84.3946, 27.0874, 4.83785, 4.82893, 59.4435, 69.4737, -0.675159, 158.517, 127.624, -1.35948, 36.2101, 5.38597, 17.8473
252, 6.95838, 6.62496, 92.4263, 32.8186, 5.0489, 4.90408, 67.0803, 81.2179, 1.18486, 180.937, 155.124, 5.64865, 43.0342, 4.56723, 19.4789
253, 6.57399, 6.40689, 82.8354, 24.8552, 4.84834, 4.88008, 64.0125, 69.4838, 0.750105, 153.621, 130.871, -1.37869, 38.4735, 7.28562, 18.2533
254, 6.51542, 6.30159, 78.3211, 24.1109, 4.79048, 4.85476, 61.3903, 68.0522, 0.155674, 150.371, 128.017, -1.27163, 36.8397, 6.76533, 17.7853
255, 6.66694, 6.12334, 80.8136, 26.3713, 4.84638, 4.8652, 61.0489, 66.2972, 1.14333, 150.497, 128.802, 1.15181, 37.2088, 6.60007, 17.24
256, 6.89849, 6.28041, 82.9457, 29.615, 4.95887, 4.86454, 63.7086, 74.7114, 0.967658, 164.327, 140.088, 1.73801, 39.3351, 6.50932, 17.8642
257, 6.92746, 6.31825, 80.0124, 31.1076, 4.93234, 4.86382, 60.8602, 72.0687, 1.20745, 157.244, 134.616, 1.43926, 38.8836, 4.07598, 17.9006
258, 6.82438, 6.24233, 76.4125, 28.6709, 4.88725, 4.87009, 60.2023, 66.7306, 1.08488, 148.506, 127.286, 0.670516, 35.8462, 7.86329, 16.4928
259, 5.85842, 6.30106, 66.984, 23.9562, 4.42394, 4.85971, 55.6417, 57.961, 0.193513, 132.862, 112.033, -1.18872, 32.2766, 8.33022, 15.0349
260, 6.4095, 6.29658, 73.2162, 29.0769, 4.79092, 4.87779, 56.9159, 60.9749, 0.321315, 139.694, 118.627, 0.440529, 32.8464, 6.96894, 17.1006
261, 6.60641, 6.19683, 69.3155, 27.7855, 4.78126, 4.86681, 57.4592, 64.9602, 0.177169, 142.249, 121.467, -0.735235, 34.6555, 4.07166, 18.732
262, 6.57779, 6.06456, 75.1183, 30.7291, 4.84999, 4.85086, 62.253, 69.8084, 0.33752, 151.952, 130.007, -1.83084, 36.6917, 5.20553, 20.3557
263, 6.84204, 6.04946, 76.89, 32.5736, 4.76731, 4.77737, 60.8512, 71.832, -0.164622, 155.203, 132.352, -0.793659, 37.7976, 1.51567, 21.5379
264, 6.51327, 6.06465, 78.08, 28.6005, 4.69677, 4.76494, 54.9016, 62.8019, -0.16846, 138.041, 116.811, -0.622555, 35.3968, 1.95335, 17.5515
265, 6.4787, 6.0287, 76.172, 33.5093, 4.75446, 4.75996, 59.7057, 68.7352, -0.441862, 151.515, 127.983, -0.0644307, 35.0041, 7.95801, 16.7436
266, 6.15214, 5.93863, 74.5395, 31.8353, 4.68484, 4.72196, 54.9678, 66.2966, -0.34455, 145.615, 122.278, 0.756004, 35.807, 4.58251, 14.5783
267, 5.94237, 6.05226, 64.0327, 30.3535, 4.61953, 4.68498, 53.4068, 63.9833, -0.570569, 137.925, 115.371, -1.40072, 34.3035, 4.58411, 14.5192
268, 5.98136, 6.05109, 64.7413, 26.1969, 4.43987, 4.63511, 51.8474, 55.9264, -0.327733, 129.794, 108.24, 0.3227, 32.8667, 5.08585, 13.8948
269, 6.26845, 6.02989, 68.2045, 35.2857, 4.60673, 4.65929, 56.8771, 64.9799, 0.534377, 149.222, 125.29, 2.65886, 35.3082, 4.91533, 16.6536
270, 5.29391, 5.55323, 59.6238, 20.9163, 4.37369, 4.65004, 50.6114, 51.1987, -0.699241, 115.202, 95.2824, -5.35092, 28.487, 5.97806, 16.1463
271, 5.83236, 5.90576, 62.1124, 23.112, 4.47472, 4.61868, 51.185, 53.6192, -1.44649, 125.141, 104.453, -0.724963, 31.6399, 3.16645, 16.3787
272, 5.6302, 5.82565, 66.355, 30.3261, 4.48342, 4.60185, 56.8655, 62.2305, -1.31239, 134.115, 112.991, -4.92831, 32.9392, 5.91668, 18.0097
273, 5.90764, 5.33792, 65.8863, 32.8754, 4.69073, 4.52354, 52.9152, 65.0079, -2.42002, 131.652, 110.406, -6.90579, 33.0647, 2.77967, 17.0709
274, 5.80265, 5.13727, 66.0742, 29.0444, 4.69358, 4.47707, 55.6964, 64.7229, -3.28151, 133.113, 112.822, -6.66023, 34.3397, 4.86057, 16.4961
275, 5.72734, 5.16777, 65.6311, 27.6252, 4.67231, 4.4136, 54.7728, 61.8857, -3.23706, 129.629, 108.761, -7.78037, 34.0495, 2.73336, 17.9899
276, 5.57388, 5.37006, 57.4351, 28.9816, 4.59205, 4.37669, 52.2886, 58.9491, -2.95889, 125.284, 105.635, -5.72245, 33.6427, 1.7816, 16.8642
277, 5.50817, 5.06383, 57.2262, 28.3054, 4.49072, 4.34318, 48.4437, 60.3032, -2.89753, 124.148, 100.932, -7.27208, 32.2212, 1.40311, 14.8194
278, 5.39372, 4.99442, 59.6324, 30.5986, 4.57432, 4.3368, 49.4804, 62.3531, -2.39159, 127.928, 108.207, -3.88731, 33.0849, 2.297, 14.0986
279, 5.74953, 5.04328, 58.7873, 34.4009, 4.70138, 4.39031, 47.4386, 62.677, -1.8007, 129.927, 109.896, -0.718734, 32.1947, 3.582, 11.6619
280, 5.74264, 5.49012, 60.5154, 33.3879, 4.7088, 4.50454, 47.5364, 60.7649, -0.271984, 138.076, 116.107, 6.02576, 34.1569, 2.2542, 11.1253
281, 5.5662, 5.70011, 60.0023, 31.4854, 4.57343, 4.55907, 47.9759, 58.188, -0.302749, 127.848, 109.242, 2.98532, 32.9148, 3.51938, 11.5417
282, 5.30729, 5.42705, 53.905, 27.237, 4.4249, 4.52155, 45.1318, 52.6665, -0.94033, 111.351, 94.8801, -1.71064, 29.4697, 4.74657, 10.9155
283, 4.89973, 5.41401, 52.8511, 27.9605, 4.35278, 4.51097, 47.6348, 53.4113, -1.32265, 119.952, 102.274, 0.744128, 31.0629, 5.50404, 11.0678
284, 4.99535, 5.13689, 53.7695, 25.3705, 4.48407, 4.50595, 47.6345, 56.4382, -1.50989, 115.689, 99.718, -3.22224, 29.3246, 7.05564, 11.2543
285, 4.99264, 5.13238, 53.7386, 24.5092, 4.56535, 4.49841, 46.2235, 52.523, -1.93249, 122.815, 98.3355, -0.916481, 30.0425, 5.35722, 10.8238
286, 5.14668, 5.26505, 57.5808, 27.084, 4.5789, 4.5036, 44.6141, 55.175, -1.65651, 123.754, 99.7388, -0.343891, 31.7764, 2.01202, 10.8257
287, 4.97042, 4.93562, 54.7156, 32.7068, 4.48913, 4.50982, 47.2959, 56.32, -1.75437, 122.094, 99.715, -3.09651, 30.9199, 4.88476, 11.4912
288, 4.64778, 5.00037, 52.6182, 22.9663, 4.38, 4.41276, 43.6517, 49.6042, -2.38585, 105.281, 87.2256, -5.60268, 29.45, 3.09603, 11.1057
289, 4.89906, 4.83971, 59.6774, 26.824, 4.54953, 4.44419, 50.8709, 59.1543, -3.13255, 122.91, 102.51, -6.2844, 32.6528, 4.8733, 13.3449
290, 4.80817, 4.0969, 56.5879, 27.0141, 4.3847, 4.19773, 48.0109, 65.3568, -6.54958, 118.353, 96.7522, -14.9099, 32.8307, 1.74206, 13.4381
291, 4.29526, 3.99586, 46.5218, 27.7988, 4.16774, 4.10116, 39.342, 56.4416, -6.09135, 101.071, 81.6134, -13.5274, 26.2026, 2.26962, 10.8698
292, 4.2013, 4.00143, 48.3918, 30.3355, 4.19733, 4.14657, 44.8353, 59.2771, -5.26503, 113.352, 95.0431, -8.9958, 27.736, 6.51817, 10.581
293, 4.76635, 4.03911, 53.3473, 32.0694, 4.53039, 4.11814, 44.8974, 68.852, -5.99155, 127.69, 106.835, -7.53834, 31.075, 2.40009, 11.4223
294, 4.62997, 4.23355, 49.858, 27.1509, 4.4977, 4.1837, 40.0799, 56.9499, -5.20419, 115.057, 92.1093, -5.50543, 30.0979, -0.191822, 10.1739
295, 4.66481, 4.23723, 52.0923, 29.2253, 4.4322, 4.20939, 42.1035, 51.5437, -4.39822, 113.13, 90.0733, -3.84641, 30.2836, 1.85243, 9.96752
296, 4.53724, 4.18985, 49.1936, 25.387, 4.40633, 4.19415, 41.7379, 50.6329, -3.93101, 105.448, 85.1731, -6.65728, 28.3582, 3.63665, 9.74308
297, 4.40603, 4.11828, 46.4145, 24.9132, 4.34692, 4.15354, 40.3232, 50.6878, -3.96629, 106.881, 83.4635, -7.24196, 28.1381, 2.29974, 9.88532
298, 4.54595, 4.08103, 48.1699, 26.588, 4.25516, 4.14909, 37.7138, 49.1347, -3.53555, 103.446, 81.076, -5.93585, 27.5223, 0.774237, 9.41718
299, 4.2647, 4.18869, 45.5771, 19.0177, 4.06432, 4.1793, 37.6789, 41.7315, -1.75508, 94.9861, 75.7536, -4.12699, 25.0973, 4.00583, 8.57577
300, 4.06272, 4.22263, 40.9284, 16.5174, 3.96296, 4.23424, 36.4101, 40.4039, -1.12973, 91.2016, 73.4075, -3.20417, 23.9135, 4.44457, 8.05207
301, 4.04092, 4.28142, 41.875, 16.51, 4.10627, 4.22131, 35.3891, 42.1998, -1.68265, 93.6765, 74.8914, -2.87398, 23.1779, 4.59679, 7.61435
302, 4.02295, 4.12029, 47.7517, 21.3371, 4.0627, 4.16562, 38.7105, 59.2118, -3.73949, 107.176, 87.3962, -8.59635, 23.7886, 5.67504, 9.24686
303, 4.02964, 3.79406, 47.2083, 24.4646, 4.11792, 4.00259, 39.929, 58.757, -5.83913, 106.687, 84.7783, -13.0688, 26.9931, 2.7047, 10.2312
304, 4.13324, 4.04426, 39.2037, 18.5881, 4.25724, 4.02539, 39.5678, 46.8035, -4.38121, 100.65, 80.2164, -7.00738, 26.8636, 3.11725, 9.58694
305, 4.03143, 3.4483, 43.3677, 25.9956, 3.86487, 3.933, 34.3996, 59.8446, -6.49397, 96.0093, 78.5172, -13.7401, 22.8793, 2.52202, 8.99829
306, 3.88311, 3.6938, 42.7982, 18.5901, 3.77768, 3.8792, 34.1832, 51.4813, -6.73436, 86.5719, 70.7281, -14.2799, 21.9484, 3.19948, 9.03528
307, 4.28396, 3.547, 49.8914, 22.5732, 4.13661, 3.87332, 38.587, 56.5749, -5.6341, 108.906, 87.8393, -8.4489, 25.6489, 3.3836, 9.55455
308, 4.51766, 3.72342, 43.961, 18.7073, 4.00091, 3.91813, 37.0473, 46.5682, -5.18587, 93.7971, 75.5098, -8.49504, 24.3025, 3.53718, 9.20764
309, 4.5255, 3.44852, 45.5451, 18.8159, 4.09427, 4.00838, 34.0852, 47.9186, -4.67214, 92.1275, 76.983, -5.02652, 24.9594, 0.433287, 8.69255
310, 4.54623, 3.58525, 43.0116, 20.7541, 4.04186, 4.02036, 34.3974, 47.0402, -5.0891, 90.0386, 77.3206, -4.43286, 23.297, 3.04101, 8.05941
311, 3.94102, 3.46953, 34.8573, 21.1113, 3.87487, 3.99289, 30.5592, 43.2081, -4.54158, 78.5432, 66.0217, -7.19743, 20.9266, 2.2632, 7.36933
312, 3.61743, 3.21926, 36.5657, 8.42391, 3.56049, 3.87283, 34.9901, 36.4728, -5.49177, 68.1195, 54.3693, -15.0889, 18.5875, 7.73305, 8.66959
313, 3.55165, 3.24778, 37.5955, 8.49058, 3.44123, 3.79677, 30.722, 33.3164, -5.23057, 65.0581, 52.3398, -11.6849, 18.9165, 4.2601, 7.54534
314, 3.71446, 3.34282, 41.6756, 17.619, 3.71993, 3.79792, 35.2882, 47.0429, -5.50938, 89.1503, 72.1529, -9.67912, 21.0911, 6.53128, 7.66585
315, 3.87981, 3.43804, 41.9722, 15.1486, 3.80555, 3.73803, 33.3106, 44.5051, -6.25365, 86.2485, 68.4793, -9.8446, 22.7056, 2.59951, 8.00545
316, 3.9049, 3.33033, 36.1942, 13.0364, 3.71571, 3.81166, 33.0746, 34.5918, -5.18673, 73.3727, 59.9813, -7.85818, 20.0103, 5.58872, 7.47563
317, 3.8712, 2.81527, 43.3876, 28.1833, 3.5375, 3.60227, 31.1122, 59.8278, -7.23113, 87.4252, 69.594, -18.2381, 20.7021, 1.70486, 8.70528
318, 3.73464, 2.69778, 36.6427, 21.3806, 3.41505, 3.39391, 29.2872, 53.217, -7.90267, 80.1512, 63.1998, -18.9994, 20.1437, 0.593564, 8.54994
319, 3.4057, 2.98246, 30.4149, 11.72, 3.29895, 3.39666, 30.0064, 36.933, -6.37245, 64.6403, 51.1748, -15.9841, 16.8505, 5.86181, 7.29413
320, 3.89702, 3.05528, 41.3083, 20.2639, 3.7378, 3.64014, 31.3588, 45.1446, -4.00353, 91.2623, 74.9193, -4.03204, 20.0384, 3.83698, 7.48338
321, 3.59422, 3.28833, 38.173, 17.2878, 3.69878, 3.73887, 30.8223, 42.8866, -5.15966, 79.8514, 66.4295, -6.89915, 20.3887, 2.82611, 7.60748
322, 3.55406, 3.16533, 38.9525, 18.4715, 3.75221, 3.65934, 31.8505, 51.1827, -6.81207, 88.5481, 72.2898, -10.2742, 21.093, 2.72839, 8.0291
323, 3.69215, 2.74962, 39.939, 16.4338, 3.76104, 3.58282, 31.9463, 50.6708, -6.66991, 83.0258, 66.9849, -14.3404, 20.5728, 3.02902, 8.34445
324, 3.69918, 2.90502, 38.5309, 13.2701, 3.69838, 3.54363, 30.9394, 41.72, -6.38752, 77.74, 62.4225, -10.8033, 20.1494, 2.77516, 8.01486
325, 3.56038, 3.24977, 37.8971, 14.0925, 3.81399, 3.65274, 30.5968, 39.6167, -4.91086, 87.4063, 66.794, -4.90274, 21.1729, 1.90764, 7.51625
326, 3.53856, 3.26506, 36.1913, 11.5979, 3.68094, 3.7458, 30.8006, 32.378, -3.45675, 77.1651, 58.5942, -4.69674, 18.826, 5.17022, 6.8044
327, 3.13083, 3.22452, 29.4722, 9.9996, 3.36865, 3.76043, 28.4738, 30.0928, -2.96681, 66.0537, 51.8451, -6.34466, 16.3575, 6.05146, 6.06477
328, 3.53654, 2.92205, 36.941, 18.527, 3.53352, 3.67446, 29.087, 46.492, -4.87152, 80.8622, 63.7854, -10.3425, 18.167, 3.9555, 6.96454
329, 3.33292, 2.86727, 29.2453, 8.02389, 3.35735, 3.51887, 27.2766, 34.8404, -6.33193, 64.4426, 49.511, -12.5919, 17.0124, 3.41091, 6.85333
330, 3.2536, 3.05263, 36.0726, 15.1699, 3.40807, 3.67038, 31.7132, 33.973, -4.1574, 75.8649, 61.6739, -4.60564, 17.86, 7.26263, 6.5906
331, 3.00416, 2.9656, 33.7074, 16.7921, 3.22293, 3.47606, 31.7163, 46.794, -7.22943, 74.653, 59.3278, -16.8086, 16.6915, 7.44945, 7.5753
332, 3.25075, 2.85258, 34.4394, 13.8352, 3.20406, 3.35453, 29.2756, 45.8277, -8.43702, 71.2699, 56.1419, -18.1023, 16.5224, 5.47397, 7.27927
333, 3.29429, 2.91998, 32.838, 10.8648, 3.38046, 3.43764, 26.0069, 36.4402, -7.00958, 71.1743, 56.8049, -7.98571, 16.8952, 2.6593, 6.45241
334, 3.29909, 3.25226, 33.9933, 8.33225, 3.5886, 3.68219, 27.1735, 31.9742, -2.99017, 73.1202, 60.0821, -0.884764, 18.6727, 2.4597, 6.04103
335, 3.35108, 2.99126, 39.21, 16.9951, 3.2301, 3.59794, 32.0374, 42.4329, -6.23659, 73.3829, 59.2967, -12.7033, 16.395, 8.56361, 7.07882
336, 3.05844, 2.88555, 37.6676, 12.6591, 3.21125, 3.61152, 26.0048, 36.463, -5.94683, 67.9774, 54.4883, -8.38259, 15.8351, 4.04971, 6.11993
337, 2.96755, 2.77945, 33.0817, 5.00305, 3.09221, 3.47329, 24.9378, 26.8438, -6.91696, 47.1608, 36.0833, -14.4878, 13.9416, 4.49648, 6.49974
338, 3.25205, 2.77905, 30.7335, 8.90912, 3.34208, 3.56805, 23.638, 31.5681, -5.18794, 63.2134, 51.4384, -5.57824, 15.6256, 1.83058, 6.1818
339, 3.34399, 2.94075, 37.4577, 8.75258, 3.30367, 3.61058, 28.9004, 38.2706, -4.59352, 71.081, 57.8236, -8.47375, 15.8637, 6.14665, 6.89014
340, 3.00825, 2.85944, 32.4433, 4.9755, 3.14252, 3.58715, 23.6701, 33.4473, -5.29064, 58.5283, 46.9629, -9.74206, 13.8519, 3.75385, 6.06435
341, 2.78879, 2.45931, 31.0141, 10.3274, 2.93636, 3.41932, 25.3503, 39.7761, -5.53845, 58.6587, 46.9343, -15.5935, 12.7908, 6.01523, 6.5443
342, 2.74238, 2.40634, 28.3567, 9.9292, 2.65551, 3.20722, 20.5078, 36.0916, -7.91493, 46.7708, 35.7413, -19.7449, 11.014, 3.06291, 6.43089
343, 2.91695, 2.95421, 30.4504, 13.9311, 3.03423, 3.35876, 25.2119, 32.9654, -5.40983, 65.5401, 52.9455, -7.39924, 12.9891, 6.95543, 5.2674
344, 2.92426, 2.66986, 32.1789, 13.7854, 2.96387, 3.26419, 24.0148, 42.2995, -7.21694, 60.9766, 48.7114, -16.0251, 14.0643, 2.94771, 7.00274
345, 2.72915, 2.32403, 32.7153, 8.90488, 2.94067, 3.10247, 24.2846, 38.0371, -9.01226, 66.6591, 44.0384, -17.7544, 14.3567, 2.93665, 6.99124
346, 2.42653, 2.53122, 32.0156, 4.2464, 2.89476, 3.14266, 29.3109, 33.0592, -7.34353, 58.5372, 47.2571, -14.6678, 13.4928, 9.23318, 6.58493
347, 2.71128, 2.57703, 29.1109, 10.1535, 2.79999, 3.20402, 23.6485, 29.6556, -5.94756, 54.9294, 44.5677, -10.1782, 11.2458, 6.93042, 5.47229
348, 2.84708, 2.71652, 30.0189, 10.9592, 2.87264, 3.435, 22.4012, 25.2942, -3.88629, 56.9751, 48.6076, -1.09095, 10.9239, 7.49158, 3.98565
349, 2.80399, 2.6683, 32.8, 5.97264, 3.12256, 3.37711, 25.8422, 30.259, -4.55253, 51.202, 44.3159, -10.1897, 12.5109, 6.79113, 6.54018
350, 3.15128, 2.67839, 34.6432, 11.9517, 3.1978, 3.3469, 27.161, 27.0099, -4.60751, 67.7553, 47.9288, -7.92977, 14.0759, 6.07302, 7.0121
351, 2.5709, 2.86206, 25.0881, 2.85843, 2.95897, 3.52932, 23.6003, 23.6662, -2.66408, 51.7923, 43.513, -3.92665, 12.771, 4.14666, 6.68263
352, 2.95324, 2.54818, 41.7686, 14.7054, 2.89532, 3.37469, 29.7119, 35.1631, -5.76722, 73.9248, 48.7938, -13.6012, 12.5047, 9.14994, 8.05723
353, 3.0758, 2.32517, 38.4585, 12.5299, 3.04155, 3.20327, 26.807, 37.6097, -7.89015, 65.011, 48.2549, -15.9196, 14.0098, 4.78202, 8.01519
354, 2.75139, 2.45872, 29.2475, 3.58927, 2.78044, 3.25164, 22.1973, 23.2037, -5.75611, 46.0302, 36.9872, -9.59921, 10.7437, 5.69483, 5.75878
355, 2.63627, 2.71728, 26.4506, 4.01137, 2.81574, 3.38438, 28.0649, 19.1712, -4.64472, 49.1665, 40.4862, -7.04161, 10.7012, 10.4738, 6.88988
356, 2.56435, 2.95745, 26.1721, 3.09832, 2.8921, 3.54119, 27.8031, 16.6783, -2.82656, 56.1413, 46.304, -0.417326, 12.3024, 8.42425, 7.07642
357, 2.48738, 2.94547, 28.3079, -2.24153, 2.6715, 3.49899, 24.4865, 20.4385, -4.15525, 43.3509, 35.1913, -8.33562, 11.0541, 6.13152, 7.30093
358, 2.60143, 2.95802, 30.389, 1.49317, 2.87302, 3.58598, 24.1271, 22.0708, -4.01957, 58.7168, 43.8972, -2.9779, 11.1963, 6.51994, 6.41084
359, 2.92569, 2.60604, 33.6362, 10.1895, 2.95442, 3.44394, 25.7548, 36.3857, -4.23914, 60.797, 48.7511, -11.534, 12.6758, 4.75953, 8.31946
360, 2.92019, 2.46142, 35.3008, 8.63643, 2.91736, 3.30704, 28.2648, 35.7913, -6.55416, 59.1166, 47.4014, -15.634, 13.041, 5.582, 9.64171
361, 2.87928, 2.62302, 33.8385, 12.1911, 2.99725, 3.37131, 23.8087, 33.444, -6.50484, 63.3706, 51.7848, -6.69038, 12.8958, 3.68431, 7.22861
362, 2.55625, 2.61138, 26.1819, 8.05739, 2.74834, 3.40757, 19.773, 24.4587, -7.12769, 45.613, 37.3649, -7.15339, 10.6958, 3.2461, 5.83109
363, 2.76031, 2.84232, 33.9621, 10.9723, 3.01534, 3.55322, 30.5615, 22.4731, -5.15867, 61.6552, 50.8445, -2.67346, 11.7732, 12.4618, 6.32652
364, 2.98799, 2.59335, 35.7921, 11.0532, 3.07168, 3.49544, 24.7245, 33.0085, -5.22518, 63.4981, 51.7493, -6.16897, 13.1667, 5.07, 6.48786
365, 2.4863, 2.60371, 28.1095, 3.11777, 2.87522, 3.50165, 22.0921, 20.8669, -1.88831, 44.6235, 36.1366, -6.47728, 11.3445, 5.00932, 5.73825
